#
# There is insufficient memory for the Java Runtime Environment to continue.
# Native memory allocation (malloc) failed to allocate 1832000 bytes for Chunk::new
# Possible reasons:
#   The system is out of physical RAM or swap space
#   In 32 bit mode, the process size limit was hit
# Possible solutions:
#   Reduce memory load on the system
#   Increase physical memory or swap space
#   Check if swap backing store is full
#   Use 64 bit Java on a 64 bit OS
#   Decrease Java heap size (-Xmx/-Xms)
#   Decrease number of Java threads
#   Decrease Java thread stack sizes (-Xss)
#   Set larger code cache with -XX:ReservedCodeCacheSize=
# This output file may be truncated or incomplete.
#
#  Out of Memory Error (allocation.cpp:390), pid=11076, tid=0x00000000000038cc
#
# JRE version: OpenJDK Runtime Environment (8.0_152-b01) (build 1.8.0_152-release-915-b01)
# Java VM: OpenJDK 64-Bit Server VM (25.152-b01 mixed mode windows-amd64 compressed oops)
# Failed to write core dump. Minidumps are not enabled by default on client versions of Windows
#

---------------  T H R E A D  ---------------

Current thread (0x0000000005e8e800):  JavaThread "C2 CompilerThread0" daemon [_thread_in_native, id=14540, stack(0x00000000574b0000,0x00000000575b0000)]

Stack: [0x00000000574b0000,0x00000000575b0000]
[error occurred during error reporting (printing stack bounds), id 0xc0000005]

Native frames: (J=compiled Java code, j=interpreted, Vv=VM code, C=native code)


Current CompileTask:
C2:  14154 6429   !   4       com.sun.beans.TypeResolver::resolve (274 bytes)


---------------  P R O C E S S  ---------------

Java Threads: ( => current thread )
  0x000000005b1f1800 JavaThread "Memory manager" [_thread_blocked, id=1108, stack(0x0000000061ed0000,0x0000000061fd0000)]
  0x000000005b1f1000 JavaThread "pool-1-thread-1" [_thread_blocked, id=17056, stack(0x0000000061610000,0x0000000061710000)]
  0x000000005b1f0000 JavaThread "Build operations Thread 4" [_thread_blocked, id=9232, stack(0x0000000061070000,0x0000000061170000)]
  0x000000005b1ef800 JavaThread "Build operations Thread 3" [_thread_blocked, id=14512, stack(0x0000000060a70000,0x0000000060b70000)]
  0x000000005b1ee800 JavaThread "Build operations Thread 2" [_thread_blocked, id=9384, stack(0x000000005b3e0000,0x000000005b4e0000)]
  0x000000005b1ee000 JavaThread "Build operations" [_thread_blocked, id=2736, stack(0x0000000060e10000,0x0000000060f10000)]
  0x000000005b1ed000 JavaThread "Cache worker for Artifact transforms cache (C:\Users\Administrator\.gradle\caches\transforms-1)" [_thread_blocked, id=7648, stack(0x000000005e200000,0x000000005e300000)]
  0x00000000590b2800 JavaThread "Cache worker for file hash cache (D:\IonicDemo\RNProject\android\.gradle\4.7\fileHashes)" [_thread_blocked, id=3236, stack(0x000000005cb00000,0x000000005cc00000)]
  0x00000000590b8800 JavaThread "File lock request listener" [_thread_in_native, id=7748, stack(0x000000005b940000,0x000000005ba40000)]
  0x00000000590b8000 JavaThread "Cache worker for file hash cache (C:\Users\Administrator\.gradle\caches\4.7\fileHashes)" [_thread_blocked, id=13724, stack(0x000000005b560000,0x000000005b660000)]
  0x0000000058cb0800 JavaThread "Stdin handler" [_thread_blocked, id=3060, stack(0x000000005a1c0000,0x000000005a2c0000)]
  0x0000000058cb0000 JavaThread "Asynchronous log dispatcher for DefaultDaemonConnection: socket connection from /127.0.0.1:53888 to /127.0.0.1:53889" [_thread_blocked, id=15356, stack(0x0000000059b40000,0x0000000059c40000)]
  0x0000000058cac800 JavaThread "Daemon worker" [_thread_in_native, id=9804, stack(0x000000005a0a0000,0x000000005a1a0000)]
  0x0000000058cac000 JavaThread "Cancel handler" [_thread_blocked, id=12256, stack(0x00000000598f0000,0x00000000599f0000)]
  0x0000000058c2b000 JavaThread "Handler for socket connection from /127.0.0.1:53888 to /127.0.0.1:53889" [_thread_in_native, id=8476, stack(0x0000000059ca0000,0x0000000059da0000)]
  0x0000000058c29000 JavaThread "Daemon" [_thread_blocked, id=4812, stack(0x0000000059a10000,0x0000000059b10000)]
  0x0000000058c09000 JavaThread "Daemon periodic checks" [_thread_blocked, id=7372, stack(0x00000000597d0000,0x00000000598d0000)]
  0x000000005901d800 JavaThread "Incoming local TCP Connector on port 53888" [_thread_in_native, id=13692, stack(0x0000000057970000,0x0000000057a70000)]
  0x000000000742e800 JavaThread "Service Thread" daemon [_thread_blocked, id=15468, stack(0x0000000057830000,0x0000000057930000)]
  0x00000000073b3800 JavaThread "C1 CompilerThread2" daemon [_thread_blocked, id=9824, stack(0x00000000570d0000,0x00000000571d0000)]
  0x00000000073b2800 JavaThread "C2 CompilerThread1" daemon [_thread_in_native, id=10436, stack(0x0000000057650000,0x0000000057750000)]
=>0x0000000005e8e800 JavaThread "C2 CompilerThread0" daemon [_thread_in_native, id=14540, stack(0x00000000574b0000,0x00000000575b0000)]
  0x0000000005e8a800 JavaThread "Attach Listener" daemon [_thread_blocked, id=16212, stack(0x0000000057320000,0x0000000057420000)]
  0x000000000739a800 JavaThread "Signal Dispatcher" daemon [_thread_blocked, id=4164, stack(0x0000000057210000,0x0000000057310000)]
  0x0000000005e68800 JavaThread "Finalizer" daemon [_thread_blocked, id=14652, stack(0x0000000007290000,0x0000000007390000)]
  0x0000000005e21800 JavaThread "Reference Handler" daemon [_thread_blocked, id=12720, stack(0x0000000007170000,0x0000000007270000)]
  0x0000000002318000 JavaThread "main" [_thread_blocked, id=10664, stack(0x0000000002560000,0x0000000002660000)]

Other Threads:
  0x0000000005e1a000 VMThread [stack: 0x0000000006fa0000,0x00000000070a0000] [id=15640]
  0x0000000007431000 WatcherThread [stack: 0x0000000057ae0000,0x0000000057be0000] [id=15672]

VM state:not at safepoint (normal execution)

VM Mutex/Monitor currently owned by a thread: None

Heap:
 PSYoungGen      total 227328K, used 197447K [0x00000000eab00000, 0x00000000fa280000, 0x0000000100000000)
  eden space 213504K, 86% used [0x00000000eab00000,0x00000000f5e55ef0,0x00000000f7b80000)
  from space 13824K, 99% used [0x00000000f8b80000,0x00000000f98fc048,0x00000000f9900000)
  to   space 16384K, 0% used [0x00000000f7b80000,0x00000000f7b80000,0x00000000f8b80000)
 ParOldGen       total 157184K, used 19517K [0x00000000c0000000, 0x00000000c9980000, 0x00000000eab00000)
  object space 157184K, 12% used [0x00000000c0000000,0x00000000c130f578,0x00000000c9980000)
 Metaspace       used 53793K, capacity 55920K, committed 56024K, reserved 1097728K
  class space    used 7287K, capacity 7853K, committed 7936K, reserved 1048576K

Card table byte_map: [0x0000000002a20000,0x0000000002c30000] byte_map_base: 0x0000000002420000

Marking Bits: (ParMarkBitMap*) 0x0000000007ff3950
 Begin Bits: [0x0000000003290000, 0x0000000004290000)
 End Bits:   [0x0000000004290000, 0x0000000005290000)

Polling page: 0x0000000001b60000

CodeCache: size=245760Kb used=21865Kb max_used=21865Kb free=223894Kb
 bounds [0x0000000008070000, 0x00000000095e0000, 0x0000000017070000]
 total_blobs=7131 nmethods=6361 adapters=682
 compilation: enabled

Compilation events (10 events):
Event: 14.141 Thread 0x00000000073b3800 6922       3       com.android.build.gradle.internal.scope.VariantScopeImpl$$Lambda$138/1194506236::get$Lambda (9 bytes)
Event: 14.142 Thread 0x00000000073b3800 nmethod 6922 0x00000000095d6b90 code [0x00000000095d6d00, 0x00000000095d6f50]
Event: 14.142 Thread 0x00000000073b3800 6923       3       com.android.build.gradle.internal.scope.VariantScopeImpl$$Lambda$138/1194506236::<init> (10 bytes)
Event: 14.142 Thread 0x00000000073b3800 nmethod 6923 0x00000000095d7050 code [0x00000000095d71a0, 0x00000000095d7370]
Event: 14.142 Thread 0x00000000073b3800 6926       1       com.android.build.gradle.internal.scope.OutputFactory$Main::getBaseName (5 bytes)
Event: 14.142 Thread 0x00000000073b3800 nmethod 6926 0x00000000095d7410 code [0x00000000095d7560, 0x00000000095d7670]
Event: 14.143 Thread 0x00000000073b3800 6928       3       org.gradle.internal.service.DefaultServiceRegistry::add (23 bytes)
Event: 14.143 Thread 0x00000000073b3800 nmethod 6928 0x00000000095d76d0 code [0x00000000095d78c0, 0x00000000095d81e8]
Event: 14.143 Thread 0x00000000073b3800 6929       3       org.gradle.internal.service.DefaultServiceRegistry$FixedInstanceService::<init> (12 bytes)
Event: 14.143 Thread 0x00000000073b3800 nmethod 6929 0x00000000095d8950 code [0x00000000095d8b20, 0x00000000095d92c8]

GC Heap History (10 events):
Event: 3.919 GC heap before
{Heap before GC invocations=4 (full 1):
 PSYoungGen      total 95744K, used 82432K [0x00000000eab00000, 0x00000000f6600000, 0x0000000100000000)
  eden space 82432K, 100% used [0x00000000eab00000,0x00000000efb80000,0x00000000efb80000)
  from space 13312K, 0% used [0x00000000f0880000,0x00000000f0880000,0x00000000f1580000)
  to   space 13312K, 0% used [0x00000000efb80000,0x00000000efb80000,0x00000000f0880000)
 ParOldGen       total 117248K, used 13156K [0x00000000c0000000, 0x00000000c7280000, 0x00000000eab00000)
  object space 117248K, 11% used [0x00000000c0000000,0x00000000c0cd92e8,0x00000000c7280000)
 Metaspace       used 26984K, capacity 27604K, committed 27776K, reserved 1073152K
  class space    used 3714K, capacity 3907K, committed 3968K, reserved 1048576K
Event: 3.927 GC heap after
Heap after GC invocations=4 (full 1):
 PSYoungGen      total 95744K, used 8916K [0x00000000eab00000, 0x00000000f4d00000, 0x0000000100000000)
  eden space 82432K, 0% used [0x00000000eab00000,0x00000000eab00000,0x00000000efb80000)
  from space 13312K, 66% used [0x00000000efb80000,0x00000000f0435330,0x00000000f0880000)
  to   space 13312K, 0% used [0x00000000f4000000,0x00000000f4000000,0x00000000f4d00000)
 ParOldGen       total 117248K, used 13164K [0x00000000c0000000, 0x00000000c7280000, 0x00000000eab00000)
  object space 117248K, 11% used [0x00000000c0000000,0x00000000c0cdb2e8,0x00000000c7280000)
 Metaspace       used 26984K, capacity 27604K, committed 27776K, reserved 1073152K
  class space    used 3714K, capacity 3907K, committed 3968K, reserved 1048576K
}
Event: 8.174 GC heap before
{Heap before GC invocations=5 (full 1):
 PSYoungGen      total 95744K, used 91348K [0x00000000eab00000, 0x00000000f4d00000, 0x0000000100000000)
  eden space 82432K, 100% used [0x00000000eab00000,0x00000000efb80000,0x00000000efb80000)
  from space 13312K, 66% used [0x00000000efb80000,0x00000000f0435330,0x00000000f0880000)
  to   space 13312K, 0% used [0x00000000f4000000,0x00000000f4000000,0x00000000f4d00000)
 ParOldGen       total 117248K, used 13164K [0x00000000c0000000, 0x00000000c7280000, 0x00000000eab00000)
  object space 117248K, 11% used [0x00000000c0000000,0x00000000c0cdb2e8,0x00000000c7280000)
 Metaspace       used 31346K, capacity 31930K, committed 32128K, reserved 1077248K
  class space    used 4270K, capacity 4452K, committed 4480K, reserved 1048576K
Event: 8.183 GC heap after
Heap after GC invocations=5 (full 1):
 PSYoungGen      total 143872K, used 9117K [0x00000000eab00000, 0x00000000f4900000, 0x0000000100000000)
  eden space 134656K, 0% used [0x00000000eab00000,0x00000000eab00000,0x00000000f2e80000)
  from space 9216K, 98% used [0x00000000f4000000,0x00000000f48e75c8,0x00000000f4900000)
  to   space 13312K, 0% used [0x00000000f2f00000,0x00000000f2f00000,0x00000000f3c00000)
 ParOldGen       total 117248K, used 13244K [0x00000000c0000000, 0x00000000c7280000, 0x00000000eab00000)
  object space 117248K, 11% used [0x00000000c0000000,0x00000000c0cef2f8,0x00000000c7280000)
 Metaspace       used 31346K, capacity 31930K, committed 32128K, reserved 1077248K
  class space    used 4270K, capacity 4452K, committed 4480K, reserved 1048576K
}
Event: 9.022 GC heap before
{Heap before GC invocations=6 (full 1):
 PSYoungGen      total 143872K, used 60876K [0x00000000eab00000, 0x00000000f4900000, 0x0000000100000000)
  eden space 134656K, 38% used [0x00000000eab00000,0x00000000edd8bb78,0x00000000f2e80000)
  from space 9216K, 98% used [0x00000000f4000000,0x00000000f48e75c8,0x00000000f4900000)
  to   space 13312K, 0% used [0x00000000f2f00000,0x00000000f2f00000,0x00000000f3c00000)
 ParOldGen       total 117248K, used 13244K [0x00000000c0000000, 0x00000000c7280000, 0x00000000eab00000)
  object space 117248K, 11% used [0x00000000c0000000,0x00000000c0cef2f8,0x00000000c7280000)
 Metaspace       used 34435K, capacity 35272K, committed 35416K, reserved 1079296K
  class space    used 4694K, capacity 4970K, committed 4992K, reserved 1048576K
Event: 9.033 GC heap after
Heap after GC invocations=6 (full 1):
 PSYoungGen      total 148480K, used 10870K [0x00000000eab00000, 0x00000000f9900000, 0x0000000100000000)
  eden space 135168K, 0% used [0x00000000eab00000,0x00000000eab00000,0x00000000f2f00000)
  from space 13312K, 81% used [0x00000000f2f00000,0x00000000f399db28,0x00000000f3c00000)
  to   space 13824K, 0% used [0x00000000f8b80000,0x00000000f8b80000,0x00000000f9900000)
 ParOldGen       total 117248K, used 13252K [0x00000000c0000000, 0x00000000c7280000, 0x00000000eab00000)
  object space 117248K, 11% used [0x00000000c0000000,0x00000000c0cf12f8,0x00000000c7280000)
 Metaspace       used 34435K, capacity 35272K, committed 35416K, reserved 1079296K
  class space    used 4694K, capacity 4970K, committed 4992K, reserved 1048576K
}
Event: 9.033 GC heap before
{Heap before GC invocations=7 (full 2):
 PSYoungGen      total 148480K, used 10870K [0x00000000eab00000, 0x00000000f9900000, 0x0000000100000000)
  eden space 135168K, 0% used [0x00000000eab00000,0x00000000eab00000,0x00000000f2f00000)
  from space 13312K, 81% used [0x00000000f2f00000,0x00000000f399db28,0x00000000f3c00000)
  to   space 13824K, 0% used [0x00000000f8b80000,0x00000000f8b80000,0x00000000f9900000)
 ParOldGen       total 117248K, used 13252K [0x00000000c0000000, 0x00000000c7280000, 0x00000000eab00000)
  object space 117248K, 11% used [0x00000000c0000000,0x00000000c0cf12f8,0x00000000c7280000)
 Metaspace       used 34435K, capacity 35272K, committed 35416K, reserved 1079296K
  class space    used 4694K, capacity 4970K, committed 4992K, reserved 1048576K
Event: 9.074 GC heap after
Heap after GC invocations=7 (full 2):
 PSYoungGen      total 148480K, used 0K [0x00000000eab00000, 0x00000000f9900000, 0x0000000100000000)
  eden space 135168K, 0% used [0x00000000eab00000,0x00000000eab00000,0x00000000f2f00000)
  from space 13312K, 0% used [0x00000000f2f00000,0x00000000f2f00000,0x00000000f3c00000)
  to   space 13824K, 0% used [0x00000000f8b80000,0x00000000f8b80000,0x00000000f9900000)
 ParOldGen       total 157184K, used 18018K [0x00000000c0000000, 0x00000000c9980000, 0x00000000eab00000)
  object space 157184K, 11% used [0x00000000c0000000,0x00000000c11989a0,0x00000000c9980000)
 Metaspace       used 34435K, capacity 35272K, committed 35416K, reserved 1079296K
  class space    used 4694K, capacity 4970K, committed 4992K, reserved 1048576K
}
Event: 10.140 GC heap before
{Heap before GC invocations=8 (full 2):
 PSYoungGen      total 148480K, used 135168K [0x00000000eab00000, 0x00000000f9900000, 0x0000000100000000)
  eden space 135168K, 100% used [0x00000000eab00000,0x00000000f2f00000,0x00000000f2f00000)
  from space 13312K, 0% used [0x00000000f2f00000,0x00000000f2f00000,0x00000000f3c00000)
  to   space 13824K, 0% used [0x00000000f8b80000,0x00000000f8b80000,0x00000000f9900000)
 ParOldGen       total 157184K, used 18018K [0x00000000c0000000, 0x00000000c9980000, 0x00000000eab00000)
  object space 157184K, 11% used [0x00000000c0000000,0x00000000c11989a0,0x00000000c9980000)
 Metaspace       used 43133K, capacity 44144K, committed 44248K, reserved 1087488K
  class space    used 5800K, capacity 6121K, committed 6144K, reserved 1048576K
Event: 10.151 GC heap after
Heap after GC invocations=8 (full 2):
 PSYoungGen      total 227328K, used 13808K [0x00000000eab00000, 0x00000000fa280000, 0x0000000100000000)
  eden space 213504K, 0% used [0x00000000eab00000,0x00000000eab00000,0x00000000f7b80000)
  from space 13824K, 99% used [0x00000000f8b80000,0x00000000f98fc048,0x00000000f9900000)
  to   space 16384K, 0% used [0x00000000f7b80000,0x00000000f7b80000,0x00000000f8b80000)
 ParOldGen       total 157184K, used 19517K [0x00000000c0000000, 0x00000000c9980000, 0x00000000eab00000)
  object space 157184K, 12% used [0x00000000c0000000,0x00000000c130f578,0x00000000c9980000)
 Metaspace       used 43133K, capacity 44144K, committed 44248K, reserved 1087488K
  class space    used 5800K, capacity 6121K, committed 6144K, reserved 1048576K
}

Deoptimization events (10 events):
Event: 11.176 Thread 0x0000000058cac800 Uncommon trap: reason=class_check action=maybe_recompile pc=0x0000000008cee9c8 method=com.sun.org.apache.xerces.internal.impl.XMLDocumentFragmentScannerImpl.scanEndElement()I @ 145
Event: 11.176 Thread 0x0000000058cac800 Uncommon trap: reason=class_check action=maybe_recompile pc=0x0000000008cee9c8 method=com.sun.org.apache.xerces.internal.impl.XMLDocumentFragmentScannerImpl.scanEndElement()I @ 145
Event: 11.225 Thread 0x0000000058cac800 Uncommon trap: reason=unstable_if action=reinterpret pc=0x0000000008af9a04 method=java.lang.CharacterDataLatin1.digit(II)I @ 31
Event: 11.244 Thread 0x0000000058cac800 Uncommon trap: reason=unstable_if action=reinterpret pc=0x0000000008a829d8 method=java.lang.CharacterDataLatin1.digit(II)I @ 31
Event: 12.611 Thread 0x0000000058cac800 Uncommon trap: reason=unstable_if action=reinterpret pc=0x000000000910edf4 method=java.util.regex.Pattern.compile()V @ 320
Event: 13.177 Thread 0x0000000058cac800 Uncommon trap: reason=unstable_if action=reinterpret pc=0x000000000895d364 method=org.objectweb.asm.ByteVector.putUTF8(Ljava/lang/String;)Lorg/objectweb/asm/ByteVector; @ 91
Event: 13.206 Thread 0x0000000058cac800 Uncommon trap: reason=unstable_if action=reinterpret pc=0x0000000008873874 method=java.lang.String.lastIndexOf([CII[CIII)I @ 118
Event: 13.313 Thread 0x0000000058cac800 Uncommon trap: reason=unstable_if action=reinterpret pc=0x0000000008f11f08 method=org.gradle.internal.reflect.PropertyAccessorType.of(Ljava/lang/reflect/Method;)Lorg/gradle/internal/reflect/PropertyAccessorType; @ 4
Event: 13.479 Thread 0x0000000058cac800 Uncommon trap: reason=unstable_if action=reinterpret pc=0x00000000093189f8 method=java.util.TreeMap.put(Ljava/lang/Object;Ljava/lang/Object;)Ljava/lang/Object; @ 163
Event: 13.660 Thread 0x0000000058cac800 Uncommon trap: reason=range_check action=make_not_entrant pc=0x000000000916de84 method=java.lang.String.charAt(I)C @ 27

Classes redefined (0 events):
No events

Internal exceptions (10 events):
Event: 13.716 Thread 0x0000000058cac800 Exception <a 'java/lang/ClassNotFoundException': com/android/build/gradle/internal/dsl/LintOptionsCustomizer> (0x00000000f4bbbc10) thrown at [D:\src\AOSP-openjdk-cygwin\jdk8u\hotspot\src\share\vm\classfile\systemDictionary.cpp, line 210]
Event: 13.717 Thread 0x0000000058cac800 Exception <a 'java/lang/ClassNotFoundException': com/android/build/gradle/internal/dsl/LintOptions_DecoratedCustomizer> (0x00000000f4c2e9d0) thrown at [D:\src\AOSP-openjdk-cygwin\jdk8u\hotspot\src\share\vm\classfile\systemDictionary.cpp, line 210]
Event: 13.852 Thread 0x0000000058cac800 Exception <a 'java/lang/ClassNotFoundException': com/android/build/gradle/internal/api/LibraryVariantOutputImpl_DecoratedBeanInfo> (0x00000000f54df7e8) thrown at [D:\src\AOSP-openjdk-cygwin\jdk8u\hotspot\src\share\vm\classfile\systemDictionary.cpp, line 2
Event: 13.852 Thread 0x0000000058cac800 Exception <a 'java/lang/ClassNotFoundException': com/android/build/gradle/internal/api/LibraryVariantOutputImplBeanInfo> (0x00000000f54f7c40) thrown at [D:\src\AOSP-openjdk-cygwin\jdk8u\hotspot\src\share\vm\classfile\systemDictionary.cpp, line 210]
Event: 13.852 Thread 0x0000000058cac800 Exception <a 'java/lang/ClassNotFoundException': com/android/build/gradle/internal/api/LibraryVariantOutputImplCustomizer> (0x00000000f5510960) thrown at [D:\src\AOSP-openjdk-cygwin\jdk8u\hotspot\src\share\vm\classfile\systemDictionary.cpp, line 210]
Event: 13.853 Thread 0x0000000058cac800 Exception <a 'java/lang/ClassNotFoundException': com/android/build/gradle/internal/api/LibraryVariantOutputImpl_DecoratedCustomizer> (0x00000000f5534588) thrown at [D:\src\AOSP-openjdk-cygwin\jdk8u\hotspot\src\share\vm\classfile\systemDictionary.cpp, line
Event: 13.919 Thread 0x0000000058cac800 Exception <a 'java/lang/ClassNotFoundException': build_4i87ledv8y3f4c9xug9j7zv41BeanInfo> (0x00000000f55ee1a0) thrown at [D:\src\AOSP-openjdk-cygwin\jdk8u\hotspot\src\share\vm\classfile\systemDictionary.cpp, line 210]
Event: 13.919 Thread 0x0000000058cac800 Exception <a 'java/lang/ClassNotFoundException': build_4i87ledv8y3f4c9xug9j7zv41Customizer> (0x00000000f55f8da8) thrown at [D:\src\AOSP-openjdk-cygwin\jdk8u\hotspot\src\share\vm\classfile\systemDictionary.cpp, line 210]
Event: 14.059 Thread 0x0000000058cac800 Exception <a 'java/lang/ClassNotFoundException': build_1v2ufe820bxb40zhvsx960okbBeanInfo> (0x00000000f5a3f060) thrown at [D:\src\AOSP-openjdk-cygwin\jdk8u\hotspot\src\share\vm\classfile\systemDictionary.cpp, line 210]
Event: 14.059 Thread 0x0000000058cac800 Exception <a 'java/lang/ClassNotFoundException': build_1v2ufe820bxb40zhvsx960okbCustomizer> (0x00000000f5a49c68) thrown at [D:\src\AOSP-openjdk-cygwin\jdk8u\hotspot\src\share\vm\classfile\systemDictionary.cpp, line 210]

Events (10 events):
Event: 14.079 loading class groovy/runtime/metaclass/build_1v2ufe820bxb40zhvsx960okb$_run_closure2MetaClass
Event: 14.079 loading class groovy/runtime/metaclass/build_1v2ufe820bxb40zhvsx960okb$_run_closure2MetaClass done
Event: 14.118 Thread 0x0000000058cac800 DEOPT PACKING pc=0x0000000009297a3f sp=0x000000005a19b0a0
Event: 14.118 Thread 0x0000000058cac800 DEOPT UNPACKING pc=0x00000000080b75bf sp=0x000000005a19ade8 mode 0
Event: 14.124 Thread 0x0000000058cac800 DEOPT PACKING pc=0x0000000009297a3f sp=0x000000005a19b1c0
Event: 14.124 Thread 0x0000000058cac800 DEOPT UNPACKING pc=0x00000000080b75bf sp=0x000000005a19af08 mode 0
Event: 14.130 Thread 0x0000000058cac800 DEOPT PACKING pc=0x0000000009297a3f sp=0x000000005a19b0a0
Event: 14.130 Thread 0x0000000058cac800 DEOPT UNPACKING pc=0x00000000080b75bf sp=0x000000005a19ade8 mode 0
Event: 14.136 Thread 0x0000000058cac800 DEOPT PACKING pc=0x0000000009297a3f sp=0x000000005a19b410
Event: 14.136 Thread 0x0000000058cac800 DEOPT UNPACKING pc=0x00000000080b75bf sp=0x000000005a19b158 mode 0


Dynamic libraries:
0x000000013f6b0000 - 0x000000013f6e1000 	D:\Program Files\Android\Android Studio\jre\bin\java.exe
0x00000000773b0000 - 0x000000007754f000 	C:\Windows\SYSTEM32\ntdll.dll
0x0000000077190000 - 0x00000000772af000 	C:\Windows\system32\kernel32.dll
0x000007fefd360000 - 0x000007fefd3ca000 	C:\Windows\system32\KERNELBASE.dll
0x000007feff570000 - 0x000007feff64b000 	C:\Windows\system32\ADVAPI32.dll
0x000007fefde50000 - 0x000007fefdeef000 	C:\Windows\system32\msvcrt.dll
0x000007fefe360000 - 0x000007fefe37f000 	C:\Windows\SYSTEM32\sechost.dll
0x000007fefe110000 - 0x000007fefe23d000 	C:\Windows\system32\RPCRT4.dll
0x00000000772b0000 - 0x00000000773aa000 	C:\Windows\system32\USER32.dll
0x000007fefdfd0000 - 0x000007fefe037000 	C:\Windows\system32\GDI32.dll
0x000007fefe350000 - 0x000007fefe35e000 	C:\Windows\system32\LPK.dll
0x000007fefe040000 - 0x000007fefe10b000 	C:\Windows\system32\USP10.dll
0x000007fefb7d0000 - 0x000007fefb9c4000 	C:\Windows\WinSxS\amd64_microsoft.windows.common-controls_6595b64144ccf1df_6.0.7601.18837_none_fa3b1e3d17594757\COMCTL32.dll
0x000007fefd8e0000 - 0x000007fefd951000 	C:\Windows\system32\SHLWAPI.dll
0x000007fefde20000 - 0x000007fefde4e000 	C:\Windows\system32\IMM32.DLL
0x000007fefe240000 - 0x000007fefe349000 	C:\Windows\system32\MSCTF.dll
0x000000005b2e0000 - 0x000000005b3b2000 	D:\Program Files\Android\Android Studio\jre\jre\bin\msvcr100.dll
0x0000000007830000 - 0x000000000806e000 	D:\Program Files\Android\Android Studio\jre\jre\bin\server\jvm.dll
0x000007fef8b50000 - 0x000007fef8b59000 	C:\Windows\system32\WSOCK32.dll
0x000007feff650000 - 0x000007feff69d000 	C:\Windows\system32\WS2_32.dll
0x000007feff380000 - 0x000007feff388000 	C:\Windows\system32\NSI.dll
0x000007fefb160000 - 0x000007fefb19b000 	C:\Windows\system32\WINMM.dll
0x000007fefc1f0000 - 0x000007fefc1fc000 	C:\Windows\system32\VERSION.dll
0x0000000077560000 - 0x0000000077567000 	C:\Windows\system32\PSAPI.DLL
0x000007fefbe00000 - 0x000007fefbe0f000 	D:\Program Files\Android\Android Studio\jre\jre\bin\verify.dll
0x000007feee2e0000 - 0x000007feee309000 	D:\Program Files\Android\Android Studio\jre\jre\bin\java.dll
0x000007feee2c0000 - 0x000007feee2d6000 	D:\Program Files\Android\Android Studio\jre\jre\bin\zip.dll
0x000007fefe590000 - 0x000007feff31a000 	C:\Windows\system32\SHELL32.dll
0x000007fefd6c0000 - 0x000007fefd8bf000 	C:\Windows\system32\ole32.dll
0x000007fefd1f0000 - 0x000007fefd1ff000 	C:\Windows\system32\profapi.dll
0x000007feee2a0000 - 0x000007feee2ba000 	D:\Program Files\Android\Android Studio\jre\jre\bin\net.dll
0x000007fefc120000 - 0x000007fefc136000 	C:\Windows\system32\PrxerDrv.dll
0x000007fefc930000 - 0x000007fefc985000 	C:\Windows\system32\mswsock.dll
0x000007fefc920000 - 0x000007fefc927000 	C:\Windows\System32\wship6.dll
0x000007feee280000 - 0x000007feee291000 	D:\Program Files\Android\Android Studio\jre\jre\bin\nio.dll
0x000007feedca0000 - 0x000007feedcbe000 	C:\Users\Administrator\.gradle\native\25\windows-amd64\native-platform.dll
0x000007fefbdf0000 - 0x000007fefbdfd000 	D:\Program Files\Android\Android Studio\jre\jre\bin\management.dll
0x000007fefc990000 - 0x000007fefc9a8000 	C:\Windows\system32\CRYPTSP.dll
0x000007fefc690000 - 0x000007fefc6d7000 	C:\Windows\system32\rsaenh.dll
0x000007fefd580000 - 0x000007fefd59e000 	C:\Windows\system32\USERENV.dll
0x000007fefd080000 - 0x000007fefd08f000 	C:\Windows\system32\CRYPTBASE.dll
0x000007fefb2d0000 - 0x000007fefb2f7000 	C:\Windows\system32\IPHLPAPI.DLL
0x000007fefa6b0000 - 0x000007fefa6bb000 	C:\Windows\system32\WINNSI.DLL
0x000007fef9660000 - 0x000007fef9671000 	C:\Windows\system32\dhcpcsvc6.DLL
0x000007fef95e0000 - 0x000007fef95f8000 	C:\Windows\system32\dhcpcsvc.DLL

VM Arguments:
jvm_args: -XX:+HeapDumpOnOutOfMemoryError -Xmx1024m -Dfile.encoding=GBK -Duser.country=CN -Duser.language=zh -Duser.variant 
java_command: org.gradle.launcher.daemon.bootstrap.GradleDaemon 4.7
java_class_path (initial): C:\Users\Administrator\.gradle\wrapper\dists\gradle-4.7-all\4cret0dgl5o3b21weaoncl7ys\gradle-4.7\lib\gradle-launcher-4.7.jar
Launcher Type: SUN_STANDARD

Environment Variables:
JAVA_HOME=C:\Program Files\Java\jdk1.8.0_144
CLASSPATH=.;C:\Program Files\Java\jdk1.8.0_144\lib;C:\Program Files\Java\jdk1.8.0_144\lib\tools.jar
PATH=C:\Windows\system32;C:\Windows;C:\Windows\System32\Wbem;C:\Windows\System32\WindowsPowerShell\v1.0\;C:\Python27\;C:\Program Files (x86)\CodeAndWeb\TexturePacker\bin\;C:\Program Files\TortoiseSVN\bin\;D:\Apache-Subversion-1.9.7\bin\;C:\Program Files\Java\jdk1.8.0_144\bin\;C:\Program Files\Unity\Editor\;D:\Android\Sdk\platform-tools;C:\Python27\Scripts\;C:\Users\Administrator\AppData\Local\Programs\Python\Python36-32\Scripts\;C:\Program Files\Microsoft VS Code\bin\;D:\Program Files\WinRAR\;C:\Program Files\Git\mingw64\bin\;D:\Program Files (x86)\CodeAndWeb\TexturePacker\bin\;;C:\Program Files\Microsoft VS Code\bin;C:\Program Files\dotnet\;D:\cocos2d-x-3.13\tools\cocos2d-console\bin;D:\Program Files\nodejs\;D:\cocos2d-x-3.13\templates;D:\cocos2d-x-3.13\tools\cocos2d-console\bin;D:\;\tools\cocos2d-console\bin;\cocos2d-x-3.17\templates;cocos2d-x-3.17\cocos2d-x-3.17\tools\cocos2d-console\bin;cocos2d-x-3.13\templates;\Cocos2d-x-3.10\templates;C:\Program Files\Microsoft VS Code\bin;C:\Program Files\CMake\bin;C:\Users\Administrator\AppData\Roaming\npm;C:\Users\Administrator\AppData\Local\Programs\Fiddler;C:\Program Files (x86)\Egret\Egret Wing 3\bin
USERNAME=Administrator
OS=Windows_NT
PROCESSOR_IDENTIFIER=Intel64 Family 6 Model 94 Stepping 3, GenuineIntel



---------------  S Y S T E M  ---------------

OS: Windows 7 , 64 bit Build 7601 (6.1.7601.24354)

CPU:total 4 (initial active 4) (4 cores per cpu, 1 threads per core) family 6 model 94 stepping 3, cmov, cx8, fxsr, mmx, sse, sse2, sse3, ssse3, sse4.1, sse4.2, popcnt, avx, avx2, aes, clmul, erms, rtm, 3dnowpref, lzcnt, tsc, tscinvbit, bmi1, bmi2, adx

Memory: 4k page, physical 20900232k(4542020k free), swap 20898328k(6076k free)

vm_info: OpenJDK 64-Bit Server VM (25.152-b01) for windows-amd64 JRE (1.8.0_152-release-915-b01), built by "builder" with MS VC++ 10.0 (VS2010)

time: Mon Feb 25 10:04:46 2019
elapsed time: 14 seconds (0d 0h 0m 14s)

