#
# There is insufficient memory for the Java Runtime Environment to continue.
# Native memory allocation (malloc) failed to allocate 1100816 bytes for Chunk::new
# Possible reasons:
#   The system is out of physical RAM or swap space
#   In 32 bit mode, the process size limit was hit
# Possible solutions:
#   Reduce memory load on the system
#   Increase physical memory or swap space
#   Check if swap backing store is full
#   Use 64 bit Java on a 64 bit OS
#   Decrease Java heap size (-Xmx/-Xms)
#   Decrease number of Java threads
#   Decrease Java thread stack sizes (-Xss)
#   Set larger code cache with -XX:ReservedCodeCacheSize=
# This output file may be truncated or incomplete.
#
#  Out of Memory Error (allocation.cpp:390), pid=13480, tid=0x0000000000003ae0
#
# JRE version: OpenJDK Runtime Environment (8.0_152-b01) (build 1.8.0_152-release-915-b01)
# Java VM: OpenJDK 64-Bit Server VM (25.152-b01 mixed mode windows-amd64 compressed oops)
# Failed to write core dump. Minidumps are not enabled by default on client versions of Windows
#

---------------  T H R E A D  ---------------

Current thread (0x000000005707b800):  JavaThread "C2 CompilerThread1" daemon [_thread_in_native, id=15072, stack(0x0000000057520000,0x0000000057620000)]

Stack: [0x0000000057520000,0x0000000057620000]
[error occurred during error reporting (printing stack bounds), id 0xc0000005]

Native frames: (J=compiled Java code, j=interpreted, Vv=VM code, C=native code)


Current CompileTask:
C2: 341688 21537 % !   4       com.android.builder.symbols.SymbolIo::exportToJava @ 322 (721 bytes)


---------------  P R O C E S S  ---------------

Java Threads: ( => current thread )
  0x00000000590df000 JavaThread "stdout" daemon [_thread_in_native, id=13228, stack(0x0000000060550000,0x0000000060650000)]
  0x00000000590df800 JavaThread "stderr" daemon [_thread_in_native, id=11180, stack(0x0000000066bf0000,0x0000000066cf0000)]
  0x00000000590eb000 JavaThread "stdout" daemon [_thread_in_native, id=10296, stack(0x0000000066950000,0x0000000066a50000)]
  0x00000000590e1000 JavaThread "stderr" daemon [_thread_in_native, id=15256, stack(0x0000000066420000,0x0000000066520000)]
  0x00000000590dc800 JavaThread "stdout" daemon [_thread_in_native, id=16824, stack(0x0000000066780000,0x0000000066880000)]
  0x00000000590e6800 JavaThread "stderr" daemon [_thread_in_native, id=15208, stack(0x0000000064cc0000,0x0000000064dc0000)]
  0x000000005f051800 JavaThread "stdout" daemon [_thread_in_native, id=14168, stack(0x0000000063320000,0x0000000063420000)]
  0x000000005f052800 JavaThread "stderr" daemon [_thread_in_native, id=14756, stack(0x0000000064fe0000,0x00000000650e0000)]
  0x000000005f053000 JavaThread "queued-resource-processor_48" daemon [_thread_blocked, id=14096, stack(0x0000000066230000,0x0000000066330000)]
  0x000000005f050000 JavaThread "queued-resource-processor_47" daemon [_thread_blocked, id=7416, stack(0x00000000660b0000,0x00000000661b0000)]
  0x000000005f04f800 JavaThread "queued-resource-processor_46" daemon [_thread_blocked, id=13124, stack(0x0000000059d10000,0x0000000059e10000)]
  0x000000005f051000 JavaThread "queued-resource-processor_45" daemon [_thread_blocked, id=13836, stack(0x0000000065c40000,0x0000000065d40000)]
  0x000000005e039800 JavaThread "Worker Daemon Execution" [_thread_blocked, id=10680, stack(0x00000000639e0000,0x0000000063ae0000)]
  0x000000005e03c800 JavaThread "Worker Daemon Execution" [_thread_blocked, id=13352, stack(0x0000000065b00000,0x0000000065c00000)]
  0x000000005e03f000 JavaThread "Worker Daemon Execution" [_thread_blocked, id=12048, stack(0x0000000065480000,0x0000000065580000)]
  0x000000005dcdb800 JavaThread "Task worker for ':' Thread 3" [_thread_blocked, id=16184, stack(0x0000000065380000,0x0000000065480000)]
  0x000000005dcda800 JavaThread "Task worker for ':' Thread 2" [_thread_blocked, id=12284, stack(0x0000000064ee0000,0x0000000064fe0000)]
  0x000000005dcdc000 JavaThread "Task worker for ':'" [_thread_blocked, id=7096, stack(0x0000000064a70000,0x0000000064b70000)]
  0x000000005dcdd000 JavaThread "Cache worker for Build Output Cleanup Cache (D:\IonicDemo\RNProject\android\.gradle\buildOutputCleanup)" [_thread_blocked, id=14820, stack(0x0000000064060000,0x0000000064160000)]
  0x000000005f056000 JavaThread "Cache worker for task history cache (D:\IonicDemo\RNProject\android\.gradle\4.7\taskHistory)" [_thread_blocked, id=11604, stack(0x0000000064410000,0x0000000064510000)]
  0x000000005f055800 JavaThread "Build operations Thread 4" [_thread_blocked, id=10560, stack(0x000000005a070000,0x000000005a170000)]
  0x000000005f054800 JavaThread "Build operations Thread 3" [_thread_blocked, id=13632, stack(0x0000000064780000,0x0000000064880000)]
  0x000000005f054000 JavaThread "Build operations Thread 2" [_thread_blocked, id=13676, stack(0x00000000642a0000,0x00000000643a0000)]
  0x0000000061b47000 JavaThread "Build operations" [_thread_blocked, id=10756, stack(0x0000000064160000,0x0000000064260000)]
  0x0000000061b40800 JavaThread "Cache worker for Artifact transforms cache (C:\Users\Administrator\.gradle\caches\transforms-1)" [_thread_blocked, id=5412, stack(0x0000000063d40000,0x0000000063e40000)]
  0x0000000061b42800 JavaThread "Cache worker for file hash cache (D:\IonicDemo\RNProject\android\.gradle\4.7\fileHashes)" [_thread_blocked, id=15688, stack(0x0000000060450000,0x0000000060550000)]
  0x0000000061b44000 JavaThread "Asynchronous log dispatcher for DefaultDaemonConnection: socket connection from /127.0.0.1:51988 to /127.0.0.1:53151" [_thread_blocked, id=12272, stack(0x0000000060180000,0x0000000060280000)]
  0x0000000061b41000 JavaThread "Cancel handler" [_thread_blocked, id=14128, stack(0x000000005eab0000,0x000000005ebb0000)]
  0x0000000061b46800 JavaThread "Handler for socket connection from /127.0.0.1:51988 to /127.0.0.1:53151" [_thread_in_native, id=13660, stack(0x000000005a170000,0x000000005a270000)]
  0x00000000590e2800 JavaThread "Memory manager" [_thread_blocked, id=9976, stack(0x0000000060e30000,0x0000000060f30000)]
  0x00000000590e2000 JavaThread "pool-1-thread-1" [_thread_blocked, id=12112, stack(0x0000000060ab0000,0x0000000060bb0000)]
  0x000000005953c000 JavaThread "File lock request listener" [_thread_in_native, id=15332, stack(0x000000005a8e0000,0x000000005a9e0000)]
  0x0000000059599800 JavaThread "Cache worker for file hash cache (C:\Users\Administrator\.gradle\caches\4.7\fileHashes)" [_thread_blocked, id=15408, stack(0x000000005a460000,0x000000005a560000)]
  0x0000000058f30000 JavaThread "Daemon worker" [_thread_in_native, id=1360, stack(0x000000005a320000,0x000000005a420000)]
  0x0000000058c8e000 JavaThread "Daemon" [_thread_blocked, id=13672, stack(0x0000000059bd0000,0x0000000059cd0000)]
  0x0000000058c80000 JavaThread "Daemon periodic checks" [_thread_blocked, id=16600, stack(0x0000000059a90000,0x0000000059b90000)]
  0x0000000058c79000 JavaThread "Incoming local TCP Connector on port 51988" [_thread_in_native, id=4468, stack(0x0000000058460000,0x0000000058560000)]
  0x000000005710a000 JavaThread "Service Thread" daemon [_thread_blocked, id=14860, stack(0x00000000578b0000,0x00000000579b0000)]
  0x0000000057093000 JavaThread "C1 CompilerThread2" daemon [_thread_blocked, id=9308, stack(0x0000000057640000,0x0000000057740000)]
=>0x000000005707b800 JavaThread "C2 CompilerThread1" daemon [_thread_in_native, id=15072, stack(0x0000000057520000,0x0000000057620000)]
  0x000000005707a800 JavaThread "C2 CompilerThread0" daemon [_thread_blocked, id=640, stack(0x0000000006f40000,0x0000000007040000)]
  0x000000000605e000 JavaThread "Attach Listener" daemon [_thread_blocked, id=10132, stack(0x00000000076c0000,0x00000000077c0000)]
  0x000000000605d000 JavaThread "Signal Dispatcher" daemon [_thread_blocked, id=13540, stack(0x0000000007530000,0x0000000007630000)]
  0x0000000006038800 JavaThread "Finalizer" daemon [_thread_blocked, id=14780, stack(0x00000000073d0000,0x00000000074d0000)]
  0x0000000005ff1800 JavaThread "Reference Handler" daemon [_thread_blocked, id=3232, stack(0x00000000072b0000,0x00000000073b0000)]
  0x0000000001cd8000 JavaThread "main" [_thread_blocked, id=13548, stack(0x00000000024f0000,0x00000000025f0000)]

Other Threads:
  0x0000000005fea000 VMThread [stack: 0x0000000007110000,0x0000000007210000] [id=13992]
  0x000000005710c000 WatcherThread [stack: 0x0000000057a00000,0x0000000057b00000] [id=9472]

VM state:not at safepoint (normal execution)

VM Mutex/Monitor currently owned by a thread: None

Heap:
 PSYoungGen      total 314368K, used 101079K [0x00000000eab00000, 0x00000000ffc00000, 0x0000000100000000)
  eden space 284672K, 31% used [0x00000000eab00000,0x00000000f036c318,0x00000000fc100000)
  from space 29696K, 35% used [0x00000000fdd00000,0x00000000fe749c70,0x00000000ffa00000)
  to   space 28672K, 0% used [0x00000000fc100000,0x00000000fc100000,0x00000000fdd00000)
 ParOldGen       total 425984K, used 115219K [0x00000000c0000000, 0x00000000da000000, 0x00000000eab00000)
  object space 425984K, 27% used [0x00000000c0000000,0x00000000c7084ce0,0x00000000da000000)
 Metaspace       used 102809K, capacity 109368K, committed 109440K, reserved 1144832K
  class space    used 13164K, capacity 14677K, committed 14720K, reserved 1048576K

Card table byte_map: [0x0000000002a70000,0x0000000002c80000] byte_map_base: 0x0000000002470000

Marking Bits: (ParMarkBitMap*) 0x0000000007ff3950
 Begin Bits: [0x0000000003460000, 0x0000000004460000)
 End Bits:   [0x0000000004460000, 0x0000000005460000)

Polling page: 0x0000000000530000

CodeCache: size=245760Kb used=62869Kb max_used=62883Kb free=182891Kb
 bounds [0x0000000008070000, 0x000000000be30000, 0x0000000017070000]
 total_blobs=17940 nmethods=17039 adapters=812
 compilation: enabled

Compilation events (10 events):
Event: 341.556 Thread 0x0000000057093000 21536       3       com.android.builder.symbols.SymbolTable::rename (22 bytes)
Event: 341.556 Thread 0x0000000057093000 nmethod 21536 0x000000000be1f890 code [0x000000000be1fa60, 0x000000000be20098]
Event: 341.557 Thread 0x000000005707a800 nmethod 21528% 0x000000000be20390 code [0x000000000be20680, 0x000000000be222d0]
Event: 341.565 Thread 0x000000005707b800 21537 % !   4       com.android.builder.symbols.SymbolIo::exportToJava @ 322 (721 bytes)
Event: 341.580 Thread 0x000000005707a800 21538       4       com.google.common.collect.ImmutableList::copyIntoArray (36 bytes)
Event: 341.585 Thread 0x000000005707a800 nmethod 21538 0x000000000be0a890 code [0x000000000be0aa00, 0x000000000be0ac98]
Event: 341.632 Thread 0x0000000057093000 21539       3       com.android.builder.symbols.RGeneration$$Lambda$358/1271255442::accept (16 bytes)
Event: 341.633 Thread 0x0000000057093000 nmethod 21539 0x000000000be1f350 code [0x000000000be1f4c0, 0x000000000be1f7a8]
Event: 341.633 Thread 0x0000000057093000 21540       3       com.android.builder.symbols.RGeneration::lambda$generateRForLibraries$0 (8 bytes)
Event: 341.633 Thread 0x0000000057093000 nmethod 21540 0x000000000be00010 code [0x000000000be00180, 0x000000000be00308]

GC Heap History (10 events):
Event: 255.946 GC heap before
{Heap before GC invocations=39 (full 12):
 PSYoungGen      total 304128K, used 415K [0x00000000eab00000, 0x00000000ff780000, 0x0000000100000000)
  eden space 269824K, 0% used [0x00000000eab00000,0x00000000eab67cc0,0x00000000fb280000)
  from space 34304K, 0% used [0x00000000fd600000,0x00000000fd600000,0x00000000ff780000)
  to   space 35328K, 0% used [0x00000000fb280000,0x00000000fb280000,0x00000000fd500000)
 ParOldGen       total 425984K, used 109276K [0x00000000c0000000, 0x00000000da000000, 0x00000000eab00000)
  object space 425984K, 25% used [0x00000000c0000000,0x00000000c6ab73b0,0x00000000da000000)
 Metaspace       used 102182K, capacity 108404K, committed 108672K, reserved 1142784K
  class space    used 13107K, capacity 14581K, committed 14720K, reserved 1048576K
Event: 255.949 GC heap after
Heap after GC invocations=39 (full 12):
 PSYoungGen      total 270336K, used 32K [0x00000000eab00000, 0x00000000ff480000, 0x0000000100000000)
  eden space 269824K, 0% used [0x00000000eab00000,0x00000000eab00000,0x00000000fb280000)
  from space 512K, 6% used [0x00000000fb280000,0x00000000fb288000,0x00000000fb300000)
  to   space 33792K, 0% used [0x00000000fd380000,0x00000000fd380000,0x00000000ff480000)
 ParOldGen       total 425984K, used 109276K [0x00000000c0000000, 0x00000000da000000, 0x00000000eab00000)
  object space 425984K, 25% used [0x00000000c0000000,0x00000000c6ab73b0,0x00000000da000000)
 Metaspace       used 102182K, capacity 108404K, committed 108672K, reserved 1142784K
  class space    used 13107K, capacity 14581K, committed 14720K, reserved 1048576K
}
Event: 255.949 GC heap before
{Heap before GC invocations=40 (full 13):
 PSYoungGen      total 270336K, used 32K [0x00000000eab00000, 0x00000000ff480000, 0x0000000100000000)
  eden space 269824K, 0% used [0x00000000eab00000,0x00000000eab00000,0x00000000fb280000)
  from space 512K, 6% used [0x00000000fb280000,0x00000000fb288000,0x00000000fb300000)
  to   space 33792K, 0% used [0x00000000fd380000,0x00000000fd380000,0x00000000ff480000)
 ParOldGen       total 425984K, used 109276K [0x00000000c0000000, 0x00000000da000000, 0x00000000eab00000)
  object space 425984K, 25% used [0x00000000c0000000,0x00000000c6ab73b0,0x00000000da000000)
 Metaspace       used 102182K, capacity 108404K, committed 108672K, reserved 1142784K
  class space    used 13107K, capacity 14581K, committed 14720K, reserved 1048576K
Event: 256.102 GC heap after
Heap after GC invocations=40 (full 13):
 PSYoungGen      total 270336K, used 0K [0x00000000eab00000, 0x00000000ff480000, 0x0000000100000000)
  eden space 269824K, 0% used [0x00000000eab00000,0x00000000eab00000,0x00000000fb280000)
  from space 512K, 0% used [0x00000000fb280000,0x00000000fb280000,0x00000000fb300000)
  to   space 33792K, 0% used [0x00000000fd380000,0x00000000fd380000,0x00000000ff480000)
 ParOldGen       total 425984K, used 109282K [0x00000000c0000000, 0x00000000da000000, 0x00000000eab00000)
  object space 425984K, 25% used [0x00000000c0000000,0x00000000c6ab8ae0,0x00000000da000000)
 Metaspace       used 102182K, capacity 108404K, committed 108672K, reserved 1142784K
  class space    used 13107K, capacity 14581K, committed 14720K, reserved 1048576K
}
Event: 283.030 GC heap before
{Heap before GC invocations=41 (full 13):
 PSYoungGen      total 270336K, used 269824K [0x00000000eab00000, 0x00000000ff480000, 0x0000000100000000)
  eden space 269824K, 100% used [0x00000000eab00000,0x00000000fb280000,0x00000000fb280000)
  from space 512K, 0% used [0x00000000fb280000,0x00000000fb280000,0x00000000fb300000)
  to   space 33792K, 0% used [0x00000000fd380000,0x00000000fd380000,0x00000000ff480000)
 ParOldGen       total 425984K, used 109282K [0x00000000c0000000, 0x00000000da000000, 0x00000000eab00000)
  object space 425984K, 25% used [0x00000000c0000000,0x00000000c6ab8ae0,0x00000000da000000)
 Metaspace       used 102393K, capacity 108698K, committed 108928K, reserved 1142784K
  class space    used 13126K, capacity 14608K, committed 14720K, reserved 1048576K
Event: 283.045 GC heap after
Heap after GC invocations=41 (full 13):
 PSYoungGen      total 305664K, used 5772K [0x00000000eab00000, 0x0000000100000000, 0x0000000100000000)
  eden space 271872K, 0% used [0x00000000eab00000,0x00000000eab00000,0x00000000fb480000)
  from space 33792K, 17% used [0x00000000fd380000,0x00000000fd9233d0,0x00000000ff480000)
  to   space 31744K, 0% used [0x00000000fb480000,0x00000000fb480000,0x00000000fd380000)
 ParOldGen       total 425984K, used 109290K [0x00000000c0000000, 0x00000000da000000, 0x00000000eab00000)
  object space 425984K, 25% used [0x00000000c0000000,0x00000000c6abaae0,0x00000000da000000)
 Metaspace       used 102393K, capacity 108698K, committed 108928K, reserved 1142784K
  class space    used 13126K, capacity 14608K, committed 14720K, reserved 1048576K
}
Event: 298.275 GC heap before
{Heap before GC invocations=42 (full 13):
 PSYoungGen      total 305664K, used 277644K [0x00000000eab00000, 0x0000000100000000, 0x0000000100000000)
  eden space 271872K, 100% used [0x00000000eab00000,0x00000000fb480000,0x00000000fb480000)
  from space 33792K, 17% used [0x00000000fd380000,0x00000000fd9233d0,0x00000000ff480000)
  to   space 31744K, 0% used [0x00000000fb480000,0x00000000fb480000,0x00000000fd380000)
 ParOldGen       total 425984K, used 109290K [0x00000000c0000000, 0x00000000da000000, 0x00000000eab00000)
  object space 425984K, 25% used [0x00000000c0000000,0x00000000c6abaae0,0x00000000da000000)
 Metaspace       used 102586K, capacity 108934K, committed 109184K, reserved 1144832K
  class space    used 13135K, capacity 14626K, committed 14720K, reserved 1048576K
Event: 298.287 GC heap after
Heap after GC invocations=42 (full 13):
 PSYoungGen      total 303616K, used 8890K [0x00000000eab00000, 0x00000000ffa00000, 0x0000000100000000)
  eden space 271872K, 0% used [0x00000000eab00000,0x00000000eab00000,0x00000000fb480000)
  from space 31744K, 28% used [0x00000000fb480000,0x00000000fbd2e9a8,0x00000000fd380000)
  to   space 29696K, 0% used [0x00000000fdd00000,0x00000000fdd00000,0x00000000ffa00000)
 ParOldGen       total 425984K, used 112799K [0x00000000c0000000, 0x00000000da000000, 0x00000000eab00000)
  object space 425984K, 26% used [0x00000000c0000000,0x00000000c6e27c60,0x00000000da000000)
 Metaspace       used 102586K, capacity 108934K, committed 109184K, reserved 1144832K
  class space    used 13135K, capacity 14626K, committed 14720K, reserved 1048576K
}
Event: 306.036 GC heap before
{Heap before GC invocations=43 (full 13):
 PSYoungGen      total 303616K, used 280762K [0x00000000eab00000, 0x00000000ffa00000, 0x0000000100000000)
  eden space 271872K, 100% used [0x00000000eab00000,0x00000000fb480000,0x00000000fb480000)
  from space 31744K, 28% used [0x00000000fb480000,0x00000000fbd2e9a8,0x00000000fd380000)
  to   space 29696K, 0% used [0x00000000fdd00000,0x00000000fdd00000,0x00000000ffa00000)
 ParOldGen       total 425984K, used 112799K [0x00000000c0000000, 0x00000000da000000, 0x00000000eab00000)
  object space 425984K, 26% used [0x00000000c0000000,0x00000000c6e27c60,0x00000000da000000)
 Metaspace       used 102715K, capacity 109212K, committed 109440K, reserved 1144832K
  class space    used 13150K, capacity 14651K, committed 14720K, reserved 1048576K
Event: 306.047 GC heap after
Heap after GC invocations=43 (full 13):
 PSYoungGen      total 314368K, used 10535K [0x00000000eab00000, 0x00000000ffc00000, 0x0000000100000000)
  eden space 284672K, 0% used [0x00000000eab00000,0x00000000eab00000,0x00000000fc100000)
  from space 29696K, 35% used [0x00000000fdd00000,0x00000000fe749c70,0x00000000ffa00000)
  to   space 28672K, 0% used [0x00000000fc100000,0x00000000fc100000,0x00000000fdd00000)
 ParOldGen       total 425984K, used 115219K [0x00000000c0000000, 0x00000000da000000, 0x00000000eab00000)
  object space 425984K, 27% used [0x00000000c0000000,0x00000000c7084ce0,0x00000000da000000)
 Metaspace       used 102715K, capacity 109212K, committed 109440K, reserved 1144832K
  class space    used 13150K, capacity 14651K, committed 14720K, reserved 1048576K
}

Deoptimization events (10 events):
Event: 279.567 Thread 0x000000005dcdc000 Uncommon trap: reason=speculate_class_check action=maybe_recompile pc=0x000000000bbc61a8 method=com.android.utils.PositionXmlParser.getPositionHelper(Lorg/w3c/dom/Node;II)Lcom/android/utils/PositionXmlParser$Position; @ 110
Event: 279.727 Thread 0x000000005dcdc000 Uncommon trap: reason=null_check action=make_not_entrant pc=0x000000000a0cf878 method=com.sun.org.apache.xerces.internal.dom.NamedNodeMapImpl.findNamePoint(Ljava/lang/String;Ljava/lang/String;)I @ 105
Event: 279.783 Thread 0x000000005dcdc000 Uncommon trap: reason=class_check action=maybe_recompile pc=0x0000000008fd5758 method=com.google.common.collect.Iterators$5.hasNext()Z @ 7
Event: 279.783 Thread 0x000000005dcdc000 Uncommon trap: reason=class_check action=maybe_recompile pc=0x0000000008fd5758 method=com.google.common.collect.Iterators$5.hasNext()Z @ 7
Event: 279.784 Thread 0x000000005dcdc000 Uncommon trap: reason=class_check action=maybe_recompile pc=0x0000000008fd5758 method=com.google.common.collect.Iterators$5.hasNext()Z @ 7
Event: 279.784 Thread 0x000000005dcdc000 Uncommon trap: reason=class_check action=maybe_recompile pc=0x0000000008fd5758 method=com.google.common.collect.Iterators$5.hasNext()Z @ 7
Event: 287.438 Thread 0x000000005dcdb800 Uncommon trap: reason=class_check action=maybe_recompile pc=0x000000000b181e20 method=com.google.common.collect.ImmutableMap.values()Lcom/google/common/collect/ImmutableCollection; @ 11
Event: 287.545 Thread 0x000000005dcdb800 Uncommon trap: reason=bimorphic action=maybe_recompile pc=0x000000000823d760 method=com.google.common.collect.ImmutableList.copyOf(Ljava/util/Collection;)Lcom/google/common/collect/ImmutableList; @ 11
Event: 307.470 Thread 0x000000005dcdb800 Uncommon trap: reason=bimorphic action=maybe_recompile pc=0x000000000823d760 method=com.google.common.collect.ImmutableList.copyOf(Ljava/util/Collection;)Lcom/google/common/collect/ImmutableList; @ 11
Event: 314.689 Thread 0x0000000058f30000 Uncommon trap: reason=class_check action=maybe_recompile pc=0x0000000008913d00 method=java.util.Comparator.lambda$comparing$77a9974f$1(Ljava/util/function/Function;Ljava/lang/Object;Ljava/lang/Object;)I @ 2

Classes redefined (0 events):
No events

Internal exceptions (10 events):
Event: 304.834 Thread 0x000000005dcda800 Exception <a 'sun/nio/fs/WindowsException'> (0x00000000f7d79dc8) thrown at [D:\src\AOSP-openjdk-cygwin\jdk8u\hotspot\src\share\vm\prims\jni.cpp, line 709]
Event: 304.834 Thread 0x000000005dcda800 Exception <a 'sun/nio/fs/WindowsException'> (0x00000000f7d7ae20) thrown at [D:\src\AOSP-openjdk-cygwin\jdk8u\hotspot\src\share\vm\prims\jni.cpp, line 709]
Event: 304.834 Thread 0x000000005dcda800 Exception <a 'sun/nio/fs/WindowsException'> (0x00000000f7d7b6c0) thrown at [D:\src\AOSP-openjdk-cygwin\jdk8u\hotspot\src\share\vm\prims\jni.cpp, line 709]
Event: 304.834 Thread 0x000000005dcda800 Exception <a 'sun/nio/fs/WindowsException'> (0x00000000f7d7c730) thrown at [D:\src\AOSP-openjdk-cygwin\jdk8u\hotspot\src\share\vm\prims\jni.cpp, line 709]
Event: 304.834 Thread 0x000000005dcda800 Exception <a 'sun/nio/fs/WindowsException'> (0x00000000f7d7d000) thrown at [D:\src\AOSP-openjdk-cygwin\jdk8u\hotspot\src\share\vm\prims\jni.cpp, line 709]
Event: 304.834 Thread 0x000000005dcda800 Exception <a 'sun/nio/fs/WindowsException'> (0x00000000f7d7e180) thrown at [D:\src\AOSP-openjdk-cygwin\jdk8u\hotspot\src\share\vm\prims\jni.cpp, line 709]
Event: 304.834 Thread 0x000000005dcda800 Exception <a 'sun/nio/fs/WindowsException'> (0x00000000f7d7ea20) thrown at [D:\src\AOSP-openjdk-cygwin\jdk8u\hotspot\src\share\vm\prims\jni.cpp, line 709]
Event: 304.834 Thread 0x000000005dcda800 Exception <a 'sun/nio/fs/WindowsException'> (0x00000000f7d7fab8) thrown at [D:\src\AOSP-openjdk-cygwin\jdk8u\hotspot\src\share\vm\prims\jni.cpp, line 709]
Event: 304.834 Thread 0x000000005dcda800 Exception <a 'sun/nio/fs/WindowsException'> (0x00000000f7d80388) thrown at [D:\src\AOSP-openjdk-cygwin\jdk8u\hotspot\src\share\vm\prims\jni.cpp, line 709]
Event: 306.316 Thread 0x000000005dcda800 Exception <a 'sun/nio/fs/WindowsException'> (0x00000000ec3c8118) thrown at [D:\src\AOSP-openjdk-cygwin\jdk8u\hotspot\src\share\vm\prims\jni.cpp, line 709]

Events (10 events):
Event: 317.541 Thread 0x000000005dcd7800 Thread exited: 0x000000005dcd7800
Event: 322.893 Thread 0x000000005e03f800 Thread exited: 0x000000005e03f800
Event: 341.184 Thread 0x000000005e03f800 Thread added: 0x000000005e03f800
Event: 341.436 Executing VM operation: RevokeBias
Event: 341.436 Executing VM operation: RevokeBias done
Event: 341.436 Thread 0x000000005e03f800 Thread exited: 0x000000005e03f800
Event: 341.527 Thread 0x0000000058f30000 DEOPT PACKING pc=0x000000000a592769 sp=0x000000005a41b040
Event: 341.527 Thread 0x0000000058f30000 DEOPT UNPACKING pc=0x00000000080b75bf sp=0x000000005a41ae18 mode 0
Event: 341.579 Thread 0x0000000058f30000 DEOPT PACKING pc=0x00000000096e2b54 sp=0x000000005a41ad70
Event: 341.579 Thread 0x0000000058f30000 DEOPT UNPACKING pc=0x00000000080b75bf sp=0x000000005a41aa98 mode 0


Dynamic libraries:
0x000000013fad0000 - 0x000000013fb01000 	D:\Program Files\Android\Android Studio\jre\bin\java.exe
0x00000000773b0000 - 0x000000007754f000 	C:\Windows\SYSTEM32\ntdll.dll
0x0000000077190000 - 0x00000000772af000 	C:\Windows\system32\kernel32.dll
0x000007fefd360000 - 0x000007fefd3ca000 	C:\Windows\system32\KERNELBASE.dll
0x000007feff570000 - 0x000007feff64b000 	C:\Windows\system32\ADVAPI32.dll
0x000007fefde50000 - 0x000007fefdeef000 	C:\Windows\system32\msvcrt.dll
0x000007fefe360000 - 0x000007fefe37f000 	C:\Windows\SYSTEM32\sechost.dll
0x000007fefe110000 - 0x000007fefe23d000 	C:\Windows\system32\RPCRT4.dll
0x00000000772b0000 - 0x00000000773aa000 	C:\Windows\system32\USER32.dll
0x000007fefdfd0000 - 0x000007fefe037000 	C:\Windows\system32\GDI32.dll
0x000007fefe350000 - 0x000007fefe35e000 	C:\Windows\system32\LPK.dll
0x000007fefe040000 - 0x000007fefe10b000 	C:\Windows\system32\USP10.dll
0x000007fefb7d0000 - 0x000007fefb9c4000 	C:\Windows\WinSxS\amd64_microsoft.windows.common-controls_6595b64144ccf1df_6.0.7601.18837_none_fa3b1e3d17594757\COMCTL32.dll
0x000007fefd8e0000 - 0x000007fefd951000 	C:\Windows\system32\SHLWAPI.dll
0x000007fefde20000 - 0x000007fefde4e000 	C:\Windows\system32\IMM32.DLL
0x000007fefe240000 - 0x000007fefe349000 	C:\Windows\system32\MSCTF.dll
0x000000005b200000 - 0x000000005b2d2000 	D:\Program Files\Android\Android Studio\jre\jre\bin\msvcr100.dll
0x0000000007830000 - 0x000000000806e000 	D:\Program Files\Android\Android Studio\jre\jre\bin\server\jvm.dll
0x000007fef8b50000 - 0x000007fef8b59000 	C:\Windows\system32\WSOCK32.dll
0x000007feff650000 - 0x000007feff69d000 	C:\Windows\system32\WS2_32.dll
0x000007feff380000 - 0x000007feff388000 	C:\Windows\system32\NSI.dll
0x000007fefb160000 - 0x000007fefb19b000 	C:\Windows\system32\WINMM.dll
0x000007fefc1f0000 - 0x000007fefc1fc000 	C:\Windows\system32\VERSION.dll
0x0000000077560000 - 0x0000000077567000 	C:\Windows\system32\PSAPI.DLL
0x000007fefbe00000 - 0x000007fefbe0f000 	D:\Program Files\Android\Android Studio\jre\jre\bin\verify.dll
0x000007feee2e0000 - 0x000007feee309000 	D:\Program Files\Android\Android Studio\jre\jre\bin\java.dll
0x000007feee2c0000 - 0x000007feee2d6000 	D:\Program Files\Android\Android Studio\jre\jre\bin\zip.dll
0x000007fefe590000 - 0x000007feff31a000 	C:\Windows\system32\SHELL32.dll
0x000007fefd6c0000 - 0x000007fefd8bf000 	C:\Windows\system32\ole32.dll
0x000007fefd1f0000 - 0x000007fefd1ff000 	C:\Windows\system32\profapi.dll
0x000007feee2a0000 - 0x000007feee2ba000 	D:\Program Files\Android\Android Studio\jre\jre\bin\net.dll
0x000007fefc120000 - 0x000007fefc136000 	C:\Windows\system32\PrxerDrv.dll
0x000007fefc930000 - 0x000007fefc985000 	C:\Windows\system32\mswsock.dll
0x000007fefc920000 - 0x000007fefc927000 	C:\Windows\System32\wship6.dll
0x000007feee280000 - 0x000007feee291000 	D:\Program Files\Android\Android Studio\jre\jre\bin\nio.dll
0x000007feedca0000 - 0x000007feedcbe000 	C:\Users\Administrator\.gradle\native\25\windows-amd64\native-platform.dll
0x000007fefbdf0000 - 0x000007fefbdfd000 	D:\Program Files\Android\Android Studio\jre\jre\bin\management.dll
0x000007fefc990000 - 0x000007fefc9a8000 	C:\Windows\system32\CRYPTSP.dll
0x000007fefc690000 - 0x000007fefc6d7000 	C:\Windows\system32\rsaenh.dll
0x000007fefd580000 - 0x000007fefd59e000 	C:\Windows\system32\USERENV.dll
0x000007fefd080000 - 0x000007fefd08f000 	C:\Windows\system32\CRYPTBASE.dll
0x000007fefb2d0000 - 0x000007fefb2f7000 	C:\Windows\system32\IPHLPAPI.DLL
0x000007fefa6b0000 - 0x000007fefa6bb000 	C:\Windows\system32\WINNSI.DLL
0x000007fef9660000 - 0x000007fef9671000 	C:\Windows\system32\dhcpcsvc6.DLL
0x000007fef95e0000 - 0x000007fef95f8000 	C:\Windows\system32\dhcpcsvc.DLL
0x000007feea4c0000 - 0x000007feea4e4000 	D:\Program Files\Android\Android Studio\jre\jre\bin\sunec.dll
0x000007fefc100000 - 0x000007fefc107000 	C:\Windows\System32\wshtcpip.dll
0x000007fef1a60000 - 0x000007fef1a72000 	C:\Windows\system32\PrxerNsp.dll
0x000007fefc7b0000 - 0x000007fefc80b000 	C:\Windows\system32\DNSAPI.dll
0x0000000066d60000 - 0x0000000066d86000 	C:\Program Files\Bonjour\mdnsNSP.dll
0x000007fef19d0000 - 0x000007fef19d8000 	C:\Windows\system32\rasadhlp.dll
0x000007fef9690000 - 0x000007fef96e3000 	C:\Windows\System32\fwpuclnt.dll
0x000007feeddc0000 - 0x000007feeddcb000 	D:\Program Files\Android\Android Studio\jre\jre\bin\sunmscapi.dll
0x000007fefd410000 - 0x000007fefd57d000 	C:\Windows\system32\CRYPT32.dll
0x000007fefd1e0000 - 0x000007fefd1ef000 	C:\Windows\system32\MSASN1.dll
0x000007fefd020000 - 0x000007fefd077000 	C:\Windows\system32\apphelp.dll

VM Arguments:
jvm_args: -XX:+HeapDumpOnOutOfMemoryError -Xmx1024m -Dfile.encoding=GBK -Duser.country=CN -Duser.language=zh -Duser.variant 
java_command: org.gradle.launcher.daemon.bootstrap.GradleDaemon 4.7
java_class_path (initial): C:\Users\Administrator\.gradle\wrapper\dists\gradle-4.7-all\4cret0dgl5o3b21weaoncl7ys\gradle-4.7\lib\gradle-launcher-4.7.jar
Launcher Type: SUN_STANDARD

Environment Variables:
JAVA_HOME=C:\Program Files\Java\jdk1.8.0_144
CLASSPATH=.;C:\Program Files\Java\jdk1.8.0_144\lib;C:\Program Files\Java\jdk1.8.0_144\lib\tools.jar
PATH=C:\Windows\system32;C:\Windows;C:\Windows\System32\Wbem;C:\Windows\System32\WindowsPowerShell\v1.0\;C:\Python27\;C:\Program Files (x86)\CodeAndWeb\TexturePacker\bin\;C:\Program Files\TortoiseSVN\bin\;D:\Apache-Subversion-1.9.7\bin\;C:\Program Files\Java\jdk1.8.0_144\bin\;C:\Program Files\Unity\Editor\;D:\Android\Sdk\platform-tools;C:\Python27\Scripts\;C:\Users\Administrator\AppData\Local\Programs\Python\Python36-32\Scripts\;C:\Program Files\Microsoft VS Code\bin\;D:\Program Files\WinRAR\;C:\Program Files\Git\mingw64\bin\;D:\Program Files (x86)\CodeAndWeb\TexturePacker\bin\;;C:\Program Files\Microsoft VS Code\bin;C:\Program Files\dotnet\;D:\cocos2d-x-3.13\tools\cocos2d-console\bin;D:\Program Files\nodejs\;D:\cocos2d-x-3.13\templates;D:\cocos2d-x-3.13\tools\cocos2d-console\bin;D:\;\tools\cocos2d-console\bin;\cocos2d-x-3.17\templates;cocos2d-x-3.17\cocos2d-x-3.17\tools\cocos2d-console\bin;cocos2d-x-3.13\templates;\Cocos2d-x-3.10\templates;C:\Program Files\Microsoft VS Code\bin;C:\Program Files\CMake\bin;C:\Users\Administrator\AppData\Roaming\npm;C:\Users\Administrator\AppData\Local\Programs\Fiddler;C:\Program Files (x86)\Egret\Egret Wing 3\bin
USERNAME=Administrator
OS=Windows_NT
PROCESSOR_IDENTIFIER=Intel64 Family 6 Model 94 Stepping 3, GenuineIntel



---------------  S Y S T E M  ---------------

OS: Windows 7 , 64 bit Build 7601 (6.1.7601.24354)

CPU:total 4 (initial active 4) (4 cores per cpu, 1 threads per core) family 6 model 94 stepping 3, cmov, cx8, fxsr, mmx, sse, sse2, sse3, ssse3, sse4.1, sse4.2, popcnt, avx, avx2, aes, clmul, erms, rtm, 3dnowpref, lzcnt, tsc, tscinvbit, bmi1, bmi2, adx

Memory: 4k page, physical 20900232k(4305956k free), swap 20898328k(644k free)

vm_info: OpenJDK 64-Bit Server VM (25.152-b01) for windows-amd64 JRE (1.8.0_152-release-915-b01), built by "builder" with MS VC++ 10.0 (VS2010)

time: Mon Feb 25 10:03:31 2019
elapsed time: 341 seconds (0d 0h 5m 41s)

