#
# There is insufficient memory for the Java Runtime Environment to continue.
# Native memory allocation (malloc) failed to allocate 1126336 bytes for Chunk::new
# Possible reasons:
#   The system is out of physical RAM or swap space
#   In 32 bit mode, the process size limit was hit
# Possible solutions:
#   Reduce memory load on the system
#   Increase physical memory or swap space
#   Check if swap backing store is full
#   Use 64 bit Java on a 64 bit OS
#   Decrease Java heap size (-Xmx/-Xms)
#   Decrease number of Java threads
#   Decrease Java thread stack sizes (-Xss)
#   Set larger code cache with -XX:ReservedCodeCacheSize=
# This output file may be truncated or incomplete.
#
#  Out of Memory Error (allocation.cpp:390), pid=66684, tid=0x0000000000002510
#
# JRE version: Java(TM) SE Runtime Environment (8.0_144-b01) (build 1.8.0_144-b01)
# Java VM: Java HotSpot(TM) 64-Bit Server VM (25.144-b01 mixed mode windows-amd64 compressed oops)
# Failed to write core dump. Minidumps are not enabled by default on client versions of Windows
#

---------------  T H R E A D  ---------------

Current thread (0x000000001659b800):  JavaThread "C2 CompilerThread0" daemon [_thread_in_native, id=9488, stack(0x0000000016d40000,0x0000000016e40000)]

Stack: [0x0000000016d40000,0x0000000016e40000]
[error occurred during error reporting (printing stack bounds), id 0xc0000005]

Native frames: (J=compiled Java code, j=interpreted, Vv=VM code, C=native code)


Current CompileTask:
C2:   1885 1265       4       java.net.URLClassLoader$1::run (5 bytes)


---------------  P R O C E S S  ---------------

Java Threads: ( => current thread )
  0x0000000018509000 JavaThread "File lock request listener" [_thread_in_native, id=12616, stack(0x000000001b160000,0x000000001b260000)]
  0x0000000018508000 JavaThread "Cache worker for file hash cache (C:\Users\Administrator\.gradle\caches\4.7\fileHashes)" [_thread_blocked, id=59036, stack(0x000000001af10000,0x000000001b010000)]
  0x000000001847a800 JavaThread "Stdin handler" [_thread_blocked, id=62572, stack(0x0000000019d30000,0x0000000019e30000)]
  0x0000000018462800 JavaThread "Asynchronous log dispatcher for DefaultDaemonConnection: socket connection from /127.0.0.1:55606 to /127.0.0.1:55607" [_thread_blocked, id=40468, stack(0x00000000193c0000,0x00000000194c0000)]
  0x0000000018453000 JavaThread "Daemon worker" [_thread_in_Java, id=70648, stack(0x0000000019960000,0x0000000019a60000)]
  0x0000000018452800 JavaThread "Cancel handler" [_thread_blocked, id=23380, stack(0x0000000019770000,0x0000000019870000)]
  0x0000000018450800 JavaThread "Handler for socket connection from /127.0.0.1:55606 to /127.0.0.1:55607" [_thread_in_native, id=42292, stack(0x0000000019600000,0x0000000019700000)]
  0x0000000018450000 JavaThread "Daemon" [_thread_blocked, id=47868, stack(0x00000000194f0000,0x00000000195f0000)]
  0x00000000181e2000 JavaThread "Daemon periodic checks" [_thread_blocked, id=17332, stack(0x0000000019220000,0x0000000019320000)]
  0x00000000181e0800 JavaThread "Incoming local TCP Connector on port 55606" [_thread_in_native, id=28752, stack(0x0000000018ba0000,0x0000000018ca0000)]
  0x0000000018053000 JavaThread "Daemon health stats" [_thread_blocked, id=71292, stack(0x0000000018cc0000,0x0000000018dc0000)]
  0x00000000165f7000 JavaThread "Service Thread" daemon [_thread_blocked, id=39476, stack(0x0000000016fb0000,0x00000000170b0000)]
  0x00000000165b7000 JavaThread "C1 CompilerThread2" daemon [_thread_in_native, id=39124, stack(0x00000000161f0000,0x00000000162f0000)]
  0x00000000165b5000 JavaThread "C2 CompilerThread1" daemon [_thread_in_native, id=40520, stack(0x0000000016e90000,0x0000000016f90000)]
=>0x000000001659b800 JavaThread "C2 CompilerThread0" daemon [_thread_in_native, id=9488, stack(0x0000000016d40000,0x0000000016e40000)]
  0x000000001659a800 JavaThread "Attach Listener" daemon [_thread_blocked, id=43688, stack(0x0000000016b80000,0x0000000016c80000)]
  0x0000000014ff2000 JavaThread "Signal Dispatcher" daemon [_thread_blocked, id=68700, stack(0x0000000016a70000,0x0000000016b70000)]
  0x0000000014fdd000 JavaThread "Finalizer" daemon [_thread_blocked, id=68768, stack(0x0000000016490000,0x0000000016590000)]
  0x0000000014f96000 JavaThread "Reference Handler" daemon [_thread_blocked, id=44592, stack(0x0000000016330000,0x0000000016430000)]
  0x0000000002338000 JavaThread "main" [_thread_blocked, id=23136, stack(0x0000000002450000,0x0000000002550000)]

Other Threads:
  0x0000000014f8e800 VMThread [stack: 0x00000000160f0000,0x00000000161f0000] [id=40112]
  0x00000000165fb000 WatcherThread [stack: 0x0000000015ff0000,0x00000000160f0000] [id=37372]

VM state:not at safepoint (normal execution)

VM Mutex/Monitor currently owned by a thread:  ([mutex/lock_event])
[0x00000000024495e0] CodeCache_lock - owner thread: 0x00000000165b7000
[0x000000000244e480] Compile_lock - owner thread: 0x00000000165b7000

Heap:
 PSYoungGen      total 95744K, used 44645K [0x00000000eab00000, 0x00000000f1580000, 0x0000000100000000)
  eden space 82432K, 43% used [0x00000000eab00000,0x00000000ece28328,0x00000000efb80000)
  from space 13312K, 64% used [0x00000000efb80000,0x00000000f03f12a0,0x00000000f0880000)
  to   space 13312K, 0% used [0x00000000f0880000,0x00000000f0880000,0x00000000f1580000)
 ParOldGen       total 218624K, used 16K [0x00000000c0000000, 0x00000000cd580000, 0x00000000eab00000)
  object space 218624K, 0% used [0x00000000c0000000,0x00000000c00040a8,0x00000000cd580000)
 Metaspace       used 14265K, capacity 14526K, committed 14848K, reserved 1062912K
  class space    used 2074K, capacity 2183K, committed 2304K, reserved 1048576K

Card table byte_map: [0x0000000011a60000,0x0000000011c70000] byte_map_base: 0x0000000011460000

Marking Bits: (ParMarkBitMap*) 0x0000000050eed850
 Begin Bits: [0x0000000012400000, 0x0000000013400000)
 End Bits:   [0x0000000013400000, 0x0000000014400000)

Polling page: 0x0000000000240000

CodeCache: size=245760Kb used=4665Kb max_used=4665Kb free=241094Kb
 bounds [0x00000000026a0000, 0x0000000002b40000, 0x00000000116a0000]
 total_blobs=1657 nmethods=1288 adapters=282
 compilation: enabled

Compilation events (10 events):
Event: 1.883 Thread 0x00000000165b7000 nmethod 1288 0x0000000002b294d0 code [0x0000000002b29640, 0x0000000002b29848]
Event: 1.883 Thread 0x00000000165b7000 1283       1       com.google.common.base.Splitter::access$200 (5 bytes)
Event: 1.883 Thread 0x00000000165b7000 nmethod 1283 0x0000000002b298d0 code [0x0000000002b29a20, 0x0000000002b29b10]
Event: 1.883 Thread 0x00000000165b7000 1284       1       com.google.common.base.Splitter::access$300 (5 bytes)
Event: 1.883 Thread 0x00000000165b7000 nmethod 1284 0x0000000002b29b90 code [0x0000000002b29ce0, 0x0000000002b29dd0]
Event: 1.883 Thread 0x00000000165b7000 1285       1       com.google.common.base.Splitter::access$400 (5 bytes)
Event: 1.883 Thread 0x00000000165b7000 nmethod 1285 0x0000000002b29e50 code [0x0000000002b29fa0, 0x0000000002b2a090]
Event: 1.883 Thread 0x00000000165b7000 1294       3       com.google.common.io.LineReader::readLine (105 bytes)
Event: 1.884 Thread 0x00000000165b7000 nmethod 1294 0x0000000002b2a110 code [0x0000000002b2a320, 0x0000000002b2adf8]
Event: 1.884 Thread 0x00000000165b7000 1297       3       java.lang.String::split (326 bytes)

GC Heap History (2 events):
Event: 1.646 GC heap before
{Heap before GC invocations=1 (full 0):
 PSYoungGen      total 95744K, used 82432K [0x00000000eab00000, 0x00000000f1580000, 0x0000000100000000)
  eden space 82432K, 100% used [0x00000000eab00000,0x00000000efb80000,0x00000000efb80000)
  from space 13312K, 0% used [0x00000000f0880000,0x00000000f0880000,0x00000000f1580000)
  to   space 13312K, 0% used [0x00000000efb80000,0x00000000efb80000,0x00000000f0880000)
 ParOldGen       total 218624K, used 0K [0x00000000c0000000, 0x00000000cd580000, 0x00000000eab00000)
  object space 218624K, 0% used [0x00000000c0000000,0x00000000c00000a8,0x00000000cd580000)
 Metaspace       used 11644K, capacity 11940K, committed 12288K, reserved 1060864K
  class space    used 1588K, capacity 1724K, committed 1792K, reserved 1048576K
Event: 1.653 GC heap after
Heap after GC invocations=1 (full 0):
 PSYoungGen      total 95744K, used 8644K [0x00000000eab00000, 0x00000000f1580000, 0x0000000100000000)
  eden space 82432K, 0% used [0x00000000eab00000,0x00000000eab00000,0x00000000efb80000)
  from space 13312K, 64% used [0x00000000efb80000,0x00000000f03f12a0,0x00000000f0880000)
  to   space 13312K, 0% used [0x00000000f0880000,0x00000000f0880000,0x00000000f1580000)
 ParOldGen       total 218624K, used 16K [0x00000000c0000000, 0x00000000cd580000, 0x00000000eab00000)
  object space 218624K, 0% used [0x00000000c0000000,0x00000000c00040a8,0x00000000cd580000)
 Metaspace       used 11644K, capacity 11940K, committed 12288K, reserved 1060864K
  class space    used 1588K, capacity 1724K, committed 1792K, reserved 1048576K
}

Deoptimization events (10 events):
Event: 0.923 Thread 0x0000000002338000 Uncommon trap: reason=bimorphic action=maybe_recompile pc=0x000000000291f134 method=java.util.HashMap.putVal(ILjava/lang/Object;Ljava/lang/Object;ZZ)Ljava/lang/Object; @ 91
Event: 0.957 Thread 0x0000000002338000 Uncommon trap: reason=bimorphic action=maybe_recompile pc=0x0000000002a17784 method=java.util.HashMap.putVal(ILjava/lang/Object;Ljava/lang/Object;ZZ)Ljava/lang/Object; @ 203
Event: 1.161 Thread 0x0000000002338000 Uncommon trap: reason=unstable_if action=reinterpret pc=0x000000000294e2d0 method=java.io.WinNTFileSystem.normalize(Ljava/lang/String;)Ljava/lang/String; @ 128
Event: 1.161 Thread 0x0000000002338000 Uncommon trap: reason=unstable_if action=reinterpret pc=0x00000000029e24b8 method=java.io.WinNTFileSystem.normalize(Ljava/lang/String;II)Ljava/lang/String; @ 90
Event: 1.641 Thread 0x0000000018453000 Uncommon trap: reason=bimorphic action=maybe_recompile pc=0x0000000002a170c8 method=java.util.HashMap.putVal(ILjava/lang/Object;Ljava/lang/Object;ZZ)Ljava/lang/Object; @ 253
Event: 1.642 Thread 0x0000000018453000 Uncommon trap: reason=bimorphic action=maybe_recompile pc=0x0000000002a170c8 method=java.util.HashMap.putVal(ILjava/lang/Object;Ljava/lang/Object;ZZ)Ljava/lang/Object; @ 253
Event: 1.770 Thread 0x0000000018453000 Uncommon trap: reason=class_check action=maybe_recompile pc=0x0000000002967934 method=java.util.regex.Matcher.match(II)Z @ 86
Event: 1.771 Thread 0x0000000018453000 Uncommon trap: reason=class_check action=maybe_recompile pc=0x0000000002967934 method=java.util.regex.Matcher.match(II)Z @ 86
Event: 1.807 Thread 0x0000000018453000 Uncommon trap: reason=class_check action=maybe_recompile pc=0x0000000002967934 method=java.util.regex.Matcher.match(II)Z @ 86
Event: 1.816 Thread 0x0000000018453000 Uncommon trap: reason=class_check action=maybe_recompile pc=0x000000000291b70c method=java.util.regex.Matcher.match(II)Z @ 86

Internal exceptions (10 events):
Event: 0.416 Thread 0x0000000002338000 Exception <a 'java/lang/ArrayIndexOutOfBoundsException'> (0x00000000ebb2d188) thrown at [C:\re\workspace\8-2-build-windows-amd64-cygwin\jdk8u144\9417\hotspot\src\share\vm\runtime\sharedRuntime.cpp, line 605]
Event: 0.417 Thread 0x0000000002338000 Exception <a 'java/lang/ArrayIndexOutOfBoundsException'> (0x00000000ebb41e70) thrown at [C:\re\workspace\8-2-build-windows-amd64-cygwin\jdk8u144\9417\hotspot\src\share\vm\runtime\sharedRuntime.cpp, line 605]
Event: 0.417 Thread 0x0000000002338000 Exception <a 'java/lang/ArrayIndexOutOfBoundsException'> (0x00000000ebb4bbd8) thrown at [C:\re\workspace\8-2-build-windows-amd64-cygwin\jdk8u144\9417\hotspot\src\share\vm\runtime\sharedRuntime.cpp, line 605]
Event: 0.417 Thread 0x0000000002338000 Exception <a 'java/lang/ArrayIndexOutOfBoundsException'> (0x00000000ebb4dd18) thrown at [C:\re\workspace\8-2-build-windows-amd64-cygwin\jdk8u144\9417\hotspot\src\share\vm\runtime\sharedRuntime.cpp, line 605]
Event: 0.417 Thread 0x0000000002338000 Exception <a 'java/lang/ArrayIndexOutOfBoundsException'> (0x00000000ebb5b348) thrown at [C:\re\workspace\8-2-build-windows-amd64-cygwin\jdk8u144\9417\hotspot\src\share\vm\runtime\sharedRuntime.cpp, line 605]
Event: 0.418 Thread 0x0000000002338000 Exception <a 'java/lang/ArrayIndexOutOfBoundsException'> (0x00000000ebb67990) thrown at [C:\re\workspace\8-2-build-windows-amd64-cygwin\jdk8u144\9417\hotspot\src\share\vm\runtime\sharedRuntime.cpp, line 605]
Event: 0.418 Thread 0x0000000002338000 Exception <a 'java/lang/ArrayIndexOutOfBoundsException'> (0x00000000ebb695e0) thrown at [C:\re\workspace\8-2-build-windows-amd64-cygwin\jdk8u144\9417\hotspot\src\share\vm\runtime\sharedRuntime.cpp, line 605]
Event: 0.943 Thread 0x0000000002338000 Exception <a 'java/lang/NoSuchFieldError': method resolution failed> (0x00000000ee9a18b8) thrown at [C:\re\workspace\8-2-build-windows-amd64-cygwin\jdk8u144\9417\hotspot\src\share\vm\prims\methodHandles.cpp, line 1146]
Event: 0.944 Thread 0x0000000002338000 Exception <a 'java/lang/NoSuchFieldError': method resolution failed> (0x00000000ee9aefa8) thrown at [C:\re\workspace\8-2-build-windows-amd64-cygwin\jdk8u144\9417\hotspot\src\share\vm\prims\methodHandles.cpp, line 1146]
Event: 1.594 Thread 0x0000000002338000 Exception <a 'java/io/IOException'> (0x00000000ef2a89c8) thrown at [C:\re\workspace\8-2-build-windows-amd64-cygwin\jdk8u144\9417\hotspot\src\share\vm\prims\jni.cpp, line 709]

Events (10 events):
Event: 1.879 loading class com/google/common/base/Splitter$SplittingIterator
Event: 1.879 loading class com/google/common/base/Splitter$SplittingIterator done
Event: 1.879 loading class com/google/common/base/AbstractIterator
Event: 1.879 loading class com/google/common/base/AbstractIterator done
Event: 1.880 loading class com/google/common/base/Splitter$1$1
Event: 1.880 loading class com/google/common/base/Splitter$1$1 done
Event: 1.880 loading class com/google/common/base/AbstractIterator$State
Event: 1.880 loading class com/google/common/base/AbstractIterator$State done
Event: 1.880 loading class com/google/common/base/AbstractIterator$1
Event: 1.880 loading class com/google/common/base/AbstractIterator$1 done


Dynamic libraries:
0x000000013f810000 - 0x000000013f847000 	C:\Program Files\Java\jdk1.8.0_144\bin\java.exe
0x0000000076d00000 - 0x0000000076e9f000 	C:\Windows\SYSTEM32\ntdll.dll
0x0000000076be0000 - 0x0000000076cff000 	C:\Windows\system32\kernel32.dll
0x000007fefcb50000 - 0x000007fefcbba000 	C:\Windows\system32\KERNELBASE.dll
0x000007fefd8c0000 - 0x000007fefd99b000 	C:\Windows\system32\ADVAPI32.dll
0x000007fefd740000 - 0x000007fefd7df000 	C:\Windows\system32\msvcrt.dll
0x000007fefde40000 - 0x000007fefde5f000 	C:\Windows\SYSTEM32\sechost.dll
0x000007fefdac0000 - 0x000007fefdbed000 	C:\Windows\system32\RPCRT4.dll
0x0000000076ae0000 - 0x0000000076bda000 	C:\Windows\system32\USER32.dll
0x000007fefd3d0000 - 0x000007fefd437000 	C:\Windows\system32\GDI32.dll
0x000007fefcef0000 - 0x000007fefcefe000 	C:\Windows\system32\LPK.dll
0x000007fefd300000 - 0x000007fefd3cb000 	C:\Windows\system32\USP10.dll
0x000007fefb0b0000 - 0x000007fefb2a4000 	C:\Windows\WinSxS\amd64_microsoft.windows.common-controls_6595b64144ccf1df_6.0.7601.18837_none_fa3b1e3d17594757\COMCTL32.dll
0x000007fefda40000 - 0x000007fefdab1000 	C:\Windows\system32\SHLWAPI.dll
0x000007fefdff0000 - 0x000007fefe01e000 	C:\Windows\system32\IMM32.DLL
0x000007fefdee0000 - 0x000007fefdfe9000 	C:\Windows\system32\MSCTF.dll
0x000000005d3d0000 - 0x000000005d4a2000 	C:\Program Files\Java\jdk1.8.0_144\jre\bin\msvcr100.dll
0x00000000506d0000 - 0x0000000050f6d000 	C:\Program Files\Java\jdk1.8.0_144\jre\bin\server\jvm.dll
0x000007fef84a0000 - 0x000007fef84a9000 	C:\Windows\system32\WSOCK32.dll
0x000007fefddf0000 - 0x000007fefde3d000 	C:\Windows\system32\WS2_32.dll
0x000007fefe020000 - 0x000007fefe028000 	C:\Windows\system32\NSI.dll
0x000007fefaca0000 - 0x000007fefacdb000 	C:\Windows\system32\WINMM.dll
0x000007fefbb40000 - 0x000007fefbb4c000 	C:\Windows\system32\VERSION.dll
0x0000000076ea0000 - 0x0000000076ea7000 	C:\Windows\system32\PSAPI.DLL
0x0000000072370000 - 0x000000007237f000 	C:\Program Files\Java\jdk1.8.0_144\jre\bin\verify.dll
0x0000000072340000 - 0x0000000072369000 	C:\Program Files\Java\jdk1.8.0_144\jre\bin\java.dll
0x0000000072320000 - 0x0000000072336000 	C:\Program Files\Java\jdk1.8.0_144\jre\bin\zip.dll
0x000007fefe030000 - 0x000007fefedba000 	C:\Windows\system32\SHELL32.dll
0x000007fefd540000 - 0x000007fefd73f000 	C:\Windows\system32\ole32.dll
0x000007fefcb40000 - 0x000007fefcb4f000 	C:\Windows\system32\profapi.dll
0x0000000063ec0000 - 0x0000000063eda000 	C:\Program Files\Java\jdk1.8.0_144\jre\bin\net.dll
0x000007fefba70000 - 0x000007fefba86000 	C:\Windows\system32\PrxerDrv.dll
0x000007fefc280000 - 0x000007fefc2d5000 	C:\Windows\system32\mswsock.dll
0x000007fefc270000 - 0x000007fefc277000 	C:\Windows\System32\wship6.dll
0x0000000062e60000 - 0x0000000062e71000 	C:\Program Files\Java\jdk1.8.0_144\jre\bin\nio.dll
0x000007febb630000 - 0x000007febb64e000 	C:\Users\Administrator\.gradle\native\25\windows-amd64\native-platform.dll
0x0000000072310000 - 0x000000007231d000 	C:\Program Files\Java\jdk1.8.0_144\jre\bin\management.dll
0x000007fefc2e0000 - 0x000007fefc2f8000 	C:\Windows\system32\CRYPTSP.dll
0x000007fefbfe0000 - 0x000007fefc027000 	C:\Windows\system32\rsaenh.dll
0x000007fefcbe0000 - 0x000007fefcbfe000 	C:\Windows\system32\USERENV.dll
0x000007fefc970000 - 0x000007fefc97f000 	C:\Windows\system32\CRYPTBASE.dll
0x000007fefa840000 - 0x000007fefa867000 	C:\Windows\system32\IPHLPAPI.DLL
0x000007fefa000000 - 0x000007fefa00b000 	C:\Windows\system32\WINNSI.DLL
0x000007fef8fb0000 - 0x000007fef8fc1000 	C:\Windows\system32\dhcpcsvc6.DLL
0x000007fef8f30000 - 0x000007fef8f48000 	C:\Windows\system32\dhcpcsvc.DLL

VM Arguments:
jvm_args: -XX:+HeapDumpOnOutOfMemoryError -Xmx1024m -Dfile.encoding=GBK -Duser.country=CN -Duser.language=zh -Duser.variant 
java_command: org.gradle.launcher.daemon.bootstrap.GradleDaemon 4.7
java_class_path (initial): C:\Users\Administrator\.gradle\wrapper\dists\gradle-4.7-all\4cret0dgl5o3b21weaoncl7ys\gradle-4.7\lib\gradle-launcher-4.7.jar
Launcher Type: SUN_STANDARD

Environment Variables:
JAVA_HOME=C:\Program Files\Java\jdk1.8.0_144
CLASSPATH=D:\IonicDemo\RNProject\android\\gradle\wrapper\gradle-wrapper.jar
PATH=C:\Windows\system32;C:\Windows;C:\Windows\System32\Wbem;C:\Windows\System32\WindowsPowerShell\v1.0\;C:\Python27\;C:\Program Files (x86)\CodeAndWeb\TexturePacker\bin\;C:\Program Files\TortoiseSVN\bin\;D:\Apache-Subversion-1.9.7\bin\;C:\Program Files\Java\jdk1.8.0_144\bin\;C:\Program Files\Unity\Editor\;D:\Android\Sdk\platform-tools\;C:\Python27\Scripts\;C:\Users\Administrator\AppData\Local\Programs\Python\Python36-32\Scripts\;C:\Program Files\Microsoft VS Code\bin\;D:\Program Files\WinRAR\;C:\Program Files\Git\mingw64\bin\;D:\Program Files (x86)\CodeAndWeb\TexturePacker\bin\;;C:\Program Files\Microsoft VS Code\bin;C:\Program Files\dotnet\;D:\cocos2d-x-3.13\tools\cocos2d-console\bin;D:\Program Files\nodejs\;D:\cocos2d-x-3.13\templates;D:\cocos2d-x-3.13\tools\cocos2d-console\bin;D:\;\tools\cocos2d-console\bin;\cocos2d-x-3.17\templates;cocos2d-x-3.17\cocos2d-x-3.17\tools\cocos2d-console\bin;cocos2d-x-3.13\templates;\Cocos2d-x-3.10\templates;C:\Program Files\Microsoft VS Code\bin;C:\Program Files\CMake\bin;C:\Users\Administrator\AppData\Roaming\npm;C:\Users\Administrator\AppData\Local\Programs\Fiddler;C:\Program Files (x86)\Egret\Egret Wing 3\bin
USERNAME=Administrator
OS=Windows_NT
PROCESSOR_IDENTIFIER=Intel64 Family 6 Model 94 Stepping 3, GenuineIntel



---------------  S Y S T E M  ---------------

OS: Windows 7 , 64 bit Build 7601 (6.1.7601.24354)

CPU:total 4 (initial active 4) (4 cores per cpu, 1 threads per core) family 6 model 94 stepping 3, cmov, cx8, fxsr, mmx, sse, sse2, sse3, ssse3, sse4.1, sse4.2, popcnt, avx, avx2, aes, clmul, erms, rtm, 3dnowpref, lzcnt, tsc, tscinvbit, bmi1, bmi2, adx

Memory: 4k page, physical 20900232k(2956388k free), swap 20898328k(6900k free)

vm_info: Java HotSpot(TM) 64-Bit Server VM (25.144-b01) for windows-amd64 JRE (1.8.0_144-b01), built on Jul 21 2017 21:57:33 by "java_re" with MS VC++ 10.0 (VS2010)

time: Wed Feb 20 11:07:28 2019
elapsed time: 1 seconds (0d 0h 0m 1s)

