#
# There is insufficient memory for the Java Runtime Environment to continue.
# Native memory allocation (malloc) failed to allocate 32744 bytes for ChunkPool::allocate
# Possible reasons:
#   The system is out of physical RAM or swap space
#   In 32 bit mode, the process size limit was hit
# Possible solutions:
#   Reduce memory load on the system
#   Increase physical memory or swap space
#   Check if swap backing store is full
#   Use 64 bit Java on a 64 bit OS
#   Decrease Java heap size (-Xmx/-Xms)
#   Decrease number of Java threads
#   Decrease Java thread stack sizes (-Xss)
#   Set larger code cache with -XX:ReservedCodeCacheSize=
# This output file may be truncated or incomplete.
#
#  Out of Memory Error (allocation.cpp:273), pid=8184, tid=0x000000000000188c
#
# JRE version: OpenJDK Runtime Environment (8.0_152-b01) (build 1.8.0_152-release-915-b01)
# Java VM: OpenJDK 64-Bit Server VM (25.152-b01 mixed mode windows-amd64 compressed oops)
# Failed to write core dump. Minidumps are not enabled by default on client versions of Windows
#

---------------  T H R E A D  ---------------

Current thread (0x00000000077ae800):  JavaThread "C2 CompilerThread0" daemon [_thread_in_native, id=6284, stack(0x0000000059860000,0x0000000059960000)]

Stack: [0x0000000059860000,0x0000000059960000]
[error occurred during error reporting (printing stack bounds), id 0xc0000005]

Native frames: (J=compiled Java code, j=interpreted, Vv=VM code, C=native code)


Current CompileTask:
C2:   8048 5032       4       com.sun.beans.TypeResolver::resolve (37 bytes)


---------------  P R O C E S S  ---------------

Java Threads: ( => current thread )
  0x000000005d1af800 JavaThread "Memory manager" [_thread_blocked, id=3820, stack(0x0000000062bf0000,0x0000000062cf0000)]
  0x000000005d1ae800 JavaThread "pool-1-thread-1" [_thread_blocked, id=16876, stack(0x0000000061c50000,0x0000000061d50000)]
  0x000000005d1ae000 JavaThread "Build operations Thread 4" [_thread_blocked, id=11644, stack(0x00000000625e0000,0x00000000626e0000)]
  0x000000005d1ad000 JavaThread "Build operations Thread 3" [_thread_blocked, id=11952, stack(0x0000000060580000,0x0000000060680000)]
  0x000000005d1ac800 JavaThread "Build operations Thread 2" [_thread_blocked, id=14492, stack(0x000000005f220000,0x000000005f320000)]
  0x000000005d1ab800 JavaThread "Build operations" [_thread_blocked, id=11628, stack(0x000000005b1b0000,0x000000005b2b0000)]
  0x000000005d1a9800 JavaThread "Cache worker for Artifact transforms cache (C:\Users\Administrator\.gradle\caches\transforms-1)" [_thread_blocked, id=15004, stack(0x0000000061b30000,0x0000000061c30000)]
  0x000000005d2ef000 JavaThread "Cache worker for file hash cache (D:\IonicDemo\RNProject\android\.gradle\4.7\fileHashes)" [_thread_blocked, id=8684, stack(0x000000005de90000,0x000000005df90000)]
  0x000000005be0b800 JavaThread "File lock request listener" [_thread_in_native, id=17364, stack(0x000000005ccc0000,0x000000005cdc0000)]
  0x000000005be53000 JavaThread "Cache worker for file hash cache (C:\Users\Administrator\.gradle\caches\4.7\fileHashes)" [_thread_blocked, id=4312, stack(0x000000005ac10000,0x000000005ad10000)]
  0x000000005b9ca000 JavaThread "Stdin handler" [_thread_blocked, id=16320, stack(0x000000005c880000,0x000000005c980000)]
  0x000000005b9d6000 JavaThread "Asynchronous log dispatcher for DefaultDaemonConnection: socket connection from /127.0.0.1:59684 to /127.0.0.1:59685" [_thread_blocked, id=11552, stack(0x000000005a980000,0x000000005aa80000)]
  0x000000005b977000 JavaThread "Daemon worker" [_thread_in_native, id=10432, stack(0x000000005c740000,0x000000005c840000)]
  0x000000005ba88000 JavaThread "Cancel handler" [_thread_blocked, id=9756, stack(0x000000005c610000,0x000000005c710000)]
  0x000000005ba6d800 JavaThread "Handler for socket connection from /127.0.0.1:59684 to /127.0.0.1:59685" [_thread_in_native, id=5228, stack(0x000000005b0a0000,0x000000005b1a0000)]
  0x000000005ba6a800 JavaThread "Daemon" [_thread_blocked, id=15432, stack(0x000000005af70000,0x000000005b070000)]
  0x000000005bd28800 JavaThread "Daemon periodic checks" [_thread_blocked, id=6780, stack(0x000000005ae40000,0x000000005af40000)]
  0x000000005bd32800 JavaThread "Incoming local TCP Connector on port 59684" [_thread_in_native, id=16924, stack(0x000000005ad30000,0x000000005ae30000)]
  0x000000005907e000 JavaThread "Service Thread" daemon [_thread_blocked, id=16056, stack(0x0000000059b80000,0x0000000059c80000)]
  0x0000000059012800 JavaThread "C1 CompilerThread2" daemon [_thread_blocked, id=14344, stack(0x0000000059430000,0x0000000059530000)]
  0x0000000059011800 JavaThread "C2 CompilerThread1" daemon [_thread_in_native, id=15520, stack(0x00000000599c0000,0x0000000059ac0000)]
=>0x00000000077ae800 JavaThread "C2 CompilerThread0" daemon [_thread_in_native, id=6284, stack(0x0000000059860000,0x0000000059960000)]
  0x00000000077aa800 JavaThread "Attach Listener" daemon [_thread_blocked, id=9648, stack(0x00000000596f0000,0x00000000597f0000)]
  0x0000000058fea800 JavaThread "Signal Dispatcher" daemon [_thread_blocked, id=14708, stack(0x0000000059530000,0x0000000059630000)]
  0x0000000007788800 JavaThread "Finalizer" daemon [_thread_blocked, id=9292, stack(0x0000000058b50000,0x0000000058c50000)]
  0x0000000007741800 JavaThread "Reference Handler" daemon [_thread_blocked, id=16460, stack(0x0000000058ee0000,0x0000000058fe0000)]
  0x00000000022e8000 JavaThread "main" [_thread_blocked, id=7612, stack(0x0000000002490000,0x0000000002590000)]

Other Threads:
  0x000000000773a000 VMThread [stack: 0x0000000058d40000,0x0000000058e40000] [id=9916]
  0x0000000059098800 WatcherThread [stack: 0x0000000059e70000,0x0000000059f70000] [id=8700]

VM state:not at safepoint (normal execution)

VM Mutex/Monitor currently owned by a thread: None

Heap:
 PSYoungGen      total 143872K, used 28585K [0x00000000d5580000, 0x00000000df200000, 0x0000000100000000)
  eden space 132608K, 13% used [0x00000000d5580000,0x00000000d6670068,0x00000000dd700000)
  from space 11264K, 99% used [0x00000000de700000,0x00000000df1fa4f0,0x00000000df200000)
  to   space 13312K, 0% used [0x00000000dd800000,0x00000000dd800000,0x00000000de500000)
 ParOldGen       total 143872K, used 22335K [0x0000000080000000, 0x0000000088c80000, 0x00000000d5580000)
  object space 143872K, 15% used [0x0000000080000000,0x00000000815cfd98,0x0000000088c80000)
 Metaspace       used 44862K, capacity 46050K, committed 46208K, reserved 1089536K
  class space    used 6081K, capacity 6508K, committed 6528K, reserved 1048576K

Card table byte_map: [0x0000000002950000,0x0000000002d60000] byte_map_base: 0x0000000002550000

Marking Bits: (ParMarkBitMap*) 0x0000000007ff3950
 Begin Bits: [0x00000000035b0000, 0x00000000055b0000)
 End Bits:   [0x00000000055b0000, 0x00000000075b0000)

Polling page: 0x0000000001c60000

CodeCache: size=245760Kb used=15492Kb max_used=15492Kb free=230267Kb
 bounds [0x0000000008070000, 0x0000000008fa0000, 0x0000000017070000]
 total_blobs=5253 nmethods=4511 adapters=654
 compilation: enabled

Compilation events (10 events):
Event: 7.864 Thread 0x0000000059012800 5092       3       sun.nio.fs.WindowsDirectoryStream::access$400 (5 bytes)
Event: 7.864 Thread 0x0000000059012800 nmethod 5092 0x0000000008f9b8d0 code [0x0000000008f9ba20, 0x0000000008f9bb50]
Event: 7.875 Thread 0x0000000059012800 5094       1       sun.nio.fs.NativeBuffer::address (5 bytes)
Event: 7.875 Thread 0x0000000059012800 nmethod 5094 0x0000000008f9bc10 code [0x0000000008f9bd60, 0x0000000008f9be70]
Event: 7.875 Thread 0x0000000059012800 5096   !   3       sun.nio.fs.WindowsDirectoryStream$WindowsDirectoryIterator::readNextEntry (192 bytes)
Event: 7.876 Thread 0x0000000059012800 nmethod 5096 0x0000000008f9bed0 code [0x0000000008f9c180, 0x0000000008f9d1d8]
Event: 7.876 Thread 0x0000000059012800 5095  s    3       sun.nio.fs.WindowsDirectoryStream$WindowsDirectoryIterator::hasNext (35 bytes)
Event: 7.876 Thread 0x0000000059012800 nmethod 5095 0x0000000008f9db90 code [0x0000000008f9dd00, 0x0000000008f9e0e8]
Event: 7.876 Thread 0x0000000059012800 5097       3       sun.nio.fs.WindowsFileAttributes::fromFindData (127 bytes)
Event: 7.876 Thread 0x0000000059012800 nmethod 5097 0x0000000008f9e1d0 code [0x0000000008f9e340, 0x0000000008f9e6c8]

GC Heap History (10 events):
Event: 3.706 GC heap before
{Heap before GC invocations=4 (full 1):
 PSYoungGen      total 95744K, used 82432K [0x00000000d5580000, 0x00000000dc000000, 0x0000000100000000)
  eden space 82432K, 100% used [0x00000000d5580000,0x00000000da600000,0x00000000da600000)
  from space 13312K, 0% used [0x00000000db300000,0x00000000db300000,0x00000000dc000000)
  to   space 13312K, 0% used [0x00000000da600000,0x00000000da600000,0x00000000db300000)
 ParOldGen       total 143872K, used 13387K [0x0000000080000000, 0x0000000088c80000, 0x00000000d5580000)
  object space 143872K, 9% used [0x0000000080000000,0x0000000080d12fc0,0x0000000088c80000)
 Metaspace       used 27483K, capacity 28072K, committed 28416K, reserved 1073152K
  class space    used 3761K, capacity 3970K, committed 4096K, reserved 1048576K
Event: 3.769 GC heap after
Heap after GC invocations=4 (full 1):
 PSYoungGen      total 95744K, used 8135K [0x00000000d5580000, 0x00000000df400000, 0x0000000100000000)
  eden space 82432K, 0% used [0x00000000d5580000,0x00000000d5580000,0x00000000da600000)
  from space 13312K, 61% used [0x00000000da600000,0x00000000dadf1f98,0x00000000db300000)
  to   space 13312K, 0% used [0x00000000de700000,0x00000000de700000,0x00000000df400000)
 ParOldGen       total 143872K, used 13395K [0x0000000080000000, 0x0000000088c80000, 0x00000000d5580000)
  object space 143872K, 9% used [0x0000000080000000,0x0000000080d14fc0,0x0000000088c80000)
 Metaspace       used 27483K, capacity 28072K, committed 28416K, reserved 1073152K
  class space    used 3761K, capacity 3970K, committed 4096K, reserved 1048576K
}
Event: 5.255 GC heap before
{Heap before GC invocations=5 (full 1):
 PSYoungGen      total 95744K, used 90567K [0x00000000d5580000, 0x00000000df400000, 0x0000000100000000)
  eden space 82432K, 100% used [0x00000000d5580000,0x00000000da600000,0x00000000da600000)
  from space 13312K, 61% used [0x00000000da600000,0x00000000dadf1f98,0x00000000db300000)
  to   space 13312K, 0% used [0x00000000de700000,0x00000000de700000,0x00000000df400000)
 ParOldGen       total 143872K, used 13395K [0x0000000080000000, 0x0000000088c80000, 0x00000000d5580000)
  object space 143872K, 9% used [0x0000000080000000,0x0000000080d14fc0,0x0000000088c80000)
 Metaspace       used 32557K, capacity 33290K, committed 33536K, reserved 1077248K
  class space    used 4488K, capacity 4768K, committed 4864K, reserved 1048576K
Event: 5.275 GC heap after
Heap after GC invocations=5 (full 1):
 PSYoungGen      total 143872K, used 10900K [0x00000000d5580000, 0x00000000df200000, 0x0000000100000000)
  eden space 132608K, 0% used [0x00000000d5580000,0x00000000d5580000,0x00000000dd700000)
  from space 11264K, 96% used [0x00000000de700000,0x00000000df1a5260,0x00000000df200000)
  to   space 13312K, 0% used [0x00000000dd800000,0x00000000dd800000,0x00000000de500000)
 ParOldGen       total 143872K, used 13467K [0x0000000080000000, 0x0000000088c80000, 0x00000000d5580000)
  object space 143872K, 9% used [0x0000000080000000,0x0000000080d26fd0,0x0000000088c80000)
 Metaspace       used 32557K, capacity 33290K, committed 33536K, reserved 1077248K
  class space    used 4488K, capacity 4768K, committed 4864K, reserved 1048576K
}
Event: 6.507 GC heap before
{Heap before GC invocations=6 (full 1):
 PSYoungGen      total 143872K, used 65233K [0x00000000d5580000, 0x00000000df200000, 0x0000000100000000)
  eden space 132608K, 40% used [0x00000000d5580000,0x00000000d8a8f3e8,0x00000000dd700000)
  from space 11264K, 96% used [0x00000000de700000,0x00000000df1a5260,0x00000000df200000)
  to   space 13312K, 0% used [0x00000000dd800000,0x00000000dd800000,0x00000000de500000)
 ParOldGen       total 143872K, used 13467K [0x0000000080000000, 0x0000000088c80000, 0x00000000d5580000)
  object space 143872K, 9% used [0x0000000080000000,0x0000000080d26fd0,0x0000000088c80000)
 Metaspace       used 34425K, capacity 35306K, committed 35416K, reserved 1079296K
  class space    used 4715K, capacity 5052K, committed 5120K, reserved 1048576K
Event: 6.516 GC heap after
Heap after GC invocations=6 (full 1):
 PSYoungGen      total 145920K, used 10659K [0x00000000d5580000, 0x00000000df200000, 0x0000000100000000)
  eden space 132608K, 0% used [0x00000000d5580000,0x00000000d5580000,0x00000000dd700000)
  from space 13312K, 80% used [0x00000000dd800000,0x00000000de268cc0,0x00000000de500000)
  to   space 11264K, 0% used [0x00000000de700000,0x00000000de700000,0x00000000df200000)
 ParOldGen       total 143872K, used 13475K [0x0000000080000000, 0x0000000088c80000, 0x00000000d5580000)
  object space 143872K, 9% used [0x0000000080000000,0x0000000080d28fd0,0x0000000088c80000)
 Metaspace       used 34425K, capacity 35306K, committed 35416K, reserved 1079296K
  class space    used 4715K, capacity 5052K, committed 5120K, reserved 1048576K
}
Event: 6.516 GC heap before
{Heap before GC invocations=7 (full 2):
 PSYoungGen      total 145920K, used 10659K [0x00000000d5580000, 0x00000000df200000, 0x0000000100000000)
  eden space 132608K, 0% used [0x00000000d5580000,0x00000000d5580000,0x00000000dd700000)
  from space 13312K, 80% used [0x00000000dd800000,0x00000000de268cc0,0x00000000de500000)
  to   space 11264K, 0% used [0x00000000de700000,0x00000000de700000,0x00000000df200000)
 ParOldGen       total 143872K, used 13475K [0x0000000080000000, 0x0000000088c80000, 0x00000000d5580000)
  object space 143872K, 9% used [0x0000000080000000,0x0000000080d28fd0,0x0000000088c80000)
 Metaspace       used 34425K, capacity 35306K, committed 35416K, reserved 1079296K
  class space    used 4715K, capacity 5052K, committed 5120K, reserved 1048576K
Event: 6.568 GC heap after
Heap after GC invocations=7 (full 2):
 PSYoungGen      total 145920K, used 0K [0x00000000d5580000, 0x00000000df200000, 0x0000000100000000)
  eden space 132608K, 0% used [0x00000000d5580000,0x00000000d5580000,0x00000000dd700000)
  from space 13312K, 0% used [0x00000000dd800000,0x00000000dd800000,0x00000000de500000)
  to   space 11264K, 0% used [0x00000000de700000,0x00000000de700000,0x00000000df200000)
 ParOldGen       total 143872K, used 18232K [0x0000000080000000, 0x0000000088c80000, 0x00000000d5580000)
  object space 143872K, 12% used [0x0000000080000000,0x00000000811ce190,0x0000000088c80000)
 Metaspace       used 34425K, capacity 35306K, committed 35416K, reserved 1079296K
  class space    used 4715K, capacity 5052K, committed 5120K, reserved 1048576K
}
Event: 7.744 GC heap before
{Heap before GC invocations=8 (full 2):
 PSYoungGen      total 145920K, used 132608K [0x00000000d5580000, 0x00000000df200000, 0x0000000100000000)
  eden space 132608K, 100% used [0x00000000d5580000,0x00000000dd700000,0x00000000dd700000)
  from space 13312K, 0% used [0x00000000dd800000,0x00000000dd800000,0x00000000de500000)
  to   space 11264K, 0% used [0x00000000de700000,0x00000000de700000,0x00000000df200000)
 ParOldGen       total 143872K, used 18232K [0x0000000080000000, 0x0000000088c80000, 0x00000000d5580000)
  object space 143872K, 12% used [0x0000000080000000,0x00000000811ce190,0x0000000088c80000)
 Metaspace       used 43789K, capacity 44990K, committed 45312K, reserved 1087488K
  class space    used 5904K, capacity 6308K, committed 6400K, reserved 1048576K
Event: 7.757 GC heap after
Heap after GC invocations=8 (full 2):
 PSYoungGen      total 143872K, used 11241K [0x00000000d5580000, 0x00000000df200000, 0x0000000100000000)
  eden space 132608K, 0% used [0x00000000d5580000,0x00000000d5580000,0x00000000dd700000)
  from space 11264K, 99% used [0x00000000de700000,0x00000000df1fa4f0,0x00000000df200000)
  to   space 13312K, 0% used [0x00000000dd800000,0x00000000dd800000,0x00000000de500000)
 ParOldGen       total 143872K, used 22335K [0x0000000080000000, 0x0000000088c80000, 0x00000000d5580000)
  object space 143872K, 15% used [0x0000000080000000,0x00000000815cfd98,0x0000000088c80000)
 Metaspace       used 43789K, capacity 44990K, committed 45312K, reserved 1087488K
  class space    used 5904K, capacity 6308K, committed 6400K, reserved 1048576K
}

Deoptimization events (10 events):
Event: 7.090 Thread 0x000000005b977000 Uncommon trap: reason=unstable_if action=reinterpret pc=0x0000000008d7b414 method=java.util.jar.JarFile.getInputStream(Ljava/util/zip/ZipEntry;)Ljava/io/InputStream; @ 37
Event: 7.091 Thread 0x000000005b977000 Uncommon trap: reason=unstable_if action=reinterpret pc=0x0000000008aee378 method=java.util.jar.JarFile$JarFileEntry.getCodeSigners()[Ljava/security/CodeSigner; @ 24
Event: 7.092 Thread 0x000000005b977000 Uncommon trap: reason=unstable_if action=reinterpret pc=0x0000000008836d1c method=java.security.CodeSource.getCertificates()[Ljava/security/cert/Certificate; @ 22
Event: 7.092 Thread 0x000000005b977000 Uncommon trap: reason=unstable_if action=reinterpret pc=0x0000000008833b74 method=java.util.jar.JarFile.maybeInstantiateVerifier()V @ 75
Event: 7.093 Thread 0x000000005b977000 Uncommon trap: reason=class_check action=maybe_recompile pc=0x00000000082c4f54 method=java.util.jar.JarFile.getJarEntry(Ljava/lang/String;)Ljava/util/jar/JarEntry; @ 2
Event: 7.093 Thread 0x000000005b977000 Uncommon trap: reason=class_check action=maybe_recompile pc=0x00000000082c4f54 method=java.util.jar.JarFile.getJarEntry(Ljava/lang/String;)Ljava/util/jar/JarEntry; @ 2
Event: 7.093 Thread 0x000000005b977000 Uncommon trap: reason=class_check action=maybe_recompile pc=0x00000000082c4f54 method=java.util.jar.JarFile.getJarEntry(Ljava/lang/String;)Ljava/util/jar/JarEntry; @ 2
Event: 7.094 Thread 0x000000005b977000 Uncommon trap: reason=unstable_if action=reinterpret pc=0x00000000083880a8 method=java.util.LinkedHashMap.get(Ljava/lang/Object;)Ljava/lang/Object; @ 20
Event: 7.097 Thread 0x000000005b977000 Uncommon trap: reason=class_check action=maybe_recompile pc=0x00000000082c4f54 method=java.util.jar.JarFile.getJarEntry(Ljava/lang/String;)Ljava/util/jar/JarEntry; @ 2
Event: 7.267 Thread 0x000000005b977000 Uncommon trap: reason=unstable_if action=reinterpret pc=0x000000000888582c method=java.security.CodeSource.matchCerts(Ljava/security/CodeSource;Z)Z @ 11

Classes redefined (0 events):
No events

Internal exceptions (10 events):
Event: 7.800 Thread 0x000000005b977000 Exception <a 'java/lang/ClassNotFoundException': org/gradle/api/internal/artifacts/configurations/DefaultConfigurationContainerCustomizer> (0x00000000d5ed2308) thrown at [D:\src\AOSP-openjdk-cygwin\jdk8u\hotspot\src\share\vm\classfile\systemDictionary.cpp
Event: 7.801 Thread 0x000000005b977000 Exception <a 'java/lang/ClassNotFoundException': org/gradle/api/internal/artifacts/configurations/DefaultConfigurationContainer_DecoratedCustomizer> (0x00000000d5f510d8) thrown at [D:\src\AOSP-openjdk-cygwin\jdk8u\hotspot\src\share\vm\classfile\systemDict
Event: 7.860 Thread 0x000000005b977000 Exception <a 'sun/nio/fs/WindowsException'> (0x00000000d656d250) thrown at [D:\src\AOSP-openjdk-cygwin\jdk8u\hotspot\src\share\vm\prims\jni.cpp, line 709]
Event: 7.860 Thread 0x000000005b977000 Exception <a 'sun/nio/fs/WindowsException'> (0x00000000d656dbc0) thrown at [D:\src\AOSP-openjdk-cygwin\jdk8u\hotspot\src\share\vm\prims\jni.cpp, line 709]
Event: 7.861 Thread 0x000000005b977000 Exception <a 'sun/nio/fs/WindowsException'> (0x00000000d656f6a0) thrown at [D:\src\AOSP-openjdk-cygwin\jdk8u\hotspot\src\share\vm\prims\jni.cpp, line 709]
Event: 7.861 Thread 0x000000005b977000 Exception <a 'sun/nio/fs/WindowsException'> (0x00000000d6570030) thrown at [D:\src\AOSP-openjdk-cygwin\jdk8u\hotspot\src\share\vm\prims\jni.cpp, line 709]
Event: 7.874 Thread 0x000000005b977000 Exception <a 'sun/nio/fs/WindowsException'> (0x00000000d6580610) thrown at [D:\src\AOSP-openjdk-cygwin\jdk8u\hotspot\src\share\vm\prims\jni.cpp, line 709]
Event: 7.874 Thread 0x000000005b977000 Exception <a 'sun/nio/fs/WindowsException'> (0x00000000d6581068) thrown at [D:\src\AOSP-openjdk-cygwin\jdk8u\hotspot\src\share\vm\prims\jni.cpp, line 709]
Event: 7.875 Thread 0x000000005b977000 Exception <a 'sun/nio/fs/WindowsException'> (0x00000000d6582af0) thrown at [D:\src\AOSP-openjdk-cygwin\jdk8u\hotspot\src\share\vm\prims\jni.cpp, line 709]
Event: 7.875 Thread 0x000000005b977000 Exception <a 'sun/nio/fs/WindowsException'> (0x00000000d6583770) thrown at [D:\src\AOSP-openjdk-cygwin\jdk8u\hotspot\src\share\vm\prims\jni.cpp, line 709]

Events (10 events):
Event: 7.863 loading class java/util/stream/Node$OfDouble done
Event: 7.863 loading class java/util/stream/Nodes$EmptyNode$OfDouble done
Event: 7.863 loading class java/util/stream/Nodes$SpinedNodeBuilder
Event: 7.863 loading class java/util/stream/Node$Builder
Event: 7.863 loading class java/util/stream/Node$Builder done
Event: 7.863 loading class java/util/stream/SpinedBuffer
Event: 7.864 loading class java/util/stream/AbstractSpinedBuffer
Event: 7.864 loading class java/util/stream/AbstractSpinedBuffer done
Event: 7.864 loading class java/util/stream/SpinedBuffer done
Event: 7.864 loading class java/util/stream/Nodes$SpinedNodeBuilder done


Dynamic libraries:
0x000000013fde0000 - 0x000000013fe11000 	D:\Program Files\Android\Android Studio\jre\bin\java.exe
0x00000000773b0000 - 0x000000007754f000 	C:\Windows\SYSTEM32\ntdll.dll
0x0000000077190000 - 0x00000000772af000 	C:\Windows\system32\kernel32.dll
0x000007fefd360000 - 0x000007fefd3ca000 	C:\Windows\system32\KERNELBASE.dll
0x000007feff570000 - 0x000007feff64b000 	C:\Windows\system32\ADVAPI32.dll
0x000007fefde50000 - 0x000007fefdeef000 	C:\Windows\system32\msvcrt.dll
0x000007fefe360000 - 0x000007fefe37f000 	C:\Windows\SYSTEM32\sechost.dll
0x000007fefe110000 - 0x000007fefe23d000 	C:\Windows\system32\RPCRT4.dll
0x00000000772b0000 - 0x00000000773aa000 	C:\Windows\system32\USER32.dll
0x000007fefdfd0000 - 0x000007fefe037000 	C:\Windows\system32\GDI32.dll
0x000007fefe350000 - 0x000007fefe35e000 	C:\Windows\system32\LPK.dll
0x000007fefe040000 - 0x000007fefe10b000 	C:\Windows\system32\USP10.dll
0x000007fefb7d0000 - 0x000007fefb9c4000 	C:\Windows\WinSxS\amd64_microsoft.windows.common-controls_6595b64144ccf1df_6.0.7601.18837_none_fa3b1e3d17594757\COMCTL32.dll
0x000007fefd8e0000 - 0x000007fefd951000 	C:\Windows\system32\SHLWAPI.dll
0x000007fefde20000 - 0x000007fefde4e000 	C:\Windows\system32\IMM32.DLL
0x000007fefe240000 - 0x000007fefe349000 	C:\Windows\system32\MSCTF.dll
0x000000005b2e0000 - 0x000000005b3b2000 	D:\Program Files\Android\Android Studio\jre\jre\bin\msvcr100.dll
0x0000000007830000 - 0x000000000806e000 	D:\Program Files\Android\Android Studio\jre\jre\bin\server\jvm.dll
0x000007fef8b50000 - 0x000007fef8b59000 	C:\Windows\system32\WSOCK32.dll
0x000007feff650000 - 0x000007feff69d000 	C:\Windows\system32\WS2_32.dll
0x000007feff380000 - 0x000007feff388000 	C:\Windows\system32\NSI.dll
0x000007fefb160000 - 0x000007fefb19b000 	C:\Windows\system32\WINMM.dll
0x000007fefc1f0000 - 0x000007fefc1fc000 	C:\Windows\system32\VERSION.dll
0x0000000077560000 - 0x0000000077567000 	C:\Windows\system32\PSAPI.DLL
0x000007fefbe00000 - 0x000007fefbe0f000 	D:\Program Files\Android\Android Studio\jre\jre\bin\verify.dll
0x000007feee2e0000 - 0x000007feee309000 	D:\Program Files\Android\Android Studio\jre\jre\bin\java.dll
0x000007feee2c0000 - 0x000007feee2d6000 	D:\Program Files\Android\Android Studio\jre\jre\bin\zip.dll
0x000007fefe590000 - 0x000007feff31a000 	C:\Windows\system32\SHELL32.dll
0x000007fefd6c0000 - 0x000007fefd8bf000 	C:\Windows\system32\ole32.dll
0x000007fefd1f0000 - 0x000007fefd1ff000 	C:\Windows\system32\profapi.dll
0x000007feee2a0000 - 0x000007feee2ba000 	D:\Program Files\Android\Android Studio\jre\jre\bin\net.dll
0x000007fefc120000 - 0x000007fefc136000 	C:\Windows\system32\PrxerDrv.dll
0x000007fefc930000 - 0x000007fefc985000 	C:\Windows\system32\mswsock.dll
0x000007fefc920000 - 0x000007fefc927000 	C:\Windows\System32\wship6.dll
0x000007feee280000 - 0x000007feee291000 	D:\Program Files\Android\Android Studio\jre\jre\bin\nio.dll
0x000007feedca0000 - 0x000007feedcbe000 	C:\Users\Administrator\.gradle\native\25\windows-amd64\native-platform.dll
0x000007fefbdf0000 - 0x000007fefbdfd000 	D:\Program Files\Android\Android Studio\jre\jre\bin\management.dll
0x000007fefc990000 - 0x000007fefc9a8000 	C:\Windows\system32\CRYPTSP.dll
0x000007fefc690000 - 0x000007fefc6d7000 	C:\Windows\system32\rsaenh.dll
0x000007fefd580000 - 0x000007fefd59e000 	C:\Windows\system32\USERENV.dll
0x000007fefd080000 - 0x000007fefd08f000 	C:\Windows\system32\CRYPTBASE.dll
0x000007fefb2d0000 - 0x000007fefb2f7000 	C:\Windows\system32\IPHLPAPI.DLL
0x000007fefa6b0000 - 0x000007fefa6bb000 	C:\Windows\system32\WINNSI.DLL
0x000007fef9660000 - 0x000007fef9671000 	C:\Windows\system32\dhcpcsvc6.DLL
0x000007fef95e0000 - 0x000007fef95f8000 	C:\Windows\system32\dhcpcsvc.DLL

VM Arguments:
jvm_args: -XX:MaxHeapSize=512m -Xmx2048m -Dfile.encoding=GBK -Duser.country=CN -Duser.language=zh -Duser.variant 
java_command: org.gradle.launcher.daemon.bootstrap.GradleDaemon 4.7
java_class_path (initial): C:\Users\Administrator\.gradle\wrapper\dists\gradle-4.7-all\4cret0dgl5o3b21weaoncl7ys\gradle-4.7\lib\gradle-launcher-4.7.jar
Launcher Type: SUN_STANDARD

Environment Variables:
JAVA_HOME=C:\Program Files\Java\jdk1.8.0_144
CLASSPATH=.;C:\Program Files\Java\jdk1.8.0_144\lib;C:\Program Files\Java\jdk1.8.0_144\lib\tools.jar
PATH=C:\Windows\system32;C:\Windows;C:\Windows\System32\Wbem;C:\Windows\System32\WindowsPowerShell\v1.0\;C:\Python27\;C:\Program Files (x86)\CodeAndWeb\TexturePacker\bin\;C:\Program Files\TortoiseSVN\bin\;D:\Apache-Subversion-1.9.7\bin\;C:\Program Files\Java\jdk1.8.0_144\bin\;C:\Program Files\Unity\Editor\;D:\Android\Sdk\platform-tools;C:\Python27\Scripts\;C:\Users\Administrator\AppData\Local\Programs\Python\Python36-32\Scripts\;C:\Program Files\Microsoft VS Code\bin\;D:\Program Files\WinRAR\;C:\Program Files\Git\mingw64\bin\;D:\Program Files (x86)\CodeAndWeb\TexturePacker\bin\;;C:\Program Files\Microsoft VS Code\bin;C:\Program Files\dotnet\;D:\cocos2d-x-3.13\tools\cocos2d-console\bin;D:\Program Files\nodejs\;D:\cocos2d-x-3.13\templates;D:\cocos2d-x-3.13\tools\cocos2d-console\bin;D:\;\tools\cocos2d-console\bin;\cocos2d-x-3.17\templates;cocos2d-x-3.17\cocos2d-x-3.17\tools\cocos2d-console\bin;cocos2d-x-3.13\templates;\Cocos2d-x-3.10\templates;C:\Program Files\Microsoft VS Code\bin;C:\Program Files\CMake\bin;C:\Users\Administrator\AppData\Roaming\npm;C:\Users\Administrator\AppData\Local\Programs\Fiddler;C:\Program Files (x86)\Egret\Egret Wing 3\bin
USERNAME=Administrator
OS=Windows_NT
PROCESSOR_IDENTIFIER=Intel64 Family 6 Model 94 Stepping 3, GenuineIntel



---------------  S Y S T E M  ---------------

OS: Windows 7 , 64 bit Build 7601 (6.1.7601.24354)

CPU:total 4 (initial active 4) (4 cores per cpu, 1 threads per core) family 6 model 94 stepping 3, cmov, cx8, fxsr, mmx, sse, sse2, sse3, ssse3, sse4.1, sse4.2, popcnt, avx, avx2, aes, clmul, erms, rtm, 3dnowpref, lzcnt, tsc, tscinvbit, bmi1, bmi2, adx

Memory: 4k page, physical 20900232k(4429916k free), swap 20898328k(4060k free)

vm_info: OpenJDK 64-Bit Server VM (25.152-b01) for windows-amd64 JRE (1.8.0_152-release-915-b01), built by "builder" with MS VC++ 10.0 (VS2010)

time: Mon Feb 25 10:22:36 2019
elapsed time: 8 seconds (0d 0h 0m 8s)

