JvmtiExport can_access_local_variables 0
JvmtiExport can_hotswap_or_post_breakpoint 0
JvmtiExport can_post_on_exceptions 0
# 237 ciObject found
ciMethod java/lang/Object <init> ()V 4097 1 9040654 0 0
ciMethod java/lang/Object hashCode ()I 5121 1 640 0 -1
ciMethod java/lang/Object equals (Ljava/lang/Object;)Z 2057 1 117098 0 -1
ciMethod java/lang/String <init> ([CII)V 3465 1 5880 0 688
ciMethod java/lang/String length ()I 4097 1 2239141 0 48
ciMethod java/lang/String charAt (I)C 4097 1 5171509 0 144
ciMethod java/lang/String equals (Ljava/lang/Object;)Z 67065 250785 10585 0 -1
ciMethod java/lang/String hashCode ()I 2673 32769 1029 0 304
ciMethod java/lang/String substring (I)Ljava/lang/String; 2145 1 5538 0 912
ciMethod java/lang/String substring (II)Ljava/lang/String; 3369 1 6396 0 976
ciMethod java/lang/System currentTimeMillis ()J 2049 1 256 0 -1
ciMethod java/lang/System arraycopy (Ljava/lang/Object;ILjava/lang/Object;II)V 7169 1 896 0 -1
ciMethod java/util/Map get (Ljava/lang/Object;)Ljava/lang/Object; 0 0 1 0 -1
ciMethod java/util/Map put (Ljava/lang/Object;Ljava/lang/Object;)Ljava/lang/Object; 0 0 1 0 -1
ciMethod java/util/Map remove (Ljava/lang/Object;)Ljava/lang/Object; 0 0 1 0 -1
ciMethod java/util/Map keySet ()Ljava/util/Set; 0 0 1 0 -1
ciMethod java/lang/AbstractStringBuilder <init> (I)V 1385 1 598192 0 -1
ciMethod java/lang/AbstractStringBuilder append (Ljava/lang/String;)Ljava/lang/AbstractStringBuilder; 2121 1 20498 0 -1
ciMethod java/lang/AbstractStringBuilder append (C)Ljava/lang/AbstractStringBuilder; 4097 1 1533395 0 -1
ciMethod java/lang/StringBuilder <init> ()V 1049 1 476214 0 176
ciMethod java/lang/StringBuilder append (Ljava/lang/String;)Ljava/lang/StringBuilder; 2177 1 1167566 0 1008
ciMethod java/lang/StringBuilder append (C)Ljava/lang/StringBuilder; 4097 1 948408 0 816
ciMethod java/lang/StringBuilder toString ()Ljava/lang/String; 1129 1 486997 0 816
ciMethod java/io/File <init> (Ljava/lang/String;)V 2049 1 16264 0 -1
ciMethod java/io/File exists ()Z 3073 1 6534 0 -1
ciMethod java/io/File isDirectory ()Z 3073 1 5506 0 -1
ciMethod java/util/Set size ()I 0 0 1 0 -1
ciMethod java/util/Set iterator ()Ljava/util/Iterator; 0 0 1 0 -1
ciMethod java/util/HashMap hash (Ljava/lang/Object;)I 3745 1 298362 0 160
ciMethod java/util/HashMap comparableClassFor (Ljava/lang/Object;)Ljava/lang/Class; 945 1 118 0 -1
ciMethod java/util/HashMap compareComparables (Ljava/lang/Class;Ljava/lang/Object;Ljava/lang/Object;)I 0 0 1 0 -1
ciMethod java/util/HashMap size ()I 1025 1 128 0 0
ciMethod java/util/HashMap getNode (ILjava/lang/Object;)Ljava/util/HashMap$Node; 2465 17 18777 0 464
ciMethod java/util/HashMap put (Ljava/lang/Object;Ljava/lang/Object;)Ljava/lang/Object; 1273 1 112802 0 1232
ciMethod java/util/HashMap putVal (ILjava/lang/Object;Ljava/lang/Object;ZZ)Ljava/lang/Object; 1297 33 45348 0 1200
ciMethod java/util/HashMap resize ()[Ljava/util/HashMap$Node; 1113 3057 13175 0 -1
ciMethod java/util/HashMap treeifyBin ([Ljava/util/HashMap$Node;I)V 1 1 10 0 0
ciMethod java/util/HashMap removeNode (ILjava/lang/Object;Ljava/lang/Object;ZZ)Ljava/util/HashMap$Node; 16449 449 19537 0 1072
ciMethod java/util/HashMap newNode (ILjava/lang/Object;Ljava/lang/Object;Ljava/util/HashMap$Node;)Ljava/util/HashMap$Node; 3073 1 5508 0 -1
ciMethod java/util/HashMap newTreeNode (ILjava/lang/Object;Ljava/lang/Object;Ljava/util/HashMap$Node;)Ljava/util/HashMap$TreeNode; 0 0 1 0 -1
ciMethod java/util/HashMap replacementTreeNode (Ljava/util/HashMap$Node;Ljava/util/HashMap$Node;)Ljava/util/HashMap$TreeNode; 0 0 1 0 -1
ciMethod java/util/HashMap afterNodeAccess (Ljava/util/HashMap$Node;)V 2049 1 1280 0 -1
ciMethod java/util/HashMap afterNodeInsertion (Z)V 3073 1 1412 0 -1
ciMethod java/util/HashMap afterNodeRemoval (Ljava/util/HashMap$Node;)V 2161 1 1335 0 -1
ciMethod java/util/HashMap$Node <init> (ILjava/lang/Object;Ljava/lang/Object;Ljava/util/HashMap$Node;)V 3481 1 14775 0 80
ciMethod java/lang/Math min (II)I 4097 1 388275 0 -1
ciMethod java/util/Arrays copyOfRange ([CII)[C 3705 1 5616 0 512
ciMethodData java/lang/String charAt (I)C 2 5171513 orig 264 56 157 115 7 0 0 0 0 176 61 143 5 0 0 0 0 120 1 0 0 32 0 0 0 0 0 0 0 0 0 0 0 0 0 0 0 0 0 0 0 0 0 0 0 0 0 0 0 0 0 0 0 0 0 0 0 0 0 0 0 0 0 0 0 0 0 0 0 0 0 0 0 0 0 0 0 0 0 0 0 77 68 79 32 101 120 116 114 97 32 100 97 116 97 32 108 111 99 107 0 0 0 0 0 0 0 0 0 0 0 0 0 0 0 0 0 0 0 0 0 0 0 0 0 0 0 0 0 0 0 0 0 0 0 0 0 0 0 0 0 0 0 0 0 0 0 0 0 0 0 0 0 0 0 0 0 0 0 0 0 0 0 0 1 0 0 0 0 0 0 0 0 0 0 0 0 0 0 0 0 0 0 0 0 25 0 0 0 0 0 0 0 0 0 0 0 0 0 0 0 1 0 0 0 0 0 0 0 0 0 0 0 0 0 0 0 0 2 0 0 201 57 119 2 1 0 0 0 0 0 0 0 0 0 0 0 2 0 0 0 0 0 0 0 0 0 0 0 80 0 0 0 255 255 255 255 7 0 1 0 0 0 0 0 data 10 0x10007 0x0 0x40 0x4ee74a 0xa0007 0x4ee74f 0x30 0x0 0x120002 0x0 oops 0
ciMethodData java/lang/String length ()I 2 2239141 orig 264 56 157 115 7 0 0 0 0 96 60 143 5 0 0 0 0 32 1 0 0 0 0 0 0 0 0 0 0 0 0 0 0 0 0 0 0 0 0 0 0 0 0 0 0 0 0 0 0 0 0 0 0 0 0 0 0 0 0 0 0 0 0 0 0 0 0 0 0 0 0 0 0 0 0 0 0 0 0 0 0 77 68 79 32 101 120 116 114 97 32 100 97 116 97 32 108 111 99 107 0 0 0 0 0 0 0 0 0 0 0 0 0 0 0 0 0 0 0 0 0 0 0 0 0 0 0 0 0 0 0 0 0 0 0 0 0 0 0 0 0 0 0 0 0 0 0 0 0 0 0 0 0 0 0 0 0 0 0 0 0 0 0 0 0 0 0 0 0 0 0 0 0 0 0 0 0 0 0 0 0 0 0 0 0 1 0 0 0 0 0 0 0 0 0 0 0 0 0 0 0 1 0 0 0 0 0 0 0 0 0 0 0 0 0 0 0 0 2 0 0 41 69 17 1 1 0 0 0 0 0 0 0 0 0 0 0 2 0 0 0 0 0 0 0 0 0 0 0 0 0 0 0 255 255 255 255 0 0 0 0 0 0 0 0 data 0 oops 0
ciMethodData java/lang/Object <init> ()V 2 9040654 orig 264 56 157 115 7 0 0 0 0 128 4 143 5 0 0 0 0 32 1 0 0 0 0 0 0 0 0 0 0 0 0 0 0 0 0 0 0 0 0 0 0 0 0 0 0 0 0 0 0 0 0 0 0 0 0 0 0 0 0 0 0 0 0 0 0 0 0 0 0 0 0 0 0 0 0 0 0 0 0 0 0 77 68 79 32 101 120 116 114 97 32 100 97 116 97 32 108 111 99 107 0 0 0 0 0 0 0 0 0 0 0 0 0 0 0 0 0 0 0 0 0 0 0 0 0 0 0 0 0 0 0 0 0 0 0 0 0 0 0 0 0 0 0 0 0 0 0 0 0 0 0 0 0 0 0 0 0 0 0 0 0 0 0 0 0 0 0 0 0 0 0 0 0 0 0 0 0 0 0 0 0 0 0 0 0 1 0 0 0 0 0 0 0 1 0 0 0 0 0 0 0 1 0 0 0 0 0 0 0 0 0 0 0 0 0 0 0 0 2 0 0 113 136 79 4 1 0 0 0 0 0 0 0 0 0 0 0 2 0 0 0 0 0 3 0 1 0 0 0 0 0 0 0 255 255 255 255 0 0 0 0 0 0 0 0 data 0 oops 0
ciMethod java/util/Iterator hasNext ()Z 0 0 1 0 -1
ciMethod java/util/Iterator next ()Ljava/lang/Object; 0 0 1 0 -1
ciMethod java/io/WinNTFileSystem isLetter (C)Z 2785 1 13939 0 0
ciMethod java/io/WinNTFileSystem canonicalize (Ljava/lang/String;)Ljava/lang/String; 16401 1 7170 0 -1
ciMethod java/io/WinNTFileSystem canonicalize0 (Ljava/lang/String;)Ljava/lang/String; 2057 1 257 0 -1
ciMethod java/io/WinNTFileSystem canonicalizeWithPrefix (Ljava/lang/String;Ljava/lang/String;)Ljava/lang/String; 769 1 322 0 0
ciMethod java/io/WinNTFileSystem canonicalizeWithPrefix0 (Ljava/lang/String;Ljava/lang/String;)Ljava/lang/String; 2057 1 257 0 -1
ciMethod java/io/WinNTFileSystem parentOrNull (Ljava/lang/String;)Ljava/lang/String; 921 16489 1857 0 0
ciMethod java/io/ExpiringCache get (Ljava/lang/String;)Ljava/lang/String; 2057 1 5384 0 2608
ciMethod java/io/ExpiringCache put (Ljava/lang/String;Ljava/lang/String;)V 1817 1 3148 0 0
ciMethod java/io/ExpiringCache entryFor (Ljava/lang/String;)Ljava/io/ExpiringCache$Entry; 2049 1 6408 0 1552
ciMethod java/io/ExpiringCache cleanup ()V 1 1 41 0 0
ciMethod java/io/ExpiringCache access$000 (Ljava/io/ExpiringCache;)I 1025 1 128 0 0
ciMethod java/io/ExpiringCache$1 removeEldestEntry (Ljava/util/Map$Entry;)Z 2049 1 2338 0 0
ciMethod java/util/LinkedHashMap linkNodeLast (Ljava/util/LinkedHashMap$Entry;)V 4097 1 8961 0 0
ciMethod java/util/LinkedHashMap newNode (ILjava/lang/Object;Ljava/lang/Object;Ljava/util/HashMap$Node;)Ljava/util/HashMap$Node; 4097 1 8958 0 304
ciMethod java/util/LinkedHashMap afterNodeInsertion (Z)V 4097 1 29571 0 272
ciMethod java/util/LinkedHashMap afterNodeAccess (Ljava/util/HashMap$Node;)V 929 1 12907 0 272
ciMethod java/util/LinkedHashMap get (Ljava/lang/Object;)Ljava/lang/Object; 2049 1 51840 0 752
ciMethod java/util/LinkedHashMap removeEldestEntry (Ljava/util/Map$Entry;)Z 1609 1 201 0 -1
ciMethod java/io/ExpiringCache$Entry <init> (JLjava/lang/String;)V 2049 1 3142 0 0
ciMethod java/io/ExpiringCache$Entry timestamp ()J 697 1 1975 0 0
ciMethod java/io/ExpiringCache$Entry setTimestamp (J)V 0 0 8 0 0
ciMethod java/io/ExpiringCache$Entry val ()Ljava/lang/String; 929 1 116 0 -1
ciMethod java/io/ExpiringCache$Entry setVal (Ljava/lang/String;)V 0 0 8 0 0
ciMethod java/util/LinkedHashMap$Entry <init> (ILjava/lang/Object;Ljava/lang/Object;Ljava/util/HashMap$Node;)V 4097 1 9010 0 0
ciMethod java/util/HashMap$TreeNode root ()Ljava/util/HashMap$TreeNode; 1 1 1 0 -1
ciMethod java/util/HashMap$TreeNode moveRootToFront ([Ljava/util/HashMap$Node;Ljava/util/HashMap$TreeNode;)V 81 1 10 0 -1
ciMethod java/util/HashMap$TreeNode find (ILjava/lang/Object;Ljava/lang/Class;)Ljava/util/HashMap$TreeNode; 73 81 9 0 -1
ciMethod java/util/HashMap$TreeNode getTreeNode (ILjava/lang/Object;)Ljava/util/HashMap$TreeNode; 9 1 1 0 -1
ciMethod java/util/HashMap$TreeNode tieBreakOrder (Ljava/lang/Object;Ljava/lang/Object;)I 913 1 114 0 -1
ciMethod java/util/HashMap$TreeNode treeify ([Ljava/util/HashMap$Node;)V 49 977 6 0 -1
ciMethod java/util/HashMap$TreeNode putTreeVal (Ljava/util/HashMap;[Ljava/util/HashMap$Node;ILjava/lang/Object;Ljava/lang/Object;)Ljava/util/HashMap$TreeNode; 17 33 3 0 0
ciMethod java/util/HashMap$TreeNode removeTreeNode (Ljava/util/HashMap;[Ljava/util/HashMap$Node;Z)V 9 1 1 0 -1
ciMethod java/util/HashMap$TreeNode split (Ljava/util/HashMap;[Ljava/util/HashMap$Node;II)V 17 153 4 0 -1
ciMethod java/util/HashMap$TreeNode balanceInsertion (Ljava/util/HashMap$TreeNode;Ljava/util/HashMap$TreeNode;)Ljava/util/HashMap$TreeNode; 417 249 52 0 -1
ciMethodData java/lang/String hashCode ()I 2 22417 orig 264 56 157 115 7 0 0 0 0 0 80 143 5 0 0 0 0 152 1 0 0 32 0 0 0 0 0 0 0 0 0 0 0 0 0 0 0 0 0 0 0 0 0 0 0 0 0 0 0 0 0 0 0 0 0 0 0 0 0 0 0 0 0 0 0 0 0 0 0 0 0 0 0 0 0 0 0 0 0 0 0 77 68 79 32 101 120 116 114 97 32 100 97 116 97 32 108 111 99 107 0 0 0 0 0 0 0 0 0 0 0 0 0 0 0 0 0 0 0 0 0 0 0 0 0 0 0 0 0 0 0 0 0 0 0 0 0 0 0 0 0 0 0 0 0 0 0 0 0 0 0 0 0 0 0 0 0 0 0 0 0 0 0 0 0 0 0 0 0 0 0 0 0 0 0 0 0 0 0 0 0 0 0 0 0 1 0 0 0 0 0 0 0 0 0 0 0 0 0 0 0 1 0 0 0 0 0 0 0 0 0 0 0 0 0 0 0 0 16 0 0 185 21 0 0 137 60 2 0 0 0 0 0 0 0 0 0 2 0 0 0 1 0 11 0 2 0 0 0 120 0 0 0 255 255 255 255 7 0 6 0 0 0 0 0 data 15 0x60007 0xff 0x78 0x1b8 0xe0007 0x4 0x58 0x1b4 0x1e0007 0x1b4 0x38 0x4753 0x2d0003 0x4753 0xffffffffffffffe0 oops 0
ciMethodData java/util/Arrays copyOfRange ([CII)[C 2 5616 orig 264 56 157 115 7 0 0 0 0 16 165 160 5 0 0 0 0 120 2 0 0 240 0 0 0 0 0 0 0 0 0 0 0 0 0 0 0 0 0 0 0 0 0 0 0 0 0 0 0 0 0 0 0 0 0 0 0 0 0 0 0 0 0 0 0 0 0 0 0 0 0 0 0 0 0 0 0 0 0 0 0 77 68 79 32 101 120 116 114 97 32 100 97 116 97 32 108 111 99 107 0 0 0 0 0 0 0 0 0 0 0 0 0 0 0 0 0 0 0 0 0 0 0 0 0 0 0 0 0 0 0 0 0 0 0 0 0 0 0 0 0 0 0 0 0 0 0 0 0 0 0 0 0 0 0 0 0 0 0 0 0 0 0 0 0 0 0 0 0 0 0 0 0 0 0 0 0 0 0 0 0 0 0 0 0 29 0 0 0 0 0 0 0 0 0 0 0 0 0 0 0 0 0 0 0 0 0 0 0 0 0 0 0 0 0 0 0 207 1 0 0 9 161 0 0 1 0 0 0 0 0 0 0 0 0 0 0 2 0 0 0 0 0 9 0 2 0 0 0 32 1 0 0 255 255 255 255 7 0 5 0 0 0 0 0 data 36 0x50007 0x1421 0x100 0x0 0x100002 0x0 0x140005 0x0 0x0 0x0 0x0 0x0 0x190005 0x0 0x0 0x0 0x0 0x0 0x1d0005 0x0 0x0 0x0 0x0 0x0 0x200005 0x0 0x0 0x0 0x0 0x0 0x230002 0x0 0x360002 0x1421 0x390002 0x1421 oops 0
ciMethodData java/lang/String <init> ([CII)V 2 5880 orig 264 56 157 115 7 0 0 0 0 160 49 143 5 0 0 0 0 80 2 0 0 208 0 0 0 0 0 0 0 0 0 0 0 0 0 0 0 0 0 0 0 0 0 0 0 0 0 0 0 0 0 0 0 0 0 0 0 0 0 0 0 0 0 0 0 0 0 0 0 0 0 0 0 0 0 0 0 0 0 0 0 77 68 79 32 101 120 116 114 97 32 100 97 116 97 32 108 111 99 107 0 0 0 0 0 0 0 0 0 0 0 0 0 0 0 0 0 0 0 0 0 0 0 0 0 0 0 0 0 0 0 0 0 0 0 0 0 0 0 0 0 0 0 0 0 0 0 0 0 0 0 0 0 0 0 0 0 0 0 0 0 0 0 0 0 0 0 0 0 0 0 0 0 0 0 0 0 0 0 0 0 0 0 0 0 25 0 0 0 0 0 0 0 0 0 0 0 0 0 0 0 1 0 0 0 0 0 0 0 0 0 0 0 0 0 0 0 177 1 0 0 57 170 0 0 1 0 0 0 0 0 0 0 0 0 0 0 2 0 0 0 0 0 14 0 2 0 0 0 240 0 0 0 255 255 255 255 2 0 1 0 0 0 0 0 data 30 0x10002 0x1547 0x50007 0x1547 0x30 0x0 0xd0002 0x0 0x120007 0x153d 0x70 0xa 0x160007 0xa 0x30 0x0 0x1e0002 0x0 0x250007 0x0 0x20 0xa 0x370007 0x153d 0x30 0x0 0x410002 0x0 0x4b0002 0x153d oops 0
ciMethodData java/util/HashMap hash (Ljava/lang/Object;)I 2 298362 orig 264 56 157 115 7 0 0 0 0 248 141 157 5 0 0 0 0 176 1 0 0 0 0 0 0 0 0 0 0 0 0 0 0 0 0 0 0 0 0 0 0 0 0 0 0 0 0 0 0 0 0 0 0 0 0 0 0 0 0 0 0 0 0 0 0 0 0 0 0 0 0 0 0 0 0 0 0 0 0 0 0 77 68 79 32 101 120 116 114 97 32 100 97 116 97 32 108 111 99 107 0 0 0 0 0 0 0 0 0 0 0 0 0 0 0 0 0 0 0 0 0 0 0 0 0 0 0 0 0 0 0 0 0 0 0 0 0 0 0 0 0 0 0 0 0 1 0 0 0 1 0 0 0 0 0 0 0 0 0 0 0 0 0 0 0 0 0 0 0 0 0 0 0 0 0 0 0 0 0 0 3 0 0 0 0 17 0 0 0 0 0 0 0 0 0 0 0 0 0 0 0 0 0 0 0 0 0 0 0 0 0 0 0 0 0 0 0 212 1 0 0 49 93 36 0 1 0 0 0 80 127 0 0 0 0 0 0 2 0 0 0 0 0 6 0 2 0 0 0 104 0 0 0 255 255 255 255 7 224 1 0 0 0 0 0 data 13 0x1e007 0x48b70 0x38 0x39 0x50003 0x39 0x48 0x90005 0x1bedf 0x61c3820 0x29bd1 0x5cf910e0 0x2c95 oops 2 9 java/lang/String 11 java/util/jar/Attributes$Name
ciMethodData java/util/HashMap getNode (ILjava/lang/Object;)Ljava/util/HashMap$Node; 2 18777 orig 264 56 157 115 7 0 0 0 0 168 151 157 5 0 0 0 0 8 4 0 0 160 0 0 0 0 0 0 0 0 0 0 0 0 0 0 0 0 0 0 0 0 0 0 0 0 0 0 0 0 0 0 0 0 0 0 0 0 0 0 0 0 0 0 0 0 0 0 0 0 0 0 0 0 0 0 0 0 0 0 0 77 68 79 32 101 120 116 114 97 32 100 97 116 97 32 108 111 99 107 0 0 0 0 0 0 0 0 0 0 0 0 0 0 0 0 0 0 0 0 0 0 0 0 0 0 0 0 0 0 0 0 0 0 0 0 0 0 0 0 0 0 0 0 0 2 0 0 0 0 0 0 0 0 0 0 0 0 0 0 0 0 0 0 0 0 0 0 0 0 0 0 0 0 0 0 0 0 0 0 3 0 0 0 0 17 0 0 0 0 0 0 0 0 0 0 0 0 0 0 0 1 0 0 0 0 0 0 0 0 0 0 0 0 0 0 0 52 1 0 0 41 65 2 0 217 21 0 0 6 44 0 0 184 1 0 0 2 0 0 0 1 0 37 0 2 0 0 0 176 2 0 0 255 255 255 255 7 0 6 0 0 0 0 0 data 86 0x60007 0xaa6 0x2b0 0x3d7f 0xe0007 0x0 0x290 0x3d7f 0x1c0007 0x1422 0x270 0x295d 0x250007 0xd5f 0xb0 0x1bfe 0x310007 0xb16 0x90 0x10e8 0x35e007 0x9 0x70 0x10e0 0x3b0005 0x705 0x56d115f0 0x322 0x61c3820 0x6b9 0x3ee007 0x6d 0x20 0x1075 0x4c0007 0x6ce 0x1a0 0x707 0x510004 0xfffffffffffff8f9 0x5cf8da60 0x43 0x5e5ce030 0x3 0x540007 0x707 0x80 0x0 0x590004 0x0 0x0 0x0 0x0 0x0 0x5e0005 0x0 0x0 0x0 0x0 0x0 0x680007 0x2c4 0xb0 0x565 0x740007 0x15f 0x90 0x406 0x780007 0x0 0x70 0x406 0x7e0005 0x1b1 0x61c3820 0x1ce 0x5cf910e0 0x87 0x810007 0x1 0x20 0x405 0x8f0007 0x122 0xffffffffffffff50 0x1a3 oops 6 26 java/security/CodeSource 28 java/lang/String 40 java/util/HashMap$Node 42 java/util/LinkedHashMap$Entry 74 java/lang/String 76 java/util/jar/Attributes$Name
ciMethodData java/util/HashMap put (Ljava/lang/Object;Ljava/lang/Object;)Ljava/lang/Object; 2 112802 orig 264 56 157 115 7 0 0 0 0 232 152 157 5 0 0 0 0 152 1 0 0 0 0 0 0 0 0 0 0 0 0 0 0 0 0 0 0 0 0 0 0 0 0 0 0 0 0 0 0 0 0 0 0 0 0 0 0 0 0 0 0 0 0 0 0 0 0 0 0 0 0 0 0 0 0 0 0 0 0 0 0 77 68 79 32 101 120 116 114 97 32 100 97 116 97 32 108 111 99 107 0 0 0 0 0 0 0 0 0 0 0 0 0 0 0 0 0 0 0 0 0 0 0 0 0 0 0 0 0 0 0 0 0 0 0 0 0 0 0 0 0 0 0 0 0 3 0 0 0 0 0 0 0 0 0 0 0 0 0 0 0 0 0 0 0 0 0 0 0 0 0 0 0 0 0 0 0 0 0 0 0 0 0 0 0 17 0 0 0 0 0 0 0 0 0 0 0 0 0 0 0 0 0 0 0 0 0 0 0 0 0 0 0 0 0 0 0 159 0 0 0 25 192 13 0 1 0 0 0 36 57 0 0 0 0 0 0 2 0 0 0 0 0 7 0 2 0 0 0 64 0 0 0 255 255 255 255 2 0 2 0 0 0 0 0 data 8 0x20002 0x1b803 0x90005 0x518 0x5835f3d0 0xab39 0x5835fdb0 0x107b3 oops 2 4 java/util/LinkedHashMap 6 java/util/HashMap
ciMethodData java/util/HashMap putVal (ILjava/lang/Object;Ljava/lang/Object;ZZ)Ljava/lang/Object; 2 45348 orig 264 56 157 115 7 0 0 0 0 200 154 157 5 0 0 0 0 176 6 0 0 232 2 0 0 0 0 0 0 0 0 0 0 0 0 0 0 0 0 0 0 0 0 0 0 0 0 0 0 0 0 0 0 0 0 0 0 0 0 0 0 0 0 0 0 0 0 0 0 0 0 0 0 0 0 0 0 0 0 0 0 77 68 79 32 101 120 116 114 97 32 100 97 116 97 32 108 111 99 107 0 0 0 0 0 0 0 0 0 0 0 0 0 0 0 0 0 0 0 0 0 0 0 0 0 0 0 0 0 0 0 0 0 0 0 0 0 0 0 0 0 0 0 0 0 4 0 0 0 1 0 0 0 0 0 0 0 0 0 0 0 0 0 0 0 1 0 0 8 0 0 0 0 0 0 0 0 0 0 0 3 0 0 0 0 0 0 0 0 0 0 0 0 0 0 0 0 0 0 0 0 0 0 0 0 0 0 0 0 0 0 0 0 0 0 0 0 162 0 0 0 17 132 5 0 201 107 0 0 211 57 0 0 18 3 0 0 2 0 0 0 1 0 50 0 2 0 0 0 64 5 0 0 255 255 255 255 7 0 7 0 0 0 0 0 data 168 0x70007 0x2dbd 0x40 0x82c5 0x100007 0x82c5 0x50 0x0 0x140005 0x95 0x5835f3d0 0xa05 0x5835fdb0 0x2323 0x2c0007 0x36ae 0x98 0x79d4 0x380005 0x3d 0x5835f3d0 0x2215 0x5835fdb0 0x5782 0x3b0004 0x0 0x5e5ce030 0x2231 0x5cf8da60 0x57a3 0x3c0003 0x79d4 0x3d0 0x450007 0x2b6c 0xc8 0xb42 0x510007 0x590 0x90 0x5b2 0x55e007 0x9 0x88 0x5aa 0x5bf005 0x512 0x56d11200 0x3d 0x61c3820 0x60 0x5e0007 0x1df 0x38 0x3d0 0x650003 0x960 0x278 0x6a0004 0xffffffffffffd2af 0x5cf8da60 0x83 0x5e5ce030 0xad 0x6d0007 0x2d51 0x98 0x3 0x720004 0x0 0x5e5cc3e0 0x3 0x0 0x0 0x7b0005 0x2 0x5e5cc3e0 0x1 0x0 0x0 0x800003 0x3 0x1b0 0x8e0007 0xf04 0xb8 0x2bc6 0x980005 0x29 0x5835fdb0 0x1d10 0x5835f3d0 0xe8d 0xa2e007 0x2bc0 0x148 0x8 0xa90005 0x6 0x5835f3d0 0x2 0x0 0x0 0xac0003 0x8 0xf8 0xb50007 0xbd8 0xc8 0x32c 0xc10007 0xcb 0xc0 0x261 0xc50007 0x0 0x88 0x261 0xcb7005 0x237 0x56d11200 0x12 0x61c3820 0x1a 0xce0007 0x1a1 0x38 0xc2 0xd10003 0xc2 0x30 0xdb0003 0xd79 0xfffffffffffffe80 0xe00007 0x2bcb 0x90 0xaed 0xec0007 0xa67 0x40 0x86 0xf10007 0x86 0x20 0x0 0xfdf005 0x6a 0x5835fdb0 0x916 0x5835f3d0 0x16f 0x11c0007 0xa211 0x50 0x38e 0x1200005 0x1e 0x5835f3d0 0x173 0x5835fdb0 0x1fd 0x1270005 0x66 0x5835f3d0 0x30a7 0x5835fdb0 0x7492 oops 23