#
# There is insufficient memory for the Java Runtime Environment to continue.
# Native memory allocation (malloc) failed to allocate 693456 bytes for Chunk::new
# Possible reasons:
#   The system is out of physical RAM or swap space
#   In 32 bit mode, the process size limit was hit
# Possible solutions:
#   Reduce memory load on the system
#   Increase physical memory or swap space
#   Check if swap backing store is full
#   Use 64 bit Java on a 64 bit OS
#   Decrease Java heap size (-Xmx/-Xms)
#   Decrease number of Java threads
#   Decrease Java thread stack sizes (-Xss)
#   Set larger code cache with -XX:ReservedCodeCacheSize=
# This output file may be truncated or incomplete.
#
#  Out of Memory Error (allocation.cpp:390), pid=12908, tid=0x0000000000003650
#
# JRE version: Java(TM) SE Runtime Environment (8.0_144-b01) (build 1.8.0_144-b01)
# Java VM: Java HotSpot(TM) 64-Bit Server VM (25.144-b01 mixed mode windows-amd64 compressed oops)
# Failed to write core dump. Minidumps are not enabled by default on client versions of Windows
#

---------------  T H R E A D  ---------------

Current thread (0x00000000563cf000):  JavaThread "C2 CompilerThread1" daemon [_thread_in_native, id=13904, stack(0x0000000056c70000,0x0000000056d70000)]

Stack: [0x0000000056c70000,0x0000000056d70000]
[error occurred during error reporting (printing stack bounds), id 0xc0000005]

Native frames: (J=compiled Java code, j=interpreted, Vv=VM code, C=native code)


Current CompileTask:
C2:   1645 1681   !   4       com.android.dx.cf.code.BytecodeArray::parseInstruction (2796 bytes)


---------------  P R O C E S S  ---------------

Java Threads: ( => current thread )
  0x00000000566c7000 JavaThread "pool-1-thread-4" [_thread_blocked, id=12524, stack(0x00000000580d0000,0x00000000581d0000)]
  0x00000000566c6800 JavaThread "pool-1-thread-3" [_thread_blocked, id=10116, stack(0x0000000057f50000,0x0000000058050000)]
  0x00000000566c5800 JavaThread "pool-1-thread-2" [_thread_blocked, id=16128, stack(0x0000000057de0000,0x0000000057ee0000)]
  0x0000000056708000 JavaThread "pool-2-thread-1" [_thread_blocked, id=4388, stack(0x0000000057cd0000,0x0000000057dd0000)]
  0x0000000056691800 JavaThread "pool-1-thread-1" [_thread_blocked, id=16524, stack(0x0000000057140000,0x0000000057240000)]
  0x00000000563d5800 JavaThread "Service Thread" daemon [_thread_blocked, id=6988, stack(0x0000000056fa0000,0x00000000570a0000)]
  0x00000000563d1000 JavaThread "C1 CompilerThread2" daemon [_thread_blocked, id=13468, stack(0x0000000056d80000,0x0000000056e80000)]
=>0x00000000563cf000 JavaThread "C2 CompilerThread1" daemon [_thread_in_native, id=13904, stack(0x0000000056c70000,0x0000000056d70000)]
  0x00000000563ba800 JavaThread "C2 CompilerThread0" daemon [_thread_in_native, id=4144, stack(0x0000000056950000,0x0000000056a50000)]
  0x0000000054f21000 JavaThread "Attach Listener" daemon [_thread_blocked, id=10436, stack(0x0000000056b00000,0x0000000056c00000)]
  0x0000000054f2f000 JavaThread "Signal Dispatcher" daemon [_thread_blocked, id=6496, stack(0x0000000056850000,0x0000000056950000)]
  0x0000000054f09800 JavaThread "Finalizer" daemon [_thread_blocked, id=4720, stack(0x00000000561a0000,0x00000000562a0000)]
  0x0000000054ec2800 JavaThread "Reference Handler" daemon [_thread_blocked, id=12132, stack(0x00000000562b0000,0x00000000563b0000)]
  0x0000000002298000 JavaThread "main" [_thread_blocked, id=4604, stack(0x00000000025b0000,0x00000000026b0000)]

Other Threads:
  0x0000000054ebb000 VMThread [stack: 0x0000000055fd0000,0x00000000560d0000] [id=15436]
  0x000000005648a800 WatcherThread [stack: 0x0000000057250000,0x0000000057350000] [id=7840]

VM state:not at safepoint (normal execution)

VM Mutex/Monitor currently owned by a thread: None

Heap:
 PSYoungGen      total 95744K, used 77498K [0x00000000eab00000, 0x00000000f1580000, 0x0000000100000000)
  eden space 82432K, 94% used [0x00000000eab00000,0x00000000ef6ae9e0,0x00000000efb80000)
  from space 13312K, 0% used [0x00000000f0880000,0x00000000f0880000,0x00000000f1580000)
  to   space 13312K, 80% used [0x00000000efb80000,0x00000000f0604ad8,0x00000000f0880000)
 ParOldGen       total 218624K, used 8K [0x00000000c0000000, 0x00000000cd580000, 0x00000000eab00000)
  object space 218624K, 0% used [0x00000000c0000000,0x00000000c0002000,0x00000000cd580000)
 Metaspace       used 6422K, capacity 7192K, committed 7424K, reserved 1056768K
  class space    used 640K, capacity 656K, committed 768K, reserved 1048576K

Card table byte_map: [0x0000000011a70000,0x0000000011c80000] byte_map_base: 0x0000000011470000

Marking Bits: (ParMarkBitMap*) 0x000000007062d850
 Begin Bits: [0x0000000012330000, 0x0000000013330000)
 End Bits:   [0x0000000013330000, 0x0000000014330000)

Polling page: 0x0000000000240000

CodeCache: size=245760Kb used=7295Kb max_used=7295Kb free=238464Kb
 bounds [0x00000000026b0000, 0x0000000002de0000, 0x00000000116b0000]
 total_blobs=1980 nmethods=1713 adapters=180
 compilation: enabled

Compilation events (10 events):
Event: 1.623 Thread 0x00000000563d1000 1709       3       com.android.dx.rop.code.RegisterSpecList::indexOfRegister (38 bytes)
Event: 1.623 Thread 0x00000000563d1000 nmethod 1709 0x0000000002dc6690 code [0x0000000002dc6820, 0x0000000002dc6e68]
Event: 1.623 Thread 0x00000000563d1000 1710       1       com.android.dx.rop.cst.CstKnownNull::getType (4 bytes)
Event: 1.623 Thread 0x00000000563d1000 nmethod 1710 0x0000000002da4dd0 code [0x0000000002da4f20, 0x0000000002da5030]
Event: 1.626 Thread 0x00000000563d1000 1711       3       com.android.dx.ssa.SsaBasicBlock::getLiveOutRegs (26 bytes)
Event: 1.626 Thread 0x00000000563d1000 nmethod 1711 0x0000000002dc7050 code [0x0000000002dc71e0, 0x0000000002dc7768]
Event: 1.630 Thread 0x00000000563d1000 1712       3       sun.misc.Unsafe::getAndAddInt (27 bytes)
Event: 1.630 Thread 0x00000000563d1000 nmethod 1712 0x0000000002dc7a10 code [0x0000000002dc7b80, 0x0000000002dc7d90]
Event: 1.631 Thread 0x00000000563d1000 1714       3       java.util.concurrent.locks.AbstractQueuedSynchronizer$Node::predecessor (19 bytes)
Event: 1.631 Thread 0x00000000563d1000 nmethod 1714 0x0000000002dc8210 code [0x0000000002dc8380, 0x0000000002dc85c8]

GC Heap History (0 events):
No events

Deoptimization events (10 events):
Event: 1.023 Thread 0x0000000056691800 Uncommon trap: reason=class_check action=maybe_recompile pc=0x0000000002a14564 method=java.util.HashMap.getNode(ILjava/lang/Object;)Ljava/util/HashMap$Node; @ 126
Event: 1.102 Thread 0x0000000056691800 Uncommon trap: reason=unstable_if action=reinterpret pc=0x0000000002a4c3d8 method=com.android.dx.rop.code.LocalItem.compareHandlesNulls(Lcom/android/dx/rop/cst/CstString;Lcom/android/dx/rop/cst/CstString;)I @ 8
Event: 1.102 Thread 0x0000000056691800 Uncommon trap: reason=unstable_if action=reinterpret pc=0x0000000002a73aa4 method=com.android.dx.rop.code.LocalItem.compareHandlesNulls(Lcom/android/dx/rop/cst/CstString;Lcom/android/dx/rop/cst/CstString;)I @ 8
Event: 1.102 Thread 0x0000000056691800 Uncommon trap: reason=unstable_if action=reinterpret pc=0x0000000002bc66e8 method=com.android.dx.rop.code.LocalItem.compareHandlesNulls(Lcom/android/dx/rop/cst/CstString;Lcom/android/dx/rop/cst/CstString;)I @ 8
Event: 1.470 Thread 0x0000000056691800 Uncommon trap: reason=unstable_if action=reinterpret pc=0x0000000002ce6dfc method=com.android.dx.ssa.SCCP.simulateStmt(Lcom/android/dx/ssa/SsaInsn;)V @ 59
Event: 1.579 Thread 0x0000000056691800 Uncommon trap: reason=bimorphic action=maybe_recompile pc=0x0000000002c70bf4 method=com.android.dx.cf.code.BytecodeArray.parseInstruction(ILcom/android/dx/cf/code/BytecodeArray$Visitor;)I @ 1130
Event: 1.579 Thread 0x0000000056691800 Uncommon trap: reason=bimorphic action=maybe_recompile pc=0x0000000002c70824 method=com.android.dx.cf.code.BytecodeArray.parseInstruction(ILcom/android/dx/cf/code/BytecodeArray$Visitor;)I @ 907
Event: 1.579 Thread 0x0000000056691800 Uncommon trap: reason=bimorphic action=maybe_recompile pc=0x0000000002c70bf4 method=com.android.dx.cf.code.BytecodeArray.parseInstruction(ILcom/android/dx/cf/code/BytecodeArray$Visitor;)I @ 1130
Event: 1.579 Thread 0x0000000056691800 Uncommon trap: reason=bimorphic action=maybe_recompile pc=0x0000000002c708a4 method=com.android.dx.cf.code.BytecodeArray.parseInstruction(ILcom/android/dx/cf/code/BytecodeArray$Visitor;)I @ 923
Event: 1.579 Thread 0x0000000056691800 Uncommon trap: reason=bimorphic action=maybe_recompile pc=0x0000000002c70bf4 method=com.android.dx.cf.code.BytecodeArray.parseInstruction(ILcom/android/dx/cf/code/BytecodeArray$Visitor;)I @ 1130

Internal exceptions (10 events):
Event: 0.067 Thread 0x0000000002298000 Exception <a 'java/lang/NoSuchMethodError': Method sun.misc.Unsafe.defineClass(Ljava/lang/String;[BII)Ljava/lang/Class; name or signature does not match> (0x00000000eab07ca8) thrown at [C:\re\workspace\8-2-build-windows-amd64-cygwin\jdk8u144\9417\hotspot\
Event: 0.068 Thread 0x0000000002298000 Exception <a 'java/lang/NoSuchMethodError': Method sun.misc.Unsafe.prefetchRead(Ljava/lang/Object;J)V name or signature does not match> (0x00000000eab07f90) thrown at [C:\re\workspace\8-2-build-windows-amd64-cygwin\jdk8u144\9417\hotspot\src\share\vm\prims
Event: 0.629 Thread 0x00000000566c6800 Implicit null exception at 0x0000000002990ab2 to 0x0000000002992951
Event: 0.629 Thread 0x00000000566c6800 Implicit null exception at 0x000000000295dc52 to 0x000000000295fe75
Event: 1.020 Thread 0x0000000056691800 Exception <a 'java/lang/ArrayIndexOutOfBoundsException': 18> (0x00000000ed93ccd0) thrown at [C:\re\workspace\8-2-build-windows-amd64-cygwin\jdk8u144\9417\hotspot\src\share\vm\interpreter\interpreterRuntime.cpp, line 366]
Event: 1.020 Thread 0x0000000056691800 Exception <a 'java/lang/ArrayIndexOutOfBoundsException'> (0x00000000ed93e850) thrown at [C:\re\workspace\8-2-build-windows-amd64-cygwin\jdk8u144\9417\hotspot\src\share\vm\runtime\sharedRuntime.cpp, line 605]
Event: 1.020 Thread 0x0000000056691800 Exception <a 'java/lang/ArrayIndexOutOfBoundsException'> (0x00000000ed93fb38) thrown at [C:\re\workspace\8-2-build-windows-amd64-cygwin\jdk8u144\9417\hotspot\src\share\vm\runtime\sharedRuntime.cpp, line 605]
Event: 1.102 Thread 0x0000000056691800 Implicit null exception at 0x0000000002a4c216 to 0x0000000002a4c3c5
Event: 1.102 Thread 0x0000000056691800 Implicit null exception at 0x0000000002a7358c to 0x0000000002a73a7d
Event: 1.102 Thread 0x0000000056691800 Implicit null exception at 0x0000000002bc4fa3 to 0x0000000002bc66b5

Events (10 events):
Event: 1.579 Thread 0x0000000056691800 DEOPT PACKING pc=0x0000000002c70bf4 sp=0x000000005723ea70
Event: 1.579 Thread 0x0000000056691800 DEOPT UNPACKING pc=0x00000000026f582a sp=0x000000005723ea08 mode 2
Event: 1.579 Thread 0x0000000056691800 Uncommon trap: trap_request=0xffffffc6 fr.pc=0x0000000002c708a4
Event: 1.579 Thread 0x0000000056691800 DEOPT PACKING pc=0x0000000002c708a4 sp=0x000000005723ea70
Event: 1.579 Thread 0x0000000056691800 DEOPT UNPACKING pc=0x00000000026f582a sp=0x000000005723ea08 mode 2
Event: 1.579 Thread 0x0000000056691800 Uncommon trap: trap_request=0xffffffc6 fr.pc=0x0000000002c70bf4
Event: 1.579 Thread 0x0000000056691800 DEOPT PACKING pc=0x0000000002c70bf4 sp=0x000000005723ea70
Event: 1.579 Thread 0x0000000056691800 DEOPT UNPACKING pc=0x00000000026f582a sp=0x000000005723ea08 mode 2
Event: 1.615 loading class com/android/dx/cf/code/SwitchList
Event: 1.615 loading class com/android/dx/cf/code/SwitchList done


Dynamic libraries:
0x000000013f5a0000 - 0x000000013f5d7000 	C:\Program Files\Java\jdk1.8.0_144\bin\java.exe
0x0000000077930000 - 0x0000000077acf000 	C:\Windows\SYSTEM32\ntdll.dll
0x0000000077810000 - 0x000000007792f000 	C:\Windows\system32\kernel32.dll
0x000007fefd900000 - 0x000007fefd96a000 	C:\Windows\system32\KERNELBASE.dll
0x000007fefe830000 - 0x000007fefe90b000 	C:\Windows\system32\ADVAPI32.dll
0x000007fefe310000 - 0x000007fefe3af000 	C:\Windows\system32\msvcrt.dll
0x000007fefe2f0000 - 0x000007fefe30f000 	C:\Windows\SYSTEM32\sechost.dll
0x000007fefdb90000 - 0x000007fefdcbd000 	C:\Windows\system32\RPCRT4.dll
0x0000000077710000 - 0x000000007780a000 	C:\Windows\system32\USER32.dll
0x000007fefdb20000 - 0x000007fefdb87000 	C:\Windows\system32\GDI32.dll
0x000007fefe0d0000 - 0x000007fefe0de000 	C:\Windows\system32\LPK.dll
0x000007fefea20000 - 0x000007fefeaeb000 	C:\Windows\system32\USP10.dll
0x000007fefbd80000 - 0x000007fefbf74000 	C:\Windows\WinSxS\amd64_microsoft.windows.common-controls_6595b64144ccf1df_6.0.7601.18837_none_fa3b1e3d17594757\COMCTL32.dll
0x000007fefe7b0000 - 0x000007fefe821000 	C:\Windows\system32\SHLWAPI.dll
0x000007fefdcc0000 - 0x000007fefdcee000 	C:\Windows\system32\IMM32.DLL
0x000007fefe910000 - 0x000007fefea19000 	C:\Windows\system32\MSCTF.dll
0x00000000788f0000 - 0x00000000789c2000 	C:\Program Files\Java\jdk1.8.0_144\jre\bin\msvcr100.dll
0x000000006fe10000 - 0x00000000706ad000 	C:\Program Files\Java\jdk1.8.0_144\jre\bin\server\jvm.dll
0x000007fef90d0000 - 0x000007fef90d9000 	C:\Windows\system32\WSOCK32.dll
0x000007fefe2a0000 - 0x000007fefe2ed000 	C:\Windows\system32\WS2_32.dll
0x000007fefe450000 - 0x000007fefe458000 	C:\Windows\system32\NSI.dll
0x000007fefb730000 - 0x000007fefb76b000 	C:\Windows\system32\WINMM.dll
0x000007fefc770000 - 0x000007fefc77c000 	C:\Windows\system32\VERSION.dll
0x0000000077ad0000 - 0x0000000077ad7000 	C:\Windows\system32\PSAPI.DLL
0x0000000074050000 - 0x000000007405f000 	C:\Program Files\Java\jdk1.8.0_144\jre\bin\verify.dll
0x0000000061ad0000 - 0x0000000061af9000 	C:\Program Files\Java\jdk1.8.0_144\jre\bin\java.dll
0x000000005eb50000 - 0x000000005eb66000 	C:\Program Files\Java\jdk1.8.0_144\jre\bin\zip.dll
0x000007fefed20000 - 0x000007feffaaa000 	C:\Windows\system32\SHELL32.dll
0x000007fefdcf0000 - 0x000007fefdeef000 	C:\Windows\system32\ole32.dll
0x000007fefd760000 - 0x000007fefd76f000 	C:\Windows\system32\profapi.dll

VM Arguments:
jvm_args: -Djava.awt.headless=true -Xmx1024M -Dfile.encoding=GBK -Duser.country=CN -Duser.language=zh -Duser.variant 
java_command: com.android.dx.command.Main --dex --num-threads=4 --output D:\IonicDemo\RNProject\android\app\build\intermediates\transforms\preDex\release\58.jar --min-sdk-version 19 D:\IonicDemo\RNProject\android\app\build\intermediates\transforms\desugar\release\58.jar
java_class_path (initial): D:\Android\Sdk\build-tools\28.0.2\lib\dx.jar
Launcher Type: SUN_STANDARD

Environment Variables:
JAVA_HOME=C:\Program Files\Java\jdk1.8.0_144
CLASSPATH=D:\IonicDemo\RNProject\android\\gradle\wrapper\gradle-wrapper.jar
PATH=C:\Windows\system32;C:\Windows;C:\Windows\System32\Wbem;C:\Windows\System32\WindowsPowerShell\v1.0\;C:\Python27\;C:\Program Files (x86)\CodeAndWeb\TexturePacker\bin\;C:\Program Files\TortoiseSVN\bin\;D:\Apache-Subversion-1.9.7\bin\;C:\Program Files\Java\jdk1.8.0_144\bin\;C:\Program Files\Unity\Editor\;D:\Android\Sdk\platform-tools;C:\Python27\Scripts\;C:\Users\Administrator\AppData\Local\Programs\Python\Python36-32\Scripts\;C:\Program Files\Microsoft VS Code\bin\;D:\Program Files\WinRAR\;C:\Program Files\Git\mingw64\bin\;D:\Program Files (x86)\CodeAndWeb\TexturePacker\bin\;;C:\Program Files\Microsoft VS Code\bin;C:\Program Files\dotnet\;D:\cocos2d-x-3.13\tools\cocos2d-console\bin;D:\Program Files\nodejs\;D:\cocos2d-x-3.13\templates;D:\cocos2d-x-3.13\tools\cocos2d-console\bin;D:\;\tools\cocos2d-console\bin;\cocos2d-x-3.17\templates;cocos2d-x-3.17\cocos2d-x-3.17\tools\cocos2d-console\bin;cocos2d-x-3.13\templates;\Cocos2d-x-3.10\templates;C:\Program Files\Microsoft VS Code\bin;C:\Program Files\CMake\bin;C:\Users\Administrator\AppData\Roaming\npm;C:\Users\Administrator\AppData\Local\Programs\Fiddler;C:\Program Files (x86)\Egret\Egret Wing 3\bin
USERNAME=Administrator
OS=Windows_NT
PROCESSOR_IDENTIFIER=Intel64 Family 6 Model 94 Stepping 3, GenuineIntel



---------------  S Y S T E M  ---------------

OS: Windows 7 , 64 bit Build 7601 (6.1.7601.24354)

CPU:total 4 (initial active 4) (4 cores per cpu, 1 threads per core) family 6 model 94 stepping 3, cmov, cx8, fxsr, mmx, sse, sse2, sse3, ssse3, sse4.1, sse4.2, popcnt, avx, avx2, aes, clmul, erms, rtm, 3dnowpref, lzcnt, tsc, tscinvbit, bmi1, bmi2, adx

Memory: 4k page, physical 20900232k(4300088k free), swap 20898328k(8228k free)

vm_info: Java HotSpot(TM) 64-Bit Server VM (25.144-b01) for windows-amd64 JRE (1.8.0_144-b01), built on Jul 21 2017 21:57:33 by "java_re" with MS VC++ 10.0 (VS2010)

time: Mon Mar 04 17:03:09 2019
elapsed time: 1 seconds (0d 0h 0m 1s)

