#
# There is insufficient memory for the Java Runtime Environment to continue.
# Native memory allocation (malloc) failed to allocate 65552 bytes for Chunk::new
# Possible reasons:
#   The system is out of physical RAM or swap space
#   In 32 bit mode, the process size limit was hit
# Possible solutions:
#   Reduce memory load on the system
#   Increase physical memory or swap space
#   Check if swap backing store is full
#   Use 64 bit Java on a 64 bit OS
#   Decrease Java heap size (-Xmx/-Xms)
#   Decrease number of Java threads
#   Decrease Java thread stack sizes (-Xss)
#   Set larger code cache with -XX:ReservedCodeCacheSize=
# This output file may be truncated or incomplete.
#
#  Out of Memory Error (allocation.cpp:390), pid=13000, tid=0x0000000000003cc0
#
# JRE version: OpenJDK Runtime Environment (8.0_152-b01) (build 1.8.0_152-release-915-b01)
# Java VM: OpenJDK 64-Bit Server VM (25.152-b01 mixed mode windows-amd64 compressed oops)
# Failed to write core dump. Minidumps are not enabled by default on client versions of Windows
#

---------------  T H R E A D  ---------------

Current thread (0x0000000003baf000):  JavaThread "C2 CompilerThread0" daemon [_thread_in_native, id=15552, stack(0x0000000005490000,0x0000000005590000)]

Stack: [0x0000000005490000,0x0000000005590000]
[error occurred during error reporting (printing stack bounds), id 0xc0000005]

Native frames: (J=compiled Java code, j=interpreted, Vv=VM code, C=native code)


Current CompileTask:
C2:   1741 1096       4       org.objectweb.asm.MethodWriter::visitMethodInsn (228 bytes)


---------------  P R O C E S S  ---------------

Java Threads: ( => current thread )
  0x000000000508c000 JavaThread "Service Thread" daemon [_thread_blocked, id=9000, stack(0x0000000005a60000,0x0000000005b60000)]
  0x000000000508b800 JavaThread "C1 CompilerThread2" daemon [_thread_in_native, id=15000, stack(0x0000000005860000,0x0000000005960000)]
  0x000000000502f000 JavaThread "C2 CompilerThread1" daemon [_thread_in_native, id=11780, stack(0x0000000005760000,0x0000000005860000)]
=>0x0000000003baf000 JavaThread "C2 CompilerThread0" daemon [_thread_in_native, id=15552, stack(0x0000000005490000,0x0000000005590000)]
  0x000000000501b800 JavaThread "Attach Listener" daemon [_thread_blocked, id=5352, stack(0x0000000004c10000,0x0000000004d10000)]
  0x000000000501a800 JavaThread "Signal Dispatcher" daemon [_thread_blocked, id=9988, stack(0x0000000005590000,0x0000000005690000)]
  0x0000000003b8a000 JavaThread "Finalizer" daemon [_thread_blocked, id=212, stack(0x0000000004f10000,0x0000000005010000)]
  0x0000000003b43000 JavaThread "Reference Handler" daemon [_thread_blocked, id=10444, stack(0x0000000004d40000,0x0000000004e40000)]
  0x0000000002388000 JavaThread "main" [_thread_in_Java, id=12004, stack(0x0000000002610000,0x0000000002710000)]

Other Threads:
  0x0000000003b3b800 VMThread [stack: 0x0000000004af0000,0x0000000004bf0000] [id=15120]
  0x000000000508e800 WatcherThread [stack: 0x0000000005c40000,0x0000000005d40000] [id=6540]

VM state:not at safepoint (normal execution)

VM Mutex/Monitor currently owned by a thread: None

Heap:
 PSYoungGen      total 18944K, used 8513K [0x00000000feb00000, 0x0000000100000000, 0x0000000100000000)
  eden space 16384K, 36% used [0x00000000feb00000,0x00000000ff0d3b78,0x00000000ffb00000)
  from space 2560K, 99% used [0x00000000ffb00000,0x00000000ffd7cb58,0x00000000ffd80000)
  to   space 2560K, 0% used [0x00000000ffd80000,0x00000000ffd80000,0x0000000100000000)
 ParOldGen       total 44032K, used 5785K [0x00000000fc000000, 0x00000000feb00000, 0x00000000feb00000)
  object space 44032K, 13% used [0x00000000fc000000,0x00000000fc5a6520,0x00000000feb00000)
 Metaspace       used 7940K, capacity 8134K, committed 8192K, reserved 1056768K
  class space    used 905K, capacity 989K, committed 1024K, reserved 1048576K

Card table byte_map: [0x00000000003f0000,0x0000000000420000] byte_map_base: 0xffffffffffc10000

Marking Bits: (ParMarkBitMap*) 0x0000000007ff3950
 Begin Bits: [0x0000000002fb0000, 0x00000000030b0000)
 End Bits:   [0x00000000030b0000, 0x00000000031b0000)

Polling page: 0x00000000003c0000

CodeCache: size=245760Kb used=4154Kb max_used=4154Kb free=241605Kb
 bounds [0x0000000008070000, 0x0000000008490000, 0x0000000017070000]
 total_blobs=1431 nmethods=1097 adapters=248
 compilation: enabled

Compilation events (10 events):
Event: 1.734 Thread 0x0000000003baf000 nmethod 1092 0x000000000847af90 code [0x000000000847b0c0, 0x000000000847b138]
Event: 1.734 Thread 0x0000000003baf000 1097       4       org.objectweb.asm.tree.InsnNode::accept (14 bytes)
Event: 1.734 Thread 0x000000000508b800 1098       3       org.objectweb.asm.tree.MethodNode::accept (916 bytes)
Event: 1.735 Thread 0x0000000003baf000 nmethod 1097 0x0000000008475990 code [0x0000000008475ae0, 0x0000000008475bf8]
Event: 1.735 Thread 0x0000000003baf000 1096       4       org.objectweb.asm.MethodWriter::visitMethodInsn (228 bytes)
Event: 1.736 Thread 0x000000000508b800 nmethod 1098 0x000000000847c990 code [0x000000000847d0a0, 0x0000000008481ce8]
Event: 1.736 Thread 0x000000000508b800 1101       3       com.google.common.base.Preconditions::checkPositionIndex (8 bytes)
Event: 1.736 Thread 0x000000000508b800 nmethod 1101 0x000000000847c390 code [0x000000000847c520, 0x000000000847c818]
Event: 1.736 Thread 0x000000000508b800 1102       3       com.google.common.base.Preconditions::checkPositionIndex (25 bytes)
Event: 1.737 Thread 0x000000000508b800 nmethod 1102 0x000000000847be90 code [0x000000000847c000, 0x000000000847c298]

GC Heap History (6 events):
Event: 0.745 GC heap before
{Heap before GC invocations=1 (full 0):
 PSYoungGen      total 18944K, used 16384K [0x00000000feb00000, 0x0000000100000000, 0x0000000100000000)
  eden space 16384K, 100% used [0x00000000feb00000,0x00000000ffb00000,0x00000000ffb00000)
  from space 2560K, 0% used [0x00000000ffd80000,0x00000000ffd80000,0x0000000100000000)
  to   space 2560K, 0% used [0x00000000ffb00000,0x00000000ffb00000,0x00000000ffd80000)
 ParOldGen       total 44032K, used 0K [0x00000000fc000000, 0x00000000feb00000, 0x00000000feb00000)
  object space 44032K, 0% used [0x00000000fc000000,0x00000000fc000000,0x00000000feb00000)
 Metaspace       used 6631K, capacity 6804K, committed 7040K, reserved 1056768K
  class space    used 780K, capacity 824K, committed 896K, reserved 1048576K
Event: 0.780 GC heap after
Heap after GC invocations=1 (full 0):
 PSYoungGen      total 18944K, used 2552K [0x00000000feb00000, 0x0000000100000000, 0x0000000100000000)
  eden space 16384K, 0% used [0x00000000feb00000,0x00000000feb00000,0x00000000ffb00000)
  from space 2560K, 99% used [0x00000000ffb00000,0x00000000ffd7e020,0x00000000ffd80000)
  to   space 2560K, 0% used [0x00000000ffd80000,0x00000000ffd80000,0x0000000100000000)
 ParOldGen       total 44032K, used 1387K [0x00000000fc000000, 0x00000000feb00000, 0x00000000feb00000)
  object space 44032K, 3% used [0x00000000fc000000,0x00000000fc15afe0,0x00000000feb00000)
 Metaspace       used 6631K, capacity 6804K, committed 7040K, reserved 1056768K
  class space    used 780K, capacity 824K, committed 896K, reserved 1048576K
}
Event: 1.391 GC heap before
{Heap before GC invocations=2 (full 0):
 PSYoungGen      total 18944K, used 18936K [0x00000000feb00000, 0x0000000100000000, 0x0000000100000000)
  eden space 16384K, 100% used [0x00000000feb00000,0x00000000ffb00000,0x00000000ffb00000)
  from space 2560K, 99% used [0x00000000ffb00000,0x00000000ffd7e020,0x00000000ffd80000)
  to   space 2560K, 0% used [0x00000000ffd80000,0x00000000ffd80000,0x0000000100000000)
 ParOldGen       total 44032K, used 1387K [0x00000000fc000000, 0x00000000feb00000, 0x00000000feb00000)
  object space 44032K, 3% used [0x00000000fc000000,0x00000000fc15afe0,0x00000000feb00000)
 Metaspace       used 7746K, capacity 7942K, committed 8192K, reserved 1056768K
  class space    used 905K, capacity 989K, committed 1024K, reserved 1048576K
Event: 1.420 GC heap after
Heap after GC invocations=2 (full 0):
 PSYoungGen      total 18944K, used 2530K [0x00000000feb00000, 0x0000000100000000, 0x0000000100000000)
  eden space 16384K, 0% used [0x00000000feb00000,0x00000000feb00000,0x00000000ffb00000)
  from space 2560K, 98% used [0x00000000ffd80000,0x00000000ffff8b68,0x0000000100000000)
  to   space 2560K, 0% used [0x00000000ffb00000,0x00000000ffb00000,0x00000000ffd80000)
 ParOldGen       total 44032K, used 5550K [0x00000000fc000000, 0x00000000feb00000, 0x00000000feb00000)
  object space 44032K, 12% used [0x00000000fc000000,0x00000000fc56ba48,0x00000000feb00000)
 Metaspace       used 7746K, capacity 7942K, committed 8192K, reserved 1056768K
  class space    used 905K, capacity 989K, committed 1024K, reserved 1048576K
}
Event: 1.697 GC heap before
{Heap before GC invocations=3 (full 0):
 PSYoungGen      total 18944K, used 18914K [0x00000000feb00000, 0x0000000100000000, 0x0000000100000000)
  eden space 16384K, 100% used [0x00000000feb00000,0x00000000ffb00000,0x00000000ffb00000)
  from space 2560K, 98% used [0x00000000ffd80000,0x00000000ffff8b68,0x0000000100000000)
  to   space 2560K, 0% used [0x00000000ffb00000,0x00000000ffb00000,0x00000000ffd80000)
 ParOldGen       total 44032K, used 5550K [0x00000000fc000000, 0x00000000feb00000, 0x00000000feb00000)
  object space 44032K, 12% used [0x00000000fc000000,0x00000000fc56ba48,0x00000000feb00000)
 Metaspace       used 7905K, capacity 8070K, committed 8192K, reserved 1056768K
  class space    used 905K, capacity 989K, committed 1024K, reserved 1048576K
Event: 1.715 GC heap after
Heap after GC invocations=3 (full 0):
 PSYoungGen      total 18944K, used 2546K [0x00000000feb00000, 0x0000000100000000, 0x0000000100000000)
  eden space 16384K, 0% used [0x00000000feb00000,0x00000000feb00000,0x00000000ffb00000)
  from space 2560K, 99% used [0x00000000ffb00000,0x00000000ffd7cb58,0x00000000ffd80000)
  to   space 2560K, 0% used [0x00000000ffd80000,0x00000000ffd80000,0x0000000100000000)
 ParOldGen       total 44032K, used 5785K [0x00000000fc000000, 0x00000000feb00000, 0x00000000feb00000)
  object space 44032K, 13% used [0x00000000fc000000,0x00000000fc5a6520,0x00000000feb00000)
 Metaspace       used 7905K, capacity 8070K, committed 8192K, reserved 1056768K
  class space    used 905K, capacity 989K, committed 1024K, reserved 1048576K
}

Deoptimization events (10 events):
Event: 1.263 Thread 0x0000000002388000 Uncommon trap: reason=class_check action=maybe_recompile pc=0x000000000829575c method=com.google.common.collect.TransformedIterator.hasNext()Z @ 4
Event: 1.263 Thread 0x0000000002388000 Uncommon trap: reason=class_check action=maybe_recompile pc=0x000000000829e270 method=com.google.common.collect.TransformedIterator.next()Ljava/lang/Object; @ 5
Event: 1.263 Thread 0x0000000002388000 Uncommon trap: reason=class_check action=maybe_recompile pc=0x000000000829aa00 method=com.google.common.collect.Iterators$7.transform(Ljava/lang/Object;)Ljava/lang/Object; @ 5
Event: 1.263 Thread 0x0000000002388000 Uncommon trap: reason=class_check action=maybe_recompile pc=0x000000000829e270 method=com.google.common.collect.TransformedIterator.next()Ljava/lang/Object; @ 5
Event: 1.263 Thread 0x0000000002388000 Uncommon trap: reason=class_check action=maybe_recompile pc=0x000000000829aa00 method=com.google.common.collect.Iterators$7.transform(Ljava/lang/Object;)Ljava/lang/Object; @ 5
Event: 1.390 Thread 0x0000000002388000 Uncommon trap: reason=unstable_if action=reinterpret pc=0x0000000008347bc8 method=org.objectweb.asm.ClassReader.readUTF8(I[C)Ljava/lang/String; @ 7
Event: 1.487 Thread 0x0000000002388000 Uncommon trap: reason=unstable_if action=reinterpret pc=0x00000000082900f8 method=java.util.HashMap.putVal(ILjava/lang/Object;Ljava/lang/Object;ZZ)Ljava/lang/Object; @ 181
Event: 1.534 Thread 0x0000000002388000 Uncommon trap: reason=unstable_if action=reinterpret pc=0x00000000083b9e00 method=org.objectweb.asm.Item.a(Lorg/objectweb/asm/Item;)Z @ 251
Event: 1.634 Thread 0x0000000002388000 Uncommon trap: reason=unstable_if action=reinterpret pc=0x0000000008420758 method=java.io.BufferedOutputStream.write(I)V @ 9
Event: 1.654 Thread 0x0000000002388000 Uncommon trap: reason=unstable_if action=reinterpret pc=0x00000000083c5f04 method=org.objectweb.asm.Type.getArgumentsAndReturnSizes(Ljava/lang/String;)I @ 100

Classes redefined (0 events):
No events

Internal exceptions (10 events):
Event: 1.126 Thread 0x0000000002388000 Exception <a 'sun/nio/fs/WindowsException'> (0x00000000ff2852e0) thrown at [D:\src\AOSP-openjdk-cygwin\jdk8u\hotspot\src\share\vm\prims\jni.cpp, line 709]
Event: 1.128 Thread 0x0000000002388000 Exception <a 'sun/nio/fs/WindowsException'> (0x00000000ff28a748) thrown at [D:\src\AOSP-openjdk-cygwin\jdk8u\hotspot\src\share\vm\prims\jni.cpp, line 709]
Event: 1.242 Thread 0x0000000002388000 Exception <a 'sun/nio/fs/WindowsException'> (0x00000000ff737860) thrown at [D:\src\AOSP-openjdk-cygwin\jdk8u\hotspot\src\share\vm\prims\jni.cpp, line 709]
Event: 1.242 Thread 0x0000000002388000 Exception <a 'sun/nio/fs/WindowsException'> (0x00000000ff737de8) thrown at [D:\src\AOSP-openjdk-cygwin\jdk8u\hotspot\src\share\vm\prims\jni.cpp, line 709]
Event: 1.347 Thread 0x0000000002388000 Exception <a 'sun/nio/fs/WindowsException'> (0x00000000ff9d7c38) thrown at [D:\src\AOSP-openjdk-cygwin\jdk8u\hotspot\src\share\vm\prims\jni.cpp, line 709]
Event: 1.348 Thread 0x0000000002388000 Exception <a 'sun/nio/fs/WindowsException'> (0x00000000ff9d8140) thrown at [D:\src\AOSP-openjdk-cygwin\jdk8u\hotspot\src\share\vm\prims\jni.cpp, line 709]
Event: 1.361 Thread 0x0000000002388000 Exception <a 'sun/nio/fs/WindowsException'> (0x00000000ffa19cd0) thrown at [D:\src\AOSP-openjdk-cygwin\jdk8u\hotspot\src\share\vm\prims\jni.cpp, line 709]
Event: 1.361 Thread 0x0000000002388000 Exception <a 'sun/nio/fs/WindowsException'> (0x00000000ffa1a1d8) thrown at [D:\src\AOSP-openjdk-cygwin\jdk8u\hotspot\src\share\vm\prims\jni.cpp, line 709]
Event: 1.434 Thread 0x0000000002388000 Exception <a 'sun/nio/fs/WindowsException'> (0x00000000feb7fe98) thrown at [D:\src\AOSP-openjdk-cygwin\jdk8u\hotspot\src\share\vm\prims\jni.cpp, line 709]
Event: 1.434 Thread 0x0000000002388000 Exception <a 'sun/nio/fs/WindowsException'> (0x00000000feb803a0) thrown at [D:\src\AOSP-openjdk-cygwin\jdk8u\hotspot\src\share\vm\prims\jni.cpp, line 709]

Events (10 events):
Event: 1.652 Thread 0x0000000002388000 DEOPT UNPACKING pc=0x00000000080b75bf sp=0x000000000270ed40 mode 0
Event: 1.654 Thread 0x0000000002388000 Uncommon trap: trap_request=0xffffff65 fr.pc=0x00000000083c5f04
Event: 1.654 Thread 0x0000000002388000 DEOPT PACKING pc=0x00000000083c5f04 sp=0x000000000270e8e0
Event: 1.654 Thread 0x0000000002388000 DEOPT UNPACKING pc=0x00000000080b556a sp=0x000000000270e870 mode 2
Event: 1.665 Executing VM operation: ForceSafepoint
Event: 1.665 Executing VM operation: ForceSafepoint done
Event: 1.697 Executing VM operation: ParallelGCFailedAllocation
Event: 1.715 Executing VM operation: ParallelGCFailedAllocation done
Event: 1.734 Thread 0x0000000002388000 DEOPT PACKING pc=0x00000000083b09ee sp=0x000000000270ed00
Event: 1.734 Thread 0x0000000002388000 DEOPT UNPACKING pc=0x00000000080b75bf sp=0x000000000270eae0 mode 0


Dynamic libraries:
0x000000013fad0000 - 0x000000013fb01000 	D:\Program Files\Android\Android Studio\jre\bin\java.exe
0x00000000773b0000 - 0x000000007754f000 	C:\Windows\SYSTEM32\ntdll.dll
0x0000000077190000 - 0x00000000772af000 	C:\Windows\system32\kernel32.dll
0x000007fefd360000 - 0x000007fefd3ca000 	C:\Windows\system32\KERNELBASE.dll
0x000007feff570000 - 0x000007feff64b000 	C:\Windows\system32\ADVAPI32.dll
0x000007fefde50000 - 0x000007fefdeef000 	C:\Windows\system32\msvcrt.dll
0x000007fefe360000 - 0x000007fefe37f000 	C:\Windows\SYSTEM32\sechost.dll
0x000007fefe110000 - 0x000007fefe23d000 	C:\Windows\system32\RPCRT4.dll
0x00000000772b0000 - 0x00000000773aa000 	C:\Windows\system32\USER32.dll
0x000007fefdfd0000 - 0x000007fefe037000 	C:\Windows\system32\GDI32.dll
0x000007fefe350000 - 0x000007fefe35e000 	C:\Windows\system32\LPK.dll
0x000007fefe040000 - 0x000007fefe10b000 	C:\Windows\system32\USP10.dll
0x000007fefb7d0000 - 0x000007fefb9c4000 	C:\Windows\WinSxS\amd64_microsoft.windows.common-controls_6595b64144ccf1df_6.0.7601.18837_none_fa3b1e3d17594757\COMCTL32.dll
0x000007fefd8e0000 - 0x000007fefd951000 	C:\Windows\system32\SHLWAPI.dll
0x000007fefde20000 - 0x000007fefde4e000 	C:\Windows\system32\IMM32.DLL
0x000007fefe240000 - 0x000007fefe349000 	C:\Windows\system32\MSCTF.dll
0x000000005b200000 - 0x000000005b2d2000 	D:\Program Files\Android\Android Studio\jre\jre\bin\msvcr100.dll
0x0000000007830000 - 0x000000000806e000 	D:\Program Files\Android\Android Studio\jre\jre\bin\server\jvm.dll
0x000007fef8b50000 - 0x000007fef8b59000 	C:\Windows\system32\WSOCK32.dll
0x000007feff650000 - 0x000007feff69d000 	C:\Windows\system32\WS2_32.dll
0x000007feff380000 - 0x000007feff388000 	C:\Windows\system32\NSI.dll
0x000007fefb160000 - 0x000007fefb19b000 	C:\Windows\system32\WINMM.dll
0x000007fefc1f0000 - 0x000007fefc1fc000 	C:\Windows\system32\VERSION.dll
0x0000000077560000 - 0x0000000077567000 	C:\Windows\system32\PSAPI.DLL
0x000007fefbe00000 - 0x000007fefbe0f000 	D:\Program Files\Android\Android Studio\jre\jre\bin\verify.dll
0x000007feee2e0000 - 0x000007feee309000 	D:\Program Files\Android\Android Studio\jre\jre\bin\java.dll
0x000007feee2c0000 - 0x000007feee2d6000 	D:\Program Files\Android\Android Studio\jre\jre\bin\zip.dll
0x000007fefe590000 - 0x000007feff31a000 	C:\Windows\system32\SHELL32.dll
0x000007fefd6c0000 - 0x000007fefd8bf000 	C:\Windows\system32\ole32.dll
0x000007fefd1f0000 - 0x000007fefd1ff000 	C:\Windows\system32\profapi.dll
0x000007fefc990000 - 0x000007fefc9a8000 	C:\Windows\system32\CRYPTSP.dll
0x000007fefc690000 - 0x000007fefc6d7000 	C:\Windows\system32\rsaenh.dll
0x000007fefd580000 - 0x000007fefd59e000 	C:\Windows\system32\USERENV.dll
0x000007fefd080000 - 0x000007fefd08f000 	C:\Windows\system32\CRYPTBASE.dll
0x000007feee2a0000 - 0x000007feee2ba000 	D:\Program Files\Android\Android Studio\jre\jre\bin\net.dll
0x000007fefc120000 - 0x000007fefc136000 	C:\Windows\system32\PrxerDrv.dll
0x000007fefc930000 - 0x000007fefc985000 	C:\Windows\system32\mswsock.dll
0x000007fefc920000 - 0x000007fefc927000 	C:\Windows\System32\wship6.dll
0x000007fefb2d0000 - 0x000007fefb2f7000 	C:\Windows\system32\IPHLPAPI.DLL
0x000007fefa6b0000 - 0x000007fefa6bb000 	C:\Windows\system32\WINNSI.DLL
0x000007fef9660000 - 0x000007fef9671000 	C:\Windows\system32\dhcpcsvc6.DLL
0x000007fef95e0000 - 0x000007fef95f8000 	C:\Windows\system32\dhcpcsvc.DLL
0x000007feee280000 - 0x000007feee291000 	D:\Program Files\Android\Android Studio\jre\jre\bin\nio.dll

VM Arguments:
jvm_args: -Djava.awt.headless=true -Xmx64M -Dfile.encoding=GBK -Duser.country=CN -Duser.language=zh -Duser.variant 
java_command: com.google.devtools.build.android.desugar.Desugar @D:\IonicDemo\RNProject\android\app\build\intermediates\tmp\desugar_args2790543154295266045
java_class_path (initial): C:\Users\ADMINI~1\AppData\Local\Temp\desugar_deploy.jar4752780399227543267
Launcher Type: SUN_STANDARD

Environment Variables:
JAVA_HOME=C:\Program Files\Java\jdk1.8.0_144
CLASSPATH=.;C:\Program Files\Java\jdk1.8.0_144\lib;C:\Program Files\Java\jdk1.8.0_144\lib\tools.jar
PATH=C:\Windows\system32;C:\Windows;C:\Windows\System32\Wbem;C:\Windows\System32\WindowsPowerShell\v1.0\;C:\Python27\;C:\Program Files (x86)\CodeAndWeb\TexturePacker\bin\;C:\Program Files\TortoiseSVN\bin\;D:\Apache-Subversion-1.9.7\bin\;C:\Program Files\Java\jdk1.8.0_144\bin\;C:\Program Files\Unity\Editor\;D:\Android\Sdk\platform-tools;C:\Python27\Scripts\;C:\Users\Administrator\AppData\Local\Programs\Python\Python36-32\Scripts\;C:\Program Files\Microsoft VS Code\bin\;D:\Program Files\WinRAR\;C:\Program Files\Git\mingw64\bin\;D:\Program Files (x86)\CodeAndWeb\TexturePacker\bin\;;C:\Program Files\Microsoft VS Code\bin;C:\Program Files\dotnet\;D:\cocos2d-x-3.13\tools\cocos2d-console\bin;D:\Program Files\nodejs\;D:\cocos2d-x-3.13\templates;D:\cocos2d-x-3.13\tools\cocos2d-console\bin;D:\;\tools\cocos2d-console\bin;\cocos2d-x-3.17\templates;cocos2d-x-3.17\cocos2d-x-3.17\tools\cocos2d-console\bin;cocos2d-x-3.13\templates;\Cocos2d-x-3.10\templates;C:\Program Files\Microsoft VS Code\bin;C:\Program Files\CMake\bin;C:\Users\Administrator\AppData\Roaming\npm;C:\Users\Administrator\AppData\Local\Programs\Fiddler;C:\Program Files (x86)\Egret\Egret Wing 3\bin
USERNAME=Administrator
OS=Windows_NT
PROCESSOR_IDENTIFIER=Intel64 Family 6 Model 94 Stepping 3, GenuineIntel



---------------  S Y S T E M  ---------------

OS: Windows 7 , 64 bit Build 7601 (6.1.7601.24354)

CPU:total 4 (initial active 4) (4 cores per cpu, 1 threads per core) family 6 model 94 stepping 3, cmov, cx8, fxsr, mmx, sse, sse2, sse3, ssse3, sse4.1, sse4.2, popcnt, avx, avx2, aes, clmul, erms, rtm, 3dnowpref, lzcnt, tsc, tscinvbit, bmi1, bmi2, adx

Memory: 4k page, physical 20900232k(4490616k free), swap 20898328k(3472k free)

vm_info: OpenJDK 64-Bit Server VM (25.152-b01) for windows-amd64 JRE (1.8.0_152-release-915-b01), built by "builder" with MS VC++ 10.0 (VS2010)

time: Mon Feb 25 10:01:08 2019
elapsed time: 1 seconds (0d 0h 0m 1s)

